<?xml version="1.0" encoding="UTF-8" standalone="no"?><testsuite errors="0" failures="0" name="register" skipped="0" tests="5" time="46.26" timestamp="2023-05-10 12:50:04"><testcase name="user tidak bisa register karena nama email sudah terdaftar"/><testcase name="user tidak bisa register karena tidak input nama lengkap"/><testcase name="user tidak bisa register karena tidak input email"/><testcase name="user tidak bisa register karena tidak input password"/><testcase name="user bisa register"/></testsuite>