<?xml version="1.0" encoding="UTF-8" standalone="no"?><testsuite errors="0" failures="0" name="login" skipped="0" tests="6" time="80.5" timestamp="2023-05-08 10:01:09"><testcase name="user tidak bisa login karena akunnya belum terdaftar"/><testcase name="user bisa login dengan data valid"/><testcase name="user tidak bisa login karena menggunakan password yang salah"/><testcase name="user tidak bisa login karena menggunakan email yang salah"/><testcase name="user tidak bisa login karena tidak mengisi email"/><testcase name="user tidak bisa login karena tidak mengisi password"/></testsuite>