<?xml version="1.0" encoding="UTF-8" standalone="no"?><testsuite errors="0" failures="0" name="Transaksi" skipped="0" tests="5" time="47.15" timestamp="2023-05-06 07:53:47"><testcase name="user bisa membayar produk yang diinginkan"/><testcase name="user bisa melakukan pencarian produk dari listdown categories"/><testcase name="user bisa melihat riwayat transaksi"/><testcase name="user bisa Mengubah Jumlah Produk pada Keranjang Belanja"/><testcase name="user bisa menghapus produk dari keranjang belanja"/></testsuite>