<?xml version="1.0" encoding="UTF-8" standalone="no"?><testsuite errors="0" failures="0" name="Register" skipped="0" tests="5" time="136.03" timestamp="2023-05-07 06:12:56"><testcase name="user tidak dapat register karena menggunakan email yang sudah terdaftar"/><testcase name="user tidak dapat register karena tidak mengisi field nama lengkap"/><testcase name="user tidak dapat register karena tidak mengisi field nama email"/><testcase name="user tidak dapat register karena tidak mengisi field password"/><testcase name="user dapat register karena semua field terisi dan data yang valid"/></testsuite>