<?xml version="1.0" encoding="UTF-8"?>
<testsuite xmlns:xsi="http://www.w3.org/2001/XMLSchema-instance" xsi:noNamespaceSchemaLocation="https://maven.apache.org/surefire/maven-failsafe-plugin/xsd/failsafe-test-report-3.0.xsd" version="3.0" name="starter.CucumberTestSuite" time="57.297" tests="5" errors="0" skipped="0" failures="0">
  <properties>
[...]
</properties>
  <testcase name="user bisa membayar produk yang diinginkan" classname="Transaksi" time="16.148">
    <system-out><![CDATA[19:53:46.172 [main] DEBUG net.thucydides.core.guice.Injectors - Created injector for module net.thucydides.core.guice.ThucydidesModule
19:53:46.569 [main] INFO io.cucumber.core.plugin.SerenityReporter - Running feature from file:///C:/Dev/api-automation-alta-master/ALTASHOP%20WEB%20AUTOMATION/src/test/resources/features/3.%20Transaksi.feature
19:53:46.839 [main] DEBUG net.thucydides.core.guice.Injectors - Created injector for module net.thucydides.core.guice.webdriver.WebDriverModule
19:53:46.883 [main] INFO  - 

-------------------------------------------------------------------------------------
     _______. _______ .______       _______ .__   __.  __  .___________.____    ____ 
    /       ||   ____||   _  \     |   ____||  \ |  | |  | |           |\   \  /   / 
   |   (----`|  |__   |  |_)  |    |  |__   |   \|  | |  | `---|  |----` \   \/   /  
    \   \    |   __|  |      /     |   __|  |  . `  | |  |     |  |       \_    _/   
.----)   |   |  |____ |  |\  \----.|  |____ |  |\   | |  |     |  |         |  |     
|_______/    |_______|| _| `._____||_______||__| \__| |__|     |__|         |__|    
                                                                                     
 News and tutorials at http://www.serenity-bdd.info                                  
 Documentation at https://wakaleo.gitbooks.io/the-serenity-book/content/             
 Join the Serenity Community on Gitter: https://gitter.im/serenity-bdd/serenity-core 
 Serenity BDD Support and Training at http://serenity-bdd.info/#/trainingandsupport  
-------------------------------------------------------------------------------------

19:53:46.888 [main] DEBUG net.thucydides.core.steps.StepEventBus - Test suite started for story net.thucydides.core.model.Story@75f83c00
19:53:46.892 [main] INFO  - Test Suite Started: Transaksi
19:53:46.916 [main] INFO io.cucumber.core.plugin.SerenityReporter - Running feature from file:///C:/Dev/api-automation-alta-master/ALTASHOP%20WEB%20AUTOMATION/src/test/resources/features/3.%20Transaksi.feature
19:53:46.919 [main] DEBUG net.thucydides.core.steps.StepEventBus - Test suite started for story net.thucydides.core.model.Story@75f83c00
19:53:46.920 [main] INFO  - Test Suite Started: Transaksi

@AS15-positive
Scenario: user bisa membayar produk yang diinginkan                       &amp#27;[90m# src/test/resources/features/3. Transaksi.feature:5&amp#27;[0m
19:53:47.027 [main] INFO io.cucumber.core.plugin.SerenityReporter - Running feature from file:///C:/Dev/api-automation-alta-master/ALTASHOP%20WEB%20AUTOMATION/src/test/resources/features/3.%20Transaksi.feature
19:53:47.175 [main] INFO  - 
  _____   ___   ___   _____     ___   _____     _     ___   _____   ___   ___  
 |_   _| | __| / __| |_   _|   / __| |_   _|   /_\   | _ \ |_   _| | __| |   \ 
   | |   | _|  \__ \   | |     \__ \   | |    / _ \  |   /   | |   | _|  | |) |
   |_|   |___| |___/   |_|     |___/   |_|   /_/ \_\ |_|_\   |_|   |___| |___/ 

user bisa membayar produk yang diinginkan(transaksi;user-bisa-membayar-produk-yang-diinginkan)
--------------------------------------------------------------------------------
19:53:48.195 [main] DEBUG net.thucydides.core.steps.StepInterceptor - STARTING STEP: TransaksiSteps.userBeradaDiHomepageAltaShopDanLoginAkun - diHomepageAltaShop
19:53:48.237 [main] INFO net.serenitybdd.core.webdriver.driverproviders.DriverProvider - Using WebDriverManager configuration for chrome
19:53:48.754 [main] DEBUG io.github.bonigarcia.wdm.cache.ResolutionCache - Resolution chrome=112 in cache (valid until 20:45:00 06/05/2023 WIB)
19:53:48.756 [main] DEBUG io.github.bonigarcia.wdm.cache.ResolutionCache - Resolution chrome112=112.0.5615.49 in cache (valid until 16:39:17 07/05/2023 WIB)
19:53:48.757 [main] INFO io.github.bonigarcia.wdm.WebDriverManager - Using chromedriver 112.0.5615.49 (resolved driver for Chrome 112)
19:53:48.776 [main] DEBUG io.github.bonigarcia.wdm.WebDriverManager - Driver chromedriver 112.0.5615.49 found in cache
19:53:48.778 [main] INFO io.github.bonigarcia.wdm.WebDriverManager - Exporting webdriver.chrome.driver as C:\Users\HP\.cache\selenium\chromedriver\win32\112.0.5615.49\chromedriver.exe
19:53:48.888 [main] INFO net.serenitybdd.core.webdriver.driverproviders.ChromeDriverProvider - Starting Chrome driver instance with capabilities:
19:53:48.890 [main] INFO net.serenitybdd.core.webdriver.driverproviders.ChromeDriverProvider - Capabilities {acceptInsecureCerts: true, browserName: chrome, goog:chromeOptions: {args: [remote-allow-origins=*, test-type, no-sandbox, ignore-certificate-errors, start-maximized, incognito, disable-infobars, disable-gpu, disable-default-apps, disable-popup-blocking, remote-allow-origins=*, test-type, no-sandbox, ignore-certificate-errors, start-maximized, incognito, disable-infobars, disable-gpu, disable-default-apps, disable-popup-blocking], extensions: []}}
19:53:48.965 [main] DEBUG io.netty.util.internal.logging.InternalLoggerFactory - Using SLF4J as the default logging framework
19:53:48.968 [main] DEBUG io.netty.util.ResourceLeakDetector - -Dio.netty.leakDetection.level: simple
19:53:48.968 [main] DEBUG io.netty.util.ResourceLeakDetector - -Dio.netty.leakDetection.targetRecords: 4
19:53:48.972 [main] DEBUG io.netty.util.ResourceLeakDetectorFactory - Loaded default ResourceLeakDetector: io.netty.util.ResourceLeakDetector@12567179
19:53:48.989 [main] DEBUG io.netty.util.internal.PlatformDependent0 - -Dio.netty.noUnsafe: false
19:53:48.990 [main] DEBUG io.netty.util.internal.PlatformDependent0 - Java version: 19
19:53:48.990 [main] DEBUG io.netty.util.internal.PlatformDependent0 - sun.misc.Unsafe.theUnsafe: available
19:53:48.991 [main] DEBUG io.netty.util.internal.PlatformDependent0 - sun.misc.Unsafe.copyMemory: available
19:53:48.991 [main] DEBUG io.netty.util.internal.PlatformDependent0 - sun.misc.Unsafe.storeFence: available
19:53:48.992 [main] DEBUG io.netty.util.internal.PlatformDependent0 - java.nio.Buffer.address: available
19:53:48.993 [main] DEBUG io.netty.util.internal.PlatformDependent0 - direct buffer constructor: unavailable: Reflective setAccessible(true) disabled
19:53:48.993 [main] DEBUG io.netty.util.internal.PlatformDependent0 - java.nio.Bits.unaligned: available, true
19:53:48.994 [main] DEBUG io.netty.util.internal.PlatformDependent0 - jdk.internal.misc.Unsafe.allocateUninitializedArray(int): unavailable: class io.netty.util.internal.PlatformDependent0$7 cannot access class jdk.internal.misc.Unsafe (in module java.base) because module java.base does not export jdk.internal.misc to unnamed module @3e6ef8ad
19:53:48.995 [main] DEBUG io.netty.util.internal.PlatformDependent0 - java.nio.DirectByteBuffer.<init>(long, int): unavailable
19:53:48.996 [main] DEBUG io.netty.util.internal.PlatformDependent - sun.misc.Unsafe: available
19:53:48.997 [main] DEBUG io.netty.util.internal.PlatformDependent - maxDirectMemory: 1589641216 bytes (maybe)
19:53:48.997 [main] DEBUG io.netty.util.internal.PlatformDependent - -Dio.netty.tmpdir: C:\Users\HP\AppData\Local\Temp (java.io.tmpdir)
19:53:48.997 [main] DEBUG io.netty.util.internal.PlatformDependent - -Dio.netty.bitMode: 64 (sun.arch.data.model)
19:53:48.998 [main] DEBUG io.netty.util.internal.PlatformDependent - Platform: Windows
19:53:48.998 [main] DEBUG io.netty.util.internal.PlatformDependent - -Dio.netty.maxDirectMemory: -1 bytes
19:53:48.999 [main] DEBUG io.netty.util.internal.PlatformDependent - -Dio.netty.uninitializedArrayAllocationThreshold: -1
19:53:48.999 [main] DEBUG io.netty.util.internal.CleanerJava9 - java.nio.ByteBuffer.cleaner(): available
19:53:49.000 [main] DEBUG io.netty.util.internal.PlatformDependent - -Dio.netty.noPreferDirect: false
19:53:49.006 [main] DEBUG io.netty.util.internal.PlatformDependent - org.jctools-core.MpscChunkedArrayQueue: available
19:53:49.022 [main] DEBUG io.netty.util.internal.InternalThreadLocalMap - -Dio.netty.threadLocalMap.stringBuilder.initialSize: 1024
19:53:49.022 [main] DEBUG io.netty.util.internal.InternalThreadLocalMap - -Dio.netty.threadLocalMap.stringBuilder.maxSize: 4096
19:53:49.085 [main] DEBUG io.netty.handler.ssl.JdkSslContext - Default protocols (JDK): [TLSv1.3, TLSv1.2] 
19:53:49.086 [main] DEBUG io.netty.handler.ssl.JdkSslContext - Default cipher suites (JDK): [TLS_ECDHE_ECDSA_WITH_AES_256_GCM_SHA384, TLS_ECDHE_ECDSA_WITH_AES_128_GCM_SHA256, TLS_ECDHE_RSA_WITH_AES_128_GCM_SHA256, TLS_ECDHE_RSA_WITH_AES_256_GCM_SHA384, TLS_ECDHE_RSA_WITH_AES_128_CBC_SHA, TLS_ECDHE_RSA_WITH_AES_256_CBC_SHA, TLS_RSA_WITH_AES_128_GCM_SHA256, TLS_RSA_WITH_AES_128_CBC_SHA, TLS_RSA_WITH_AES_256_CBC_SHA, TLS_AES_128_GCM_SHA256, TLS_AES_256_GCM_SHA384]
19:53:49.110 [main] DEBUG io.netty.channel.MultithreadEventLoopGroup - -Dio.netty.eventLoopThreads: 16
19:53:49.118 [main] DEBUG io.netty.channel.nio.NioEventLoop - -Dio.netty.noKeySetOptimization: false
19:53:49.118 [main] DEBUG io.netty.channel.nio.NioEventLoop - -Dio.netty.selectorAutoRebuildThreshold: 512
19:53:49.165 [main] DEBUG io.netty.buffer.PooledByteBufAllocator - -Dio.netty.allocator.numHeapArenas: 16
19:53:49.165 [main] DEBUG io.netty.buffer.PooledByteBufAllocator - -Dio.netty.allocator.numDirectArenas: 16
19:53:49.165 [main] DEBUG io.netty.buffer.PooledByteBufAllocator - -Dio.netty.allocator.pageSize: 8192
19:53:49.165 [main] DEBUG io.netty.buffer.PooledByteBufAllocator - -Dio.netty.allocator.maxOrder: 9
19:53:49.165 [main] DEBUG io.netty.buffer.PooledByteBufAllocator - -Dio.netty.allocator.chunkSize: 4194304
19:53:49.165 [main] DEBUG io.netty.buffer.PooledByteBufAllocator - -Dio.netty.allocator.smallCacheSize: 256
19:53:49.165 [main] DEBUG io.netty.buffer.PooledByteBufAllocator - -Dio.netty.allocator.normalCacheSize: 64
19:53:49.165 [main] DEBUG io.netty.buffer.PooledByteBufAllocator - -Dio.netty.allocator.maxCachedBufferCapacity: 32768
19:53:49.165 [main] DEBUG io.netty.buffer.PooledByteBufAllocator - -Dio.netty.allocator.cacheTrimInterval: 8192
19:53:49.165 [main] DEBUG io.netty.buffer.PooledByteBufAllocator - -Dio.netty.allocator.cacheTrimIntervalMillis: 0
19:53:49.166 [main] DEBUG io.netty.buffer.PooledByteBufAllocator - -Dio.netty.allocator.useCacheForAllThreads: false
19:53:49.166 [main] DEBUG io.netty.buffer.PooledByteBufAllocator - -Dio.netty.allocator.maxCachedByteBuffersPerChunk: 1023
19:53:49.175 [main] DEBUG io.netty.buffer.ByteBufUtil - -Dio.netty.allocator.type: pooled
19:53:49.175 [main] DEBUG io.netty.buffer.ByteBufUtil - -Dio.netty.threadLocalDirectBufferSize: 0
19:53:49.175 [main] DEBUG io.netty.buffer.ByteBufUtil - -Dio.netty.maxThreadLocalCharBufferSize: 16384
19:53:49.440 [Forwarding newSession on session null to remote] DEBUG io.netty.channel.DefaultChannelId - -Dio.netty.processId: 17432 (auto-detected)
19:53:49.443 [Forwarding newSession on session null to remote] DEBUG io.netty.util.NetUtil - -Djava.net.preferIPv4Stack: false
19:53:49.443 [Forwarding newSession on session null to remote] DEBUG io.netty.util.NetUtil - -Djava.net.preferIPv6Addresses: false
19:53:49.457 [Forwarding newSession on session null to remote] DEBUG io.netty.util.NetUtilInitializations - Loopback interface: lo (Software Loopback Interface 1, 127.0.0.1)
19:53:49.458 [Forwarding newSession on session null to remote] DEBUG io.netty.util.NetUtil - Failed to get SOMAXCONN from sysctl and file \proc\sys\net\core\somaxconn. Default: 200
19:53:49.507 [Forwarding newSession on session null to remote] DEBUG io.netty.channel.DefaultChannelId - -Dio.netty.machineId: cc:6b:1e:ff:fe:34:9f:97 (auto-detected)
19:53:49.559 [AsyncHttpClient-1-2] DEBUG io.netty.buffer.AbstractByteBuf - -Dio.netty.buffer.checkAccessible: true
19:53:49.559 [AsyncHttpClient-1-2] DEBUG io.netty.buffer.AbstractByteBuf - -Dio.netty.buffer.checkBounds: true
19:53:49.559 [AsyncHttpClient-1-2] DEBUG io.netty.util.ResourceLeakDetectorFactory - Loaded default ResourceLeakDetector: io.netty.util.ResourceLeakDetector@527c8d33
19:53:49.575 [AsyncHttpClient-1-2] DEBUG org.asynchttpclient.netty.channel.NettyConnectListener - Using new Channel '[id: 0x8befece4, L:/127.0.0.1:58730 - R:localhost/127.0.0.1:4407]' for 'POST' to '/session'
19:53:49.598 [AsyncHttpClient-1-2] DEBUG io.netty.util.Recycler - -Dio.netty.recycler.maxCapacityPerThread: 4096
19:53:49.598 [AsyncHttpClient-1-2] DEBUG io.netty.util.Recycler - -Dio.netty.recycler.ratio: 8
19:53:49.598 [AsyncHttpClient-1-2] DEBUG io.netty.util.Recycler - -Dio.netty.recycler.chunkSize: 32
19:53:49.598 [AsyncHttpClient-1-2] DEBUG io.netty.util.Recycler - -Dio.netty.recycler.blocking: false
19:53:50.246 [AsyncHttpClient-1-2] DEBUG io.netty.handler.codec.compression.Brotli - brotli4j not in the classpath; Brotli support will be unavailable.
19:53:50.247 [AsyncHttpClient-1-2] DEBUG org.asynchttpclient.netty.handler.HttpHandler - 

Request DefaultHttpRequest(decodeResult: success, version: HTTP/1.1)
POST /session HTTP/1.1
User-Agent: selenium/4.7.1 (java windows)
Content-Length: 1629
Content-Type: application/json; charset=utf-8
host: localhost:4407
accept: */*

Response DefaultHttpResponse(decodeResult: success, version: HTTP/1.1)
HTTP/1.1 200 OK
Content-Type: application/json; charset=utf-8
cache-control: no-cache
content-length: 854

19:53:50.254 [AsyncHttpClient-1-2] DEBUG org.asynchttpclient.netty.channel.ChannelManager - Adding key: http://localhost:4407 for channel [id: 0x8befece4, L:/127.0.0.1:58730 - R:localhost/127.0.0.1:4407]
19:53:50.401 [AsyncHttpClient-1-3] DEBUG org.asynchttpclient.netty.channel.NettyConnectListener - Using new Channel '[id: 0x5deed846, L:/127.0.0.1:58738 - R:localhost/127.0.0.1:58732]' for 'GET' to '/json/version'
19:53:50.408 [AsyncHttpClient-1-3] DEBUG org.asynchttpclient.netty.handler.HttpHandler - 

Request DefaultFullHttpRequest(decodeResult: success, version: HTTP/1.1, content: EmptyByteBufBE)
GET /json/version HTTP/1.1
User-Agent: selenium/4.7.1 (java windows)
host: localhost:58732
accept: */*

Response DefaultHttpResponse(decodeResult: success, version: HTTP/1.1)
HTTP/1.1 200 OK
Content-Security-Policy: frame-ancestors 'none'
Content-Type: application/json; charset=UTF-8
content-length: 424

19:53:50.409 [AsyncHttpClient-1-3] DEBUG org.asynchttpclient.netty.channel.ChannelManager - Adding key: http://localhost:58732 for channel [id: 0x5deed846, L:/127.0.0.1:58738 - R:localhost/127.0.0.1:58732]
19:53:50.434 [main] DEBUG io.netty.util.internal.ThreadLocalRandom - -Dio.netty.initialSeedUniquifier: 0x651f901a4d468a46
19:53:50.441 [AsyncHttpClient-1-4] DEBUG org.asynchttpclient.netty.channel.NettyConnectListener - Using new Channel '[id: 0x8fdf6f23, L:/127.0.0.1:58739 - R:localhost/127.0.0.1:58732]' for 'GET' to '/devtools/browser/efa7d606-ddf6-4451-8cc9-01e75c3edf38'
19:53:50.447 [AsyncHttpClient-1-4] DEBUG org.asynchttpclient.netty.handler.WebSocketHandler - 

Request DefaultFullHttpRequest(decodeResult: success, version: HTTP/1.1, content: EmptyByteBufBE)
GET /devtools/browser/efa7d606-ddf6-4451-8cc9-01e75c3edf38 HTTP/1.1
upgrade: websocket
connection: upgrade
sec-websocket-key: t/32Irk9rIUKpxDbOAdVFg==
sec-websocket-version: 13
origin: http://localhost:58732
host: localhost:58732
accept: */*
user-agent: AHC/2.1

Response DefaultHttpResponse(decodeResult: success, version: HTTP/1.1)
HTTP/1.1 101 WebSocket Protocol Handshake
Upgrade: WebSocket
Connection: Upgrade
Sec-WebSocket-Accept: SFZmHkzZLi/VV46VgbHnlAFNRcE=

19:53:51.211 [AsyncHttpClient-1-1] DEBUG org.asynchttpclient.netty.channel.DefaultChannelPool - Entry count for : http://localhost:58732 : 1
19:53:51.211 [AsyncHttpClient-1-1] DEBUG org.asynchttpclient.netty.channel.DefaultChannelPool - Entry count for : http://localhost:4407 : 1
19:53:51.756 [main] DEBUG net.thucydides.core.reflection.ClassFinder - Could not load class .starter.CucumberTestSuite
19:53:51.757 [main] DEBUG net.thucydides.core.reflection.ClassFinder - Could not load class .starter.pages.LoginPage
19:53:51.757 [main] DEBUG net.thucydides.core.reflection.ClassFinder - Could not load class .starter.pages.RegisterPage
19:53:51.757 [main] DEBUG net.thucydides.core.reflection.ClassFinder - Could not load class .starter.pages.TransaksiPage
19:53:51.757 [main] DEBUG net.thucydides.core.reflection.ClassFinder - Could not load class .starter.stepdefinitions.LoginRegisterSteps
19:53:51.757 [main] DEBUG net.thucydides.core.reflection.ClassFinder - Could not load class .starter.stepdefinitions.RegisterSteps
19:53:51.757 [main] DEBUG net.thucydides.core.reflection.ClassFinder - Could not load class .starter.stepdefinitions.TransaksiSteps
19:53:51.758 [main] DEBUG net.thucydides.core.reflection.ClassFinder - Could not load class META-INF.versions.9.com.sun.istack.logging.StackHelper
19:53:51.759 [main] DEBUG net.thucydides.core.reflection.ClassFinder - Could not load class META-INF.versions.9.com.sun.xml.bind.v2.runtime.reflect.opt.AccessorInjector
19:53:51.760 [main] DEBUG net.thucydides.core.reflection.ClassFinder - Could not load class META-INF.versions.9.com.sun.xml.bind.v2.runtime.reflect.opt.Injector
19:53:51.760 [main] DEBUG net.thucydides.core.reflection.ClassFinder - Could not load class META-INF.versions.9.com.sun.xml.bind.v2.runtime.reflect.opt.OptimizedAccessorFactory
19:53:51.761 [main] DEBUG net.thucydides.core.reflection.ClassFinder - Could not load class META-INF.versions.9.com.sun.xml.bind.v2.runtime.reflect.opt.OptimizedTransducedAccessorFactory
19:53:51.762 [main] DEBUG net.thucydides.core.reflection.ClassFinder - Could not load class META-INF.versions.9.io.opentelemetry.sdk.internal.CurrentJavaVersionSpecific
19:53:51.763 [main] DEBUG net.thucydides.core.reflection.ClassFinder - Could not load class META-INF.versions.9.io.opentelemetry.sdk.internal.Java9VersionSpecific
19:53:51.764 [main] DEBUG net.thucydides.core.reflection.ClassFinder - Could not load class META-INF.versions.9.javax.xml.bind.ModuleUtil
19:53:51.765 [main] DEBUG net.thucydides.core.reflection.ClassFinder - Could not load class META-INF.versions.9.module-info
19:53:51.766 [main] DEBUG net.thucydides.core.reflection.ClassFinder - Could not load class META-INF.versions.9.org.junit.platform.commons.util.ModuleUtils
19:53:52.322 [AsyncHttpClient-1-1] DEBUG org.asynchttpclient.netty.channel.DefaultChannelPool - Entry count for : http://localhost:58732 : 1
19:53:52.322 [AsyncHttpClient-1-1] DEBUG org.asynchttpclient.netty.channel.DefaultChannelPool - Entry count for : http://localhost:4407 : 1
19:53:52.591 [main] DEBUG net.thucydides.core.reflection.ClassFinder - Could not load class com.google.gson.internal.
19:53:52.816 [main] DEBUG net.thucydides.core.reflection.ClassFinder - Could not load class com.sun.xml.bind.v2.runtime.output.FastInfosetStreamWriterOutput
19:53:53.233 [main] DEBUG net.thucydides.core.reflection.ClassFinder - Could not load class module-info
19:53:53.417 [AsyncHttpClient-1-1] DEBUG org.asynchttpclient.netty.channel.DefaultChannelPool - Entry count for : http://localhost:58732 : 1
19:53:53.419 [AsyncHttpClient-1-1] DEBUG org.asynchttpclient.netty.channel.DefaultChannelPool - Entry count for : http://localhost:4407 : 1
19:53:54.523 [AsyncHttpClient-1-1] DEBUG org.asynchttpclient.netty.channel.DefaultChannelPool - Entry count for : http://localhost:58732 : 1
19:53:54.523 [AsyncHttpClient-1-1] DEBUG org.asynchttpclient.netty.channel.DefaultChannelPool - Entry count for : http://localhost:4407 : 1
19:53:55.624 [AsyncHttpClient-1-1] DEBUG org.asynchttpclient.netty.channel.DefaultChannelPool - Entry count for : http://localhost:58732 : 1
19:53:55.624 [AsyncHttpClient-1-1] DEBUG org.asynchttpclient.netty.channel.DefaultChannelPool - Entry count for : http://localhost:4407 : 1
19:53:56.717 [AsyncHttpClient-1-1] DEBUG org.asynchttpclient.netty.channel.DefaultChannelPool - Entry count for : http://localhost:58732 : 1
19:53:56.717 [AsyncHttpClient-1-1] DEBUG org.asynchttpclient.netty.channel.DefaultChannelPool - Entry count for : http://localhost:4407 : 1
19:53:57.311 [Forwarding get on session fda11f5abc0b8af7ea4ac13ad51fe42a to remote] DEBUG org.asynchttpclient.netty.request.NettyRequestSender - Using pooled Channel '[id: 0x8befece4, L:/127.0.0.1:58730 - R:localhost/127.0.0.1:4407]' for 'POST' to 'http://localhost:4407/session/fda11f5abc0b8af7ea4ac13ad51fe42a/url'
19:53:57.311 [Forwarding get on session fda11f5abc0b8af7ea4ac13ad51fe42a to remote] DEBUG org.asynchttpclient.netty.request.NettyRequestSender - Using open Channel [id: 0x8befece4, L:/127.0.0.1:58730 - R:localhost/127.0.0.1:4407] for POST '/session/fda11f5abc0b8af7ea4ac13ad51fe42a/url'
19:53:57.817 [AsyncHttpClient-1-1] DEBUG org.asynchttpclient.netty.channel.DefaultChannelPool - Entry count for : http://localhost:58732 : 1
19:53:58.289 [AsyncHttpClient-1-2] DEBUG org.asynchttpclient.netty.handler.HttpHandler - 

Request DefaultHttpRequest(decodeResult: success, version: HTTP/1.1)
POST /session/fda11f5abc0b8af7ea4ac13ad51fe42a/url HTTP/1.1
User-Agent: selenium/4.7.1 (java windows)
Content-Length: 59
Content-Type: application/json; charset=utf-8
host: localhost:4407
accept: */*

Response DefaultHttpResponse(decodeResult: success, version: HTTP/1.1)
HTTP/1.1 200 OK
Content-Type: application/json; charset=utf-8
cache-control: no-cache
content-length: 14

19:53:58.289 [AsyncHttpClient-1-2] DEBUG org.asynchttpclient.netty.channel.ChannelManager - Adding key: http://localhost:4407 for channel [id: 0x8befece4, L:/127.0.0.1:58730 - R:localhost/127.0.0.1:4407]
19:53:58.297 [Forwarding setTimeout on session fda11f5abc0b8af7ea4ac13ad51fe42a to remote] DEBUG org.asynchttpclient.netty.request.NettyRequestSender - Using pooled Channel '[id: 0x8befece4, L:/127.0.0.1:58730 - R:localhost/127.0.0.1:4407]' for 'POST' to 'http://localhost:4407/session/fda11f5abc0b8af7ea4ac13ad51fe42a/timeouts'
19:53:58.297 [Forwarding setTimeout on session fda11f5abc0b8af7ea4ac13ad51fe42a to remote] DEBUG org.asynchttpclient.netty.request.NettyRequestSender - Using open Channel [id: 0x8befece4, L:/127.0.0.1:58730 - R:localhost/127.0.0.1:4407] for POST '/session/fda11f5abc0b8af7ea4ac13ad51fe42a/timeouts'
19:53:58.305 [AsyncHttpClient-1-2] DEBUG org.asynchttpclient.netty.handler.HttpHandler - 

Request DefaultHttpRequest(decodeResult: success, version: HTTP/1.1)
POST /session/fda11f5abc0b8af7ea4ac13ad51fe42a/timeouts HTTP/1.1
User-Agent: selenium/4.7.1 (java windows)
Content-Length: 22
Content-Type: application/json; charset=utf-8
host: localhost:4407
accept: */*

Response DefaultHttpResponse(decodeResult: success, version: HTTP/1.1)
HTTP/1.1 200 OK
Content-Type: application/json; charset=utf-8
cache-control: no-cache
content-length: 14

19:53:58.305 [AsyncHttpClient-1-2] DEBUG org.asynchttpclient.netty.channel.ChannelManager - Adding key: http://localhost:4407 for channel [id: 0x8befece4, L:/127.0.0.1:58730 - R:localhost/127.0.0.1:4407]
19:53:58.313 [Forwarding getCurrentUrl on session fda11f5abc0b8af7ea4ac13ad51fe42a to remote] DEBUG org.asynchttpclient.netty.request.NettyRequestSender - Using pooled Channel '[id: 0x8befece4, L:/127.0.0.1:58730 - R:localhost/127.0.0.1:4407]' for 'GET' to 'http://localhost:4407/session/fda11f5abc0b8af7ea4ac13ad51fe42a/url'
19:53:58.313 [Forwarding getCurrentUrl on session fda11f5abc0b8af7ea4ac13ad51fe42a to remote] DEBUG org.asynchttpclient.netty.request.NettyRequestSender - Using open Channel [id: 0x8befece4, L:/127.0.0.1:58730 - R:localhost/127.0.0.1:4407] for GET '/session/fda11f5abc0b8af7ea4ac13ad51fe42a/url'
19:53:58.882 [AsyncHttpClient-1-2] DEBUG org.asynchttpclient.netty.handler.HttpHandler - 

Request DefaultFullHttpRequest(decodeResult: success, version: HTTP/1.1, content: EmptyByteBufBE)
GET /session/fda11f5abc0b8af7ea4ac13ad51fe42a/url HTTP/1.1
User-Agent: selenium/4.7.1 (java windows)
Cache-Control: no-cache
Content-Type: application/json; charset=utf-8
host: localhost:4407
accept: */*

Response DefaultHttpResponse(decodeResult: success, version: HTTP/1.1)
HTTP/1.1 200 OK
Content-Type: application/json; charset=utf-8
cache-control: no-cache
content-length: 41

19:53:58.882 [AsyncHttpClient-1-2] DEBUG org.asynchttpclient.netty.channel.ChannelManager - Adding key: http://localhost:4407 for channel [id: 0x8befece4, L:/127.0.0.1:58730 - R:localhost/127.0.0.1:4407]
19:53:58.906 [Forwarding getCurrentUrl on session fda11f5abc0b8af7ea4ac13ad51fe42a to remote] DEBUG org.asynchttpclient.netty.request.NettyRequestSender - Using pooled Channel '[id: 0x8befece4, L:/127.0.0.1:58730 - R:localhost/127.0.0.1:4407]' for 'GET' to 'http://localhost:4407/session/fda11f5abc0b8af7ea4ac13ad51fe42a/url'
19:53:58.906 [Forwarding getCurrentUrl on session fda11f5abc0b8af7ea4ac13ad51fe42a to remote] DEBUG org.asynchttpclient.netty.request.NettyRequestSender - Using open Channel [id: 0x8befece4, L:/127.0.0.1:58730 - R:localhost/127.0.0.1:4407] for GET '/session/fda11f5abc0b8af7ea4ac13ad51fe42a/url'
19:53:58.914 [AsyncHttpClient-1-1] DEBUG org.asynchttpclient.netty.channel.DefaultChannelPool - Entry count for : http://localhost:58732 : 1
19:53:58.914 [AsyncHttpClient-1-2] DEBUG org.asynchttpclient.netty.handler.HttpHandler - 

Request DefaultFullHttpRequest(decodeResult: success, version: HTTP/1.1, content: EmptyByteBufBE)
GET /session/fda11f5abc0b8af7ea4ac13ad51fe42a/url HTTP/1.1
User-Agent: selenium/4.7.1 (java windows)
Cache-Control: no-cache
Content-Type: application/json; charset=utf-8
host: localhost:4407
accept: */*

Response DefaultHttpResponse(decodeResult: success, version: HTTP/1.1)
HTTP/1.1 200 OK
Content-Type: application/json; charset=utf-8
cache-control: no-cache
content-length: 41

19:53:58.914 [AsyncHttpClient-1-2] DEBUG org.asynchttpclient.netty.channel.ChannelManager - Adding key: http://localhost:4407 for channel [id: 0x8befece4, L:/127.0.0.1:58730 - R:localhost/127.0.0.1:4407]
19:53:58.946 [Forwarding findElement on session fda11f5abc0b8af7ea4ac13ad51fe42a to remote] DEBUG org.asynchttpclient.netty.request.NettyRequestSender - Using pooled Channel '[id: 0x8befece4, L:/127.0.0.1:58730 - R:localhost/127.0.0.1:4407]' for 'POST' to 'http://localhost:4407/session/fda11f5abc0b8af7ea4ac13ad51fe42a/element'
19:53:58.946 [Forwarding findElement on session fda11f5abc0b8af7ea4ac13ad51fe42a to remote] DEBUG org.asynchttpclient.netty.request.NettyRequestSender - Using open Channel [id: 0x8befece4, L:/127.0.0.1:58730 - R:localhost/127.0.0.1:4407] for POST '/session/fda11f5abc0b8af7ea4ac13ad51fe42a/element'
19:53:58.962 [AsyncHttpClient-1-2] DEBUG org.asynchttpclient.netty.handler.HttpHandler - 

Request DefaultHttpRequest(decodeResult: success, version: HTTP/1.1)
POST /session/fda11f5abc0b8af7ea4ac13ad51fe42a/element HTTP/1.1
User-Agent: selenium/4.7.1 (java windows)
Content-Length: 108
Content-Type: application/json; charset=utf-8
host: localhost:4407
accept: */*

Response DefaultHttpResponse(decodeResult: success, version: HTTP/1.1)
HTTP/1.1 200 OK
Content-Type: application/json; charset=utf-8
cache-control: no-cache
content-length: 88

19:53:58.962 [AsyncHttpClient-1-2] DEBUG org.asynchttpclient.netty.channel.ChannelManager - Adding key: http://localhost:4407 for channel [id: 0x8befece4, L:/127.0.0.1:58730 - R:localhost/127.0.0.1:4407]
19:53:58.978 [Forwarding isElementDisplayed on session fda11f5abc0b8af7ea4ac13ad51fe42a to remote] DEBUG org.asynchttpclient.netty.request.NettyRequestSender - Using pooled Channel '[id: 0x8befece4, L:/127.0.0.1:58730 - R:localhost/127.0.0.1:4407]' for 'POST' to 'http://localhost:4407/session/fda11f5abc0b8af7ea4ac13ad51fe42a/execute/sync'
19:53:58.978 [Forwarding isElementDisplayed on session fda11f5abc0b8af7ea4ac13ad51fe42a to remote] DEBUG org.asynchttpclient.netty.request.NettyRequestSender - Using open Channel [id: 0x8befece4, L:/127.0.0.1:58730 - R:localhost/127.0.0.1:4407] for POST '/session/fda11f5abc0b8af7ea4ac13ad51fe42a/execute/sync'
19:53:58.993 [AsyncHttpClient-1-2] DEBUG org.asynchttpclient.netty.handler.HttpHandler - 

Request DefaultHttpRequest(decodeResult: success, version: HTTP/1.1)
POST /session/fda11f5abc0b8af7ea4ac13ad51fe42a/execute/sync HTTP/1.1
User-Agent: selenium/4.7.1 (java windows)
Content-Length: 48780
Content-Type: application/json; charset=utf-8
host: localhost:4407
accept: */*

Response DefaultHttpResponse(decodeResult: success, version: HTTP/1.1)
HTTP/1.1 200 OK
Content-Type: application/json; charset=utf-8
cache-control: no-cache
content-length: 14

19:53:58.993 [AsyncHttpClient-1-2] DEBUG org.asynchttpclient.netty.channel.ChannelManager - Adding key: http://localhost:4407 for channel [id: 0x8befece4, L:/127.0.0.1:58730 - R:localhost/127.0.0.1:4407]
19:53:58.993 [Forwarding isElementDisplayed on session fda11f5abc0b8af7ea4ac13ad51fe42a to remote] DEBUG org.asynchttpclient.netty.request.NettyRequestSender - Using pooled Channel '[id: 0x8befece4, L:/127.0.0.1:58730 - R:localhost/127.0.0.1:4407]' for 'POST' to 'http://localhost:4407/session/fda11f5abc0b8af7ea4ac13ad51fe42a/execute/sync'
19:53:58.993 [Forwarding isElementDisplayed on session fda11f5abc0b8af7ea4ac13ad51fe42a to remote] DEBUG org.asynchttpclient.netty.request.NettyRequestSender - Using open Channel [id: 0x8befece4, L:/127.0.0.1:58730 - R:localhost/127.0.0.1:4407] for POST '/session/fda11f5abc0b8af7ea4ac13ad51fe42a/execute/sync'
19:53:59.009 [AsyncHttpClient-1-2] DEBUG org.asynchttpclient.netty.handler.HttpHandler - 

Request DefaultHttpRequest(decodeResult: success, version: HTTP/1.1)
POST /session/fda11f5abc0b8af7ea4ac13ad51fe42a/execute/sync HTTP/1.1
User-Agent: selenium/4.7.1 (java windows)
Content-Length: 48780
Content-Type: application/json; charset=utf-8
host: localhost:4407
accept: */*

Response DefaultHttpResponse(decodeResult: success, version: HTTP/1.1)
HTTP/1.1 200 OK
Content-Type: application/json; charset=utf-8
cache-control: no-cache
content-length: 14

19:53:59.009 [AsyncHttpClient-1-2] DEBUG org.asynchttpclient.netty.channel.ChannelManager - Adding key: http://localhost:4407 for channel [id: 0x8befece4, L:/127.0.0.1:58730 - R:localhost/127.0.0.1:4407]
19:53:59.024 [main] DEBUG net.serenitybdd.core.photography.Darkroom - Opening darkroom
19:53:59.024 [Darkroom Processing Line] DEBUG net.serenitybdd.core.photography.DarkroomProcessingLine - Darkroom processing line starting up
19:53:59.040 [Forwarding getCurrentWindowHandle on session fda11f5abc0b8af7ea4ac13ad51fe42a to remote] DEBUG org.asynchttpclient.netty.request.NettyRequestSender - Using pooled Channel '[id: 0x8befece4, L:/127.0.0.1:58730 - R:localhost/127.0.0.1:4407]' for 'GET' to 'http://localhost:4407/session/fda11f5abc0b8af7ea4ac13ad51fe42a/window'
19:53:59.040 [Forwarding getCurrentWindowHandle on session fda11f5abc0b8af7ea4ac13ad51fe42a to remote] DEBUG org.asynchttpclient.netty.request.NettyRequestSender - Using open Channel [id: 0x8befece4, L:/127.0.0.1:58730 - R:localhost/127.0.0.1:4407] for GET '/session/fda11f5abc0b8af7ea4ac13ad51fe42a/window'
19:53:59.040 [AsyncHttpClient-1-2] DEBUG org.asynchttpclient.netty.handler.HttpHandler - 

Request DefaultFullHttpRequest(decodeResult: success, version: HTTP/1.1, content: EmptyByteBufBE)
GET /session/fda11f5abc0b8af7ea4ac13ad51fe42a/window HTTP/1.1
User-Agent: selenium/4.7.1 (java windows)
Cache-Control: no-cache
Content-Type: application/json; charset=utf-8
host: localhost:4407
accept: */*

Response DefaultHttpResponse(decodeResult: success, version: HTTP/1.1)
HTTP/1.1 200 OK
Content-Type: application/json; charset=utf-8
cache-control: no-cache
content-length: 44

19:53:59.040 [AsyncHttpClient-1-2] DEBUG org.asynchttpclient.netty.channel.ChannelManager - Adding key: http://localhost:4407 for channel [id: 0x8befece4, L:/127.0.0.1:58730 - R:localhost/127.0.0.1:4407]
19:53:59.040 [Forwarding getAlertText on session fda11f5abc0b8af7ea4ac13ad51fe42a to remote] DEBUG org.asynchttpclient.netty.request.NettyRequestSender - Using pooled Channel '[id: 0x8befece4, L:/127.0.0.1:58730 - R:localhost/127.0.0.1:4407]' for 'GET' to 'http://localhost:4407/session/fda11f5abc0b8af7ea4ac13ad51fe42a/alert/text'
19:53:59.040 [Forwarding getAlertText on session fda11f5abc0b8af7ea4ac13ad51fe42a to remote] DEBUG org.asynchttpclient.netty.request.NettyRequestSender - Using open Channel [id: 0x8befece4, L:/127.0.0.1:58730 - R:localhost/127.0.0.1:4407] for GET '/session/fda11f5abc0b8af7ea4ac13ad51fe42a/alert/text'
19:53:59.040 [AsyncHttpClient-1-2] DEBUG org.asynchttpclient.netty.handler.HttpHandler - 

Request DefaultFullHttpRequest(decodeResult: success, version: HTTP/1.1, content: EmptyByteBufBE)
GET /session/fda11f5abc0b8af7ea4ac13ad51fe42a/alert/text HTTP/1.1
User-Agent: selenium/4.7.1 (java windows)
Cache-Control: no-cache
Content-Type: application/json; charset=utf-8
host: localhost:4407
accept: */*

Response DefaultHttpResponse(decodeResult: success, version: HTTP/1.1)
HTTP/1.1 404 Not Found
Content-Type: application/json; charset=utf-8
cache-control: no-cache
content-length: 821

19:53:59.056 [AsyncHttpClient-1-2] DEBUG org.asynchttpclient.netty.channel.ChannelManager - Adding key: http://localhost:4407 for channel [id: 0x8befece4, L:/127.0.0.1:58730 - R:localhost/127.0.0.1:4407]
19:53:59.056 [Forwarding switchToWindow on session fda11f5abc0b8af7ea4ac13ad51fe42a to remote] DEBUG org.asynchttpclient.netty.request.NettyRequestSender - Using pooled Channel '[id: 0x8befece4, L:/127.0.0.1:58730 - R:localhost/127.0.0.1:4407]' for 'POST' to 'http://localhost:4407/session/fda11f5abc0b8af7ea4ac13ad51fe42a/window'
19:53:59.056 [Forwarding switchToWindow on session fda11f5abc0b8af7ea4ac13ad51fe42a to remote] DEBUG org.asynchttpclient.netty.request.NettyRequestSender - Using open Channel [id: 0x8befece4, L:/127.0.0.1:58730 - R:localhost/127.0.0.1:4407] for POST '/session/fda11f5abc0b8af7ea4ac13ad51fe42a/window'
19:53:59.071 [AsyncHttpClient-1-2] DEBUG org.asynchttpclient.netty.handler.HttpHandler - 

Request DefaultHttpRequest(decodeResult: success, version: HTTP/1.1)
POST /session/fda11f5abc0b8af7ea4ac13ad51fe42a/window HTTP/1.1
User-Agent: selenium/4.7.1 (java windows)
Content-Length: 50
Content-Type: application/json; charset=utf-8
host: localhost:4407
accept: */*

Response DefaultHttpResponse(decodeResult: success, version: HTTP/1.1)
HTTP/1.1 200 OK
Content-Type: application/json; charset=utf-8
cache-control: no-cache
content-length: 14

19:53:59.071 [AsyncHttpClient-1-2] DEBUG org.asynchttpclient.netty.channel.ChannelManager - Adding key: http://localhost:4407 for channel [id: 0x8befece4, L:/127.0.0.1:58730 - R:localhost/127.0.0.1:4407]
19:53:59.071 [Forwarding getCurrentUrl on session fda11f5abc0b8af7ea4ac13ad51fe42a to remote] DEBUG org.asynchttpclient.netty.request.NettyRequestSender - Using pooled Channel '[id: 0x8befece4, L:/127.0.0.1:58730 - R:localhost/127.0.0.1:4407]' for 'GET' to 'http://localhost:4407/session/fda11f5abc0b8af7ea4ac13ad51fe42a/url'
19:53:59.071 [Forwarding getCurrentUrl on session fda11f5abc0b8af7ea4ac13ad51fe42a to remote] DEBUG org.asynchttpclient.netty.request.NettyRequestSender - Using open Channel [id: 0x8befece4, L:/127.0.0.1:58730 - R:localhost/127.0.0.1:4407] for GET '/session/fda11f5abc0b8af7ea4ac13ad51fe42a/url'
19:53:59.079 [AsyncHttpClient-1-2] DEBUG org.asynchttpclient.netty.handler.HttpHandler - 

Request DefaultFullHttpRequest(decodeResult: success, version: HTTP/1.1, content: EmptyByteBufBE)
GET /session/fda11f5abc0b8af7ea4ac13ad51fe42a/url HTTP/1.1
User-Agent: selenium/4.7.1 (java windows)
Cache-Control: no-cache
Content-Type: application/json; charset=utf-8
host: localhost:4407
accept: */*

Response DefaultHttpResponse(decodeResult: success, version: HTTP/1.1)
HTTP/1.1 200 OK
Content-Type: application/json; charset=utf-8
cache-control: no-cache
content-length: 41

19:53:59.079 [AsyncHttpClient-1-2] DEBUG org.asynchttpclient.netty.channel.ChannelManager - Adding key: http://localhost:4407 for channel [id: 0x8befece4, L:/127.0.0.1:58730 - R:localhost/127.0.0.1:4407]
19:53:59.079 [Forwarding screenshot on session fda11f5abc0b8af7ea4ac13ad51fe42a to remote] DEBUG org.asynchttpclient.netty.request.NettyRequestSender - Using pooled Channel '[id: 0x8befece4, L:/127.0.0.1:58730 - R:localhost/127.0.0.1:4407]' for 'GET' to 'http://localhost:4407/session/fda11f5abc0b8af7ea4ac13ad51fe42a/screenshot'
19:53:59.079 [Forwarding screenshot on session fda11f5abc0b8af7ea4ac13ad51fe42a to remote] DEBUG org.asynchttpclient.netty.request.NettyRequestSender - Using open Channel [id: 0x8befece4, L:/127.0.0.1:58730 - R:localhost/127.0.0.1:4407] for GET '/session/fda11f5abc0b8af7ea4ac13ad51fe42a/screenshot'
19:53:59.184 [AsyncHttpClient-1-2] DEBUG org.asynchttpclient.netty.handler.HttpHandler - 

Request DefaultFullHttpRequest(decodeResult: success, version: HTTP/1.1, content: EmptyByteBufBE)
GET /session/fda11f5abc0b8af7ea4ac13ad51fe42a/screenshot HTTP/1.1
User-Agent: selenium/4.7.1 (java windows)
Cache-Control: no-cache
Content-Type: application/json; charset=utf-8
host: localhost:4407
accept: */*

Response DefaultHttpResponse(decodeResult: success, version: HTTP/1.1)
HTTP/1.1 200 OK
Content-Type: application/json; charset=utf-8
cache-control: no-cache
content-length: 93948

19:53:59.184 [AsyncHttpClient-1-2] DEBUG org.asynchttpclient.netty.channel.ChannelManager - Adding key: http://localhost:4407 for channel [id: 0x8befece4, L:/127.0.0.1:58730 - R:localhost/127.0.0.1:4407]
19:53:59.262 [main] DEBUG net.serenitybdd.core.photography.Darkroom - Send negative for processing for target\site\serenity\4cfea5e67b3b06ff74e704c965289a2c4d7bce5fadbed9a8756b8bc1c21b4fee.png
19:53:59.262 [Darkroom Processing Line] DEBUG net.serenitybdd.core.photography.DarkroomProcessingLine - Processing screenshot image in /var/screenshots/screenshot-4230907417942541529
19:53:59.262 [Darkroom Processing Line] DEBUG net.serenitybdd.core.photography.DarkroomProcessingLine - Saving screenshot to target\site\serenity\4cfea5e67b3b06ff74e704c965289a2c4d7bce5fadbed9a8756b8bc1c21b4fee.png
19:53:59.262 [main] DEBUG net.thucydides.core.steps.StepInterceptor - STEP DONE: diHomepageAltaShop
19:53:59.262 [main] DEBUG net.thucydides.core.steps.StepInterceptor - STARTING STEP: TransaksiSteps.userBeradaDiHomepageAltaShopDanLoginAkun - klikButtonLogin
19:53:59.277 [Forwarding findElement on session fda11f5abc0b8af7ea4ac13ad51fe42a to remote] DEBUG org.asynchttpclient.netty.request.NettyRequestSender - Using pooled Channel '[id: 0x8befece4, L:/127.0.0.1:58730 - R:localhost/127.0.0.1:4407]' for 'POST' to 'http://localhost:4407/session/fda11f5abc0b8af7ea4ac13ad51fe42a/element'
19:53:59.277 [Forwarding findElement on session fda11f5abc0b8af7ea4ac13ad51fe42a to remote] DEBUG org.asynchttpclient.netty.request.NettyRequestSender - Using open Channel [id: 0x8befece4, L:/127.0.0.1:58730 - R:localhost/127.0.0.1:4407] for POST '/session/fda11f5abc0b8af7ea4ac13ad51fe42a/element'
19:53:59.293 [AsyncHttpClient-1-2] DEBUG org.asynchttpclient.netty.handler.HttpHandler - 

Request DefaultHttpRequest(decodeResult: success, version: HTTP/1.1)
POST /session/fda11f5abc0b8af7ea4ac13ad51fe42a/element HTTP/1.1
User-Agent: selenium/4.7.1 (java windows)
Content-Length: 108
Content-Type: application/json; charset=utf-8
host: localhost:4407
accept: */*

Response DefaultHttpResponse(decodeResult: success, version: HTTP/1.1)
HTTP/1.1 200 OK
Content-Type: application/json; charset=utf-8
cache-control: no-cache
content-length: 88

19:53:59.293 [AsyncHttpClient-1-2] DEBUG org.asynchttpclient.netty.channel.ChannelManager - Adding key: http://localhost:4407 for channel [id: 0x8befece4, L:/127.0.0.1:58730 - R:localhost/127.0.0.1:4407]
19:53:59.293 [Forwarding getElementTagName on session fda11f5abc0b8af7ea4ac13ad51fe42a to remote] DEBUG org.asynchttpclient.netty.request.NettyRequestSender - Using pooled Channel '[id: 0x8befece4, L:/127.0.0.1:58730 - R:localhost/127.0.0.1:4407]' for 'GET' to 'http://localhost:4407/session/fda11f5abc0b8af7ea4ac13ad51fe42a/element/00ec5b92-3a5f-4431-9ee0-224e4b7455a0/name'
19:53:59.293 [Forwarding getElementTagName on session fda11f5abc0b8af7ea4ac13ad51fe42a to remote] DEBUG org.asynchttpclient.netty.request.NettyRequestSender - Using open Channel [id: 0x8befece4, L:/127.0.0.1:58730 - R:localhost/127.0.0.1:4407] for GET '/session/fda11f5abc0b8af7ea4ac13ad51fe42a/element/00ec5b92-3a5f-4431-9ee0-224e4b7455a0/name'
19:53:59.293 [AsyncHttpClient-1-2] DEBUG org.asynchttpclient.netty.handler.HttpHandler - 

Request DefaultFullHttpRequest(decodeResult: success, version: HTTP/1.1, content: EmptyByteBufBE)
GET /session/fda11f5abc0b8af7ea4ac13ad51fe42a/element/00ec5b92-3a5f-4431-9ee0-224e4b7455a0/name HTTP/1.1
User-Agent: selenium/4.7.1 (java windows)
Cache-Control: no-cache
Content-Type: application/json; charset=utf-8
host: localhost:4407
accept: */*

Response DefaultHttpResponse(decodeResult: success, version: HTTP/1.1)
HTTP/1.1 200 OK
Content-Type: application/json; charset=utf-8
cache-control: no-cache
content-length: 18

19:53:59.293 [AsyncHttpClient-1-2] DEBUG org.asynchttpclient.netty.channel.ChannelManager - Adding key: http://localhost:4407 for channel [id: 0x8befece4, L:/127.0.0.1:58730 - R:localhost/127.0.0.1:4407]
19:53:59.293 [Forwarding getElementTagName on session fda11f5abc0b8af7ea4ac13ad51fe42a to remote] DEBUG org.asynchttpclient.netty.request.NettyRequestSender - Using pooled Channel '[id: 0x8befece4, L:/127.0.0.1:58730 - R:localhost/127.0.0.1:4407]' for 'GET' to 'http://localhost:4407/session/fda11f5abc0b8af7ea4ac13ad51fe42a/element/00ec5b92-3a5f-4431-9ee0-224e4b7455a0/name'
19:53:59.293 [Forwarding getElementTagName on session fda11f5abc0b8af7ea4ac13ad51fe42a to remote] DEBUG org.asynchttpclient.netty.request.NettyRequestSender - Using open Channel [id: 0x8befece4, L:/127.0.0.1:58730 - R:localhost/127.0.0.1:4407] for GET '/session/fda11f5abc0b8af7ea4ac13ad51fe42a/element/00ec5b92-3a5f-4431-9ee0-224e4b7455a0/name'
19:53:59.309 [AsyncHttpClient-1-2] DEBUG org.asynchttpclient.netty.handler.HttpHandler - 

Request DefaultFullHttpRequest(decodeResult: success, version: HTTP/1.1, content: EmptyByteBufBE)
GET /session/fda11f5abc0b8af7ea4ac13ad51fe42a/element/00ec5b92-3a5f-4431-9ee0-224e4b7455a0/name HTTP/1.1
User-Agent: selenium/4.7.1 (java windows)
Cache-Control: no-cache
Content-Type: application/json; charset=utf-8
host: localhost:4407
accept: */*

Response DefaultHttpResponse(decodeResult: success, version: HTTP/1.1)
HTTP/1.1 200 OK
Content-Type: application/json; charset=utf-8
cache-control: no-cache
content-length: 18

19:53:59.309 [AsyncHttpClient-1-2] DEBUG org.asynchttpclient.netty.channel.ChannelManager - Adding key: http://localhost:4407 for channel [id: 0x8befece4, L:/127.0.0.1:58730 - R:localhost/127.0.0.1:4407]
19:53:59.309 [Forwarding isElementEnabled on session fda11f5abc0b8af7ea4ac13ad51fe42a to remote] DEBUG org.asynchttpclient.netty.request.NettyRequestSender - Using pooled Channel '[id: 0x8befece4, L:/127.0.0.1:58730 - R:localhost/127.0.0.1:4407]' for 'GET' to 'http://localhost:4407/session/fda11f5abc0b8af7ea4ac13ad51fe42a/element/00ec5b92-3a5f-4431-9ee0-224e4b7455a0/enabled'
19:53:59.309 [Forwarding isElementEnabled on session fda11f5abc0b8af7ea4ac13ad51fe42a to remote] DEBUG org.asynchttpclient.netty.request.NettyRequestSender - Using open Channel [id: 0x8befece4, L:/127.0.0.1:58730 - R:localhost/127.0.0.1:4407] for GET '/session/fda11f5abc0b8af7ea4ac13ad51fe42a/element/00ec5b92-3a5f-4431-9ee0-224e4b7455a0/enabled'
19:53:59.309 [AsyncHttpClient-1-2] DEBUG org.asynchttpclient.netty.handler.HttpHandler - 

Request DefaultFullHttpRequest(decodeResult: success, version: HTTP/1.1, content: EmptyByteBufBE)
GET /session/fda11f5abc0b8af7ea4ac13ad51fe42a/element/00ec5b92-3a5f-4431-9ee0-224e4b7455a0/enabled HTTP/1.1
User-Agent: selenium/4.7.1 (java windows)
Cache-Control: no-cache
Content-Type: application/json; charset=utf-8
host: localhost:4407
accept: */*

Response DefaultHttpResponse(decodeResult: success, version: HTTP/1.1)
HTTP/1.1 200 OK
Content-Type: application/json; charset=utf-8
cache-control: no-cache
content-length: 14

19:53:59.309 [AsyncHttpClient-1-2] DEBUG org.asynchttpclient.netty.channel.ChannelManager - Adding key: http://localhost:4407 for channel [id: 0x8befece4, L:/127.0.0.1:58730 - R:localhost/127.0.0.1:4407]
19:53:59.324 [Forwarding isElementEnabled on session fda11f5abc0b8af7ea4ac13ad51fe42a to remote] DEBUG org.asynchttpclient.netty.request.NettyRequestSender - Using pooled Channel '[id: 0x8befece4, L:/127.0.0.1:58730 - R:localhost/127.0.0.1:4407]' for 'GET' to 'http://localhost:4407/session/fda11f5abc0b8af7ea4ac13ad51fe42a/element/00ec5b92-3a5f-4431-9ee0-224e4b7455a0/enabled'
19:53:59.324 [Forwarding isElementEnabled on session fda11f5abc0b8af7ea4ac13ad51fe42a to remote] DEBUG org.asynchttpclient.netty.request.NettyRequestSender - Using open Channel [id: 0x8befece4, L:/127.0.0.1:58730 - R:localhost/127.0.0.1:4407] for GET '/session/fda11f5abc0b8af7ea4ac13ad51fe42a/element/00ec5b92-3a5f-4431-9ee0-224e4b7455a0/enabled'
19:53:59.324 [AsyncHttpClient-1-2] DEBUG org.asynchttpclient.netty.handler.HttpHandler - 

Request DefaultFullHttpRequest(decodeResult: success, version: HTTP/1.1, content: EmptyByteBufBE)
GET /session/fda11f5abc0b8af7ea4ac13ad51fe42a/element/00ec5b92-3a5f-4431-9ee0-224e4b7455a0/enabled HTTP/1.1
User-Agent: selenium/4.7.1 (java windows)
Cache-Control: no-cache
Content-Type: application/json; charset=utf-8
host: localhost:4407
accept: */*

Response DefaultHttpResponse(decodeResult: success, version: HTTP/1.1)
HTTP/1.1 200 OK
Content-Type: application/json; charset=utf-8
cache-control: no-cache
content-length: 14

19:53:59.324 [AsyncHttpClient-1-2] DEBUG org.asynchttpclient.netty.channel.ChannelManager - Adding key: http://localhost:4407 for channel [id: 0x8befece4, L:/127.0.0.1:58730 - R:localhost/127.0.0.1:4407]
19:53:59.324 [Forwarding findElement on session fda11f5abc0b8af7ea4ac13ad51fe42a to remote] DEBUG org.asynchttpclient.netty.request.NettyRequestSender - Using pooled Channel '[id: 0x8befece4, L:/127.0.0.1:58730 - R:localhost/127.0.0.1:4407]' for 'POST' to 'http://localhost:4407/session/fda11f5abc0b8af7ea4ac13ad51fe42a/element'
19:53:59.324 [Forwarding findElement on session fda11f5abc0b8af7ea4ac13ad51fe42a to remote] DEBUG org.asynchttpclient.netty.request.NettyRequestSender - Using open Channel [id: 0x8befece4, L:/127.0.0.1:58730 - R:localhost/127.0.0.1:4407] for POST '/session/fda11f5abc0b8af7ea4ac13ad51fe42a/element'
19:53:59.340 [AsyncHttpClient-1-2] DEBUG org.asynchttpclient.netty.handler.HttpHandler - 

Request DefaultHttpRequest(decodeResult: success, version: HTTP/1.1)
POST /session/fda11f5abc0b8af7ea4ac13ad51fe42a/element HTTP/1.1
User-Agent: selenium/4.7.1 (java windows)
Content-Length: 108
Content-Type: application/json; charset=utf-8
host: localhost:4407
accept: */*

Response DefaultHttpResponse(decodeResult: success, version: HTTP/1.1)
HTTP/1.1 200 OK
Content-Type: application/json; charset=utf-8
cache-control: no-cache
content-length: 88

19:53:59.340 [AsyncHttpClient-1-2] DEBUG org.asynchttpclient.netty.channel.ChannelManager - Adding key: http://localhost:4407 for channel [id: 0x8befece4, L:/127.0.0.1:58730 - R:localhost/127.0.0.1:4407]
19:53:59.357 [Forwarding clickElement on session fda11f5abc0b8af7ea4ac13ad51fe42a to remote] DEBUG org.asynchttpclient.netty.request.NettyRequestSender - Using pooled Channel '[id: 0x8befece4, L:/127.0.0.1:58730 - R:localhost/127.0.0.1:4407]' for 'POST' to 'http://localhost:4407/session/fda11f5abc0b8af7ea4ac13ad51fe42a/element/00ec5b92-3a5f-4431-9ee0-224e4b7455a0/click'
19:53:59.357 [Forwarding clickElement on session fda11f5abc0b8af7ea4ac13ad51fe42a to remote] DEBUG org.asynchttpclient.netty.request.NettyRequestSender - Using open Channel [id: 0x8befece4, L:/127.0.0.1:58730 - R:localhost/127.0.0.1:4407] for POST '/session/fda11f5abc0b8af7ea4ac13ad51fe42a/element/00ec5b92-3a5f-4431-9ee0-224e4b7455a0/click'
19:53:59.395 [AsyncHttpClient-1-2] DEBUG org.asynchttpclient.netty.handler.HttpHandler - 

Request DefaultHttpRequest(decodeResult: success, version: HTTP/1.1)
POST /session/fda11f5abc0b8af7ea4ac13ad51fe42a/element/00ec5b92-3a5f-4431-9ee0-224e4b7455a0/click HTTP/1.1
User-Agent: selenium/4.7.1 (java windows)
Content-Length: 50
Content-Type: application/json; charset=utf-8
host: localhost:4407
accept: */*

Response DefaultHttpResponse(decodeResult: success, version: HTTP/1.1)
HTTP/1.1 200 OK
Content-Type: application/json; charset=utf-8
cache-control: no-cache
content-length: 14

19:53:59.395 [AsyncHttpClient-1-2] DEBUG org.asynchttpclient.netty.channel.ChannelManager - Adding key: http://localhost:4407 for channel [id: 0x8befece4, L:/127.0.0.1:58730 - R:localhost/127.0.0.1:4407]
19:53:59.411 [Forwarding getCurrentWindowHandle on session fda11f5abc0b8af7ea4ac13ad51fe42a to remote] DEBUG org.asynchttpclient.netty.request.NettyRequestSender - Using pooled Channel '[id: 0x8befece4, L:/127.0.0.1:58730 - R:localhost/127.0.0.1:4407]' for 'GET' to 'http://localhost:4407/session/fda11f5abc0b8af7ea4ac13ad51fe42a/window'
19:53:59.411 [Forwarding getCurrentWindowHandle on session fda11f5abc0b8af7ea4ac13ad51fe42a to remote] DEBUG org.asynchttpclient.netty.request.NettyRequestSender - Using open Channel [id: 0x8befece4, L:/127.0.0.1:58730 - R:localhost/127.0.0.1:4407] for GET '/session/fda11f5abc0b8af7ea4ac13ad51fe42a/window'
19:53:59.419 [AsyncHttpClient-1-2] DEBUG org.asynchttpclient.netty.handler.HttpHandler - 

Request DefaultFullHttpRequest(decodeResult: success, version: HTTP/1.1, content: EmptyByteBufBE)
GET /session/fda11f5abc0b8af7ea4ac13ad51fe42a/window HTTP/1.1
User-Agent: selenium/4.7.1 (java windows)
Cache-Control: no-cache
Content-Type: application/json; charset=utf-8
host: localhost:4407
accept: */*

Response DefaultHttpResponse(decodeResult: success, version: HTTP/1.1)
HTTP/1.1 200 OK
Content-Type: application/json; charset=utf-8
cache-control: no-cache
content-length: 44

19:53:59.419 [AsyncHttpClient-1-2] DEBUG org.asynchttpclient.netty.channel.ChannelManager - Adding key: http://localhost:4407 for channel [id: 0x8befece4, L:/127.0.0.1:58730 - R:localhost/127.0.0.1:4407]
19:53:59.419 [Forwarding getAlertText on session fda11f5abc0b8af7ea4ac13ad51fe42a to remote] DEBUG org.asynchttpclient.netty.request.NettyRequestSender - Using pooled Channel '[id: 0x8befece4, L:/127.0.0.1:58730 - R:localhost/127.0.0.1:4407]' for 'GET' to 'http://localhost:4407/session/fda11f5abc0b8af7ea4ac13ad51fe42a/alert/text'
19:53:59.419 [Forwarding getAlertText on session fda11f5abc0b8af7ea4ac13ad51fe42a to remote] DEBUG org.asynchttpclient.netty.request.NettyRequestSender - Using open Channel [id: 0x8befece4, L:/127.0.0.1:58730 - R:localhost/127.0.0.1:4407] for GET '/session/fda11f5abc0b8af7ea4ac13ad51fe42a/alert/text'
19:53:59.467 [AsyncHttpClient-1-2] DEBUG org.asynchttpclient.netty.handler.HttpHandler - 

Request DefaultFullHttpRequest(decodeResult: success, version: HTTP/1.1, content: EmptyByteBufBE)
GET /session/fda11f5abc0b8af7ea4ac13ad51fe42a/alert/text HTTP/1.1
User-Agent: selenium/4.7.1 (java windows)
Cache-Control: no-cache
Content-Type: application/json; charset=utf-8
host: localhost:4407
accept: */*

Response DefaultHttpResponse(decodeResult: success, version: HTTP/1.1)
HTTP/1.1 404 Not Found
Content-Type: application/json; charset=utf-8
cache-control: no-cache
content-length: 821

19:53:59.467 [AsyncHttpClient-1-2] DEBUG org.asynchttpclient.netty.channel.ChannelManager - Adding key: http://localhost:4407 for channel [id: 0x8befece4, L:/127.0.0.1:58730 - R:localhost/127.0.0.1:4407]
19:53:59.475 [Forwarding switchToWindow on session fda11f5abc0b8af7ea4ac13ad51fe42a to remote] DEBUG org.asynchttpclient.netty.request.NettyRequestSender - Using pooled Channel '[id: 0x8befece4, L:/127.0.0.1:58730 - R:localhost/127.0.0.1:4407]' for 'POST' to 'http://localhost:4407/session/fda11f5abc0b8af7ea4ac13ad51fe42a/window'
19:53:59.475 [Forwarding switchToWindow on session fda11f5abc0b8af7ea4ac13ad51fe42a to remote] DEBUG org.asynchttpclient.netty.request.NettyRequestSender - Using open Channel [id: 0x8befece4, L:/127.0.0.1:58730 - R:localhost/127.0.0.1:4407] for POST '/session/fda11f5abc0b8af7ea4ac13ad51fe42a/window'
19:53:59.475 [AsyncHttpClient-1-2] DEBUG org.asynchttpclient.netty.handler.HttpHandler - 

Request DefaultHttpRequest(decodeResult: success, version: HTTP/1.1)
POST /session/fda11f5abc0b8af7ea4ac13ad51fe42a/window HTTP/1.1
User-Agent: selenium/4.7.1 (java windows)
Content-Length: 50
Content-Type: application/json; charset=utf-8
host: localhost:4407
accept: */*

Response DefaultHttpResponse(decodeResult: success, version: HTTP/1.1)
HTTP/1.1 200 OK
Content-Type: application/json; charset=utf-8
cache-control: no-cache
content-length: 14

19:53:59.475 [AsyncHttpClient-1-2] DEBUG org.asynchttpclient.netty.channel.ChannelManager - Adding key: http://localhost:4407 for channel [id: 0x8befece4, L:/127.0.0.1:58730 - R:localhost/127.0.0.1:4407]
19:53:59.475 [Forwarding getCurrentUrl on session fda11f5abc0b8af7ea4ac13ad51fe42a to remote] DEBUG org.asynchttpclient.netty.request.NettyRequestSender - Using pooled Channel '[id: 0x8befece4, L:/127.0.0.1:58730 - R:localhost/127.0.0.1:4407]' for 'GET' to 'http://localhost:4407/session/fda11f5abc0b8af7ea4ac13ad51fe42a/url'
19:53:59.475 [Forwarding getCurrentUrl on session fda11f5abc0b8af7ea4ac13ad51fe42a to remote] DEBUG org.asynchttpclient.netty.request.NettyRequestSender - Using open Channel [id: 0x8befece4, L:/127.0.0.1:58730 - R:localhost/127.0.0.1:4407] for GET '/session/fda11f5abc0b8af7ea4ac13ad51fe42a/url'
19:53:59.483 [AsyncHttpClient-1-2] DEBUG org.asynchttpclient.netty.handler.HttpHandler - 

Request DefaultFullHttpRequest(decodeResult: success, version: HTTP/1.1, content: EmptyByteBufBE)
GET /session/fda11f5abc0b8af7ea4ac13ad51fe42a/url HTTP/1.1
User-Agent: selenium/4.7.1 (java windows)
Cache-Control: no-cache
Content-Type: application/json; charset=utf-8
host: localhost:4407
accept: */*

Response DefaultHttpResponse(decodeResult: success, version: HTTP/1.1)
HTTP/1.1 200 OK
Content-Type: application/json; charset=utf-8
cache-control: no-cache
content-length: 51

19:53:59.483 [AsyncHttpClient-1-2] DEBUG org.asynchttpclient.netty.channel.ChannelManager - Adding key: http://localhost:4407 for channel [id: 0x8befece4, L:/127.0.0.1:58730 - R:localhost/127.0.0.1:4407]
19:53:59.483 [Forwarding screenshot on session fda11f5abc0b8af7ea4ac13ad51fe42a to remote] DEBUG org.asynchttpclient.netty.request.NettyRequestSender - Using pooled Channel '[id: 0x8befece4, L:/127.0.0.1:58730 - R:localhost/127.0.0.1:4407]' for 'GET' to 'http://localhost:4407/session/fda11f5abc0b8af7ea4ac13ad51fe42a/screenshot'
19:53:59.483 [Forwarding screenshot on session fda11f5abc0b8af7ea4ac13ad51fe42a to remote] DEBUG org.asynchttpclient.netty.request.NettyRequestSender - Using open Channel [id: 0x8befece4, L:/127.0.0.1:58730 - R:localhost/127.0.0.1:4407] for GET '/session/fda11f5abc0b8af7ea4ac13ad51fe42a/screenshot'
19:53:59.604 [AsyncHttpClient-1-2] DEBUG org.asynchttpclient.netty.handler.HttpHandler - 

Request DefaultFullHttpRequest(decodeResult: success, version: HTTP/1.1, content: EmptyByteBufBE)
GET /session/fda11f5abc0b8af7ea4ac13ad51fe42a/screenshot HTTP/1.1
User-Agent: selenium/4.7.1 (java windows)
Cache-Control: no-cache
Content-Type: application/json; charset=utf-8
host: localhost:4407
accept: */*

Response DefaultHttpResponse(decodeResult: success, version: HTTP/1.1)
HTTP/1.1 200 OK
Content-Type: application/json; charset=utf-8
cache-control: no-cache
content-length: 26156

19:53:59.604 [AsyncHttpClient-1-2] DEBUG org.asynchttpclient.netty.channel.ChannelManager - Adding key: http://localhost:4407 for channel [id: 0x8befece4, L:/127.0.0.1:58730 - R:localhost/127.0.0.1:4407]
19:53:59.612 [main] DEBUG net.serenitybdd.core.photography.Darkroom - Send negative for processing for target\site\serenity\7f1498faa53e1f2eb8d5fc89bcfa29dbb65e073fc80ab7bbfb05cf34d1e01760.png
19:53:59.612 [Darkroom Processing Line] DEBUG net.serenitybdd.core.photography.DarkroomProcessingLine - Processing screenshot image in /var/screenshots/screenshot-9325643221473019842
19:53:59.612 [Darkroom Processing Line] DEBUG net.serenitybdd.core.photography.DarkroomProcessingLine - Saving screenshot to target\site\serenity\7f1498faa53e1f2eb8d5fc89bcfa29dbb65e073fc80ab7bbfb05cf34d1e01760.png
19:53:59.612 [main] DEBUG net.thucydides.core.steps.StepInterceptor - STEP DONE: klikButtonLogin
19:53:59.620 [main] DEBUG net.thucydides.core.steps.StepInterceptor - STARTING STEP: TransaksiSteps.userBeradaDiHomepageAltaShopDanLoginAkun - inputEmail
19:53:59.620 [Forwarding findElement on session fda11f5abc0b8af7ea4ac13ad51fe42a to remote] DEBUG org.asynchttpclient.netty.request.NettyRequestSender - Using pooled Channel '[id: 0x8befece4, L:/127.0.0.1:58730 - R:localhost/127.0.0.1:4407]' for 'POST' to 'http://localhost:4407/session/fda11f5abc0b8af7ea4ac13ad51fe42a/element'
19:53:59.620 [Forwarding findElement on session fda11f5abc0b8af7ea4ac13ad51fe42a to remote] DEBUG org.asynchttpclient.netty.request.NettyRequestSender - Using open Channel [id: 0x8befece4, L:/127.0.0.1:58730 - R:localhost/127.0.0.1:4407] for POST '/session/fda11f5abc0b8af7ea4ac13ad51fe42a/element'
19:53:59.636 [AsyncHttpClient-1-2] DEBUG org.asynchttpclient.netty.handler.HttpHandler - 

Request DefaultHttpRequest(decodeResult: success, version: HTTP/1.1)
POST /session/fda11f5abc0b8af7ea4ac13ad51fe42a/element HTTP/1.1
User-Agent: selenium/4.7.1 (java windows)
Content-Length: 187
Content-Type: application/json; charset=utf-8
host: localhost:4407
accept: */*

Response DefaultHttpResponse(decodeResult: success, version: HTTP/1.1)
HTTP/1.1 200 OK
Content-Type: application/json; charset=utf-8
cache-control: no-cache
content-length: 88

19:53:59.636 [AsyncHttpClient-1-2] DEBUG org.asynchttpclient.netty.channel.ChannelManager - Adding key: http://localhost:4407 for channel [id: 0x8befece4, L:/127.0.0.1:58730 - R:localhost/127.0.0.1:4407]
19:53:59.636 [Forwarding clearElement on session fda11f5abc0b8af7ea4ac13ad51fe42a to remote] DEBUG org.asynchttpclient.netty.request.NettyRequestSender - Using pooled Channel '[id: 0x8befece4, L:/127.0.0.1:58730 - R:localhost/127.0.0.1:4407]' for 'POST' to 'http://localhost:4407/session/fda11f5abc0b8af7ea4ac13ad51fe42a/element/6f5bf0f8-da8d-424c-998a-d62c29563dc7/clear'
19:53:59.636 [Forwarding clearElement on session fda11f5abc0b8af7ea4ac13ad51fe42a to remote] DEBUG org.asynchttpclient.netty.request.NettyRequestSender - Using open Channel [id: 0x8befece4, L:/127.0.0.1:58730 - R:localhost/127.0.0.1:4407] for POST '/session/fda11f5abc0b8af7ea4ac13ad51fe42a/element/6f5bf0f8-da8d-424c-998a-d62c29563dc7/clear'
19:53:59.676 [AsyncHttpClient-1-2] DEBUG org.asynchttpclient.netty.handler.HttpHandler - 

Request DefaultHttpRequest(decodeResult: success, version: HTTP/1.1)
POST /session/fda11f5abc0b8af7ea4ac13ad51fe42a/element/6f5bf0f8-da8d-424c-998a-d62c29563dc7/clear HTTP/1.1
User-Agent: selenium/4.7.1 (java windows)
Content-Length: 50
Content-Type: application/json; charset=utf-8
host: localhost:4407
accept: */*

Response DefaultHttpResponse(decodeResult: success, version: HTTP/1.1)
HTTP/1.1 200 OK
Content-Type: application/json; charset=utf-8
cache-control: no-cache
content-length: 14

19:53:59.676 [AsyncHttpClient-1-2] DEBUG org.asynchttpclient.netty.channel.ChannelManager - Adding key: http://localhost:4407 for channel [id: 0x8befece4, L:/127.0.0.1:58730 - R:localhost/127.0.0.1:4407]
19:53:59.676 [Forwarding sendKeysToElement on session fda11f5abc0b8af7ea4ac13ad51fe42a to remote] DEBUG org.asynchttpclient.netty.request.NettyRequestSender - Using pooled Channel '[id: 0x8befece4, L:/127.0.0.1:58730 - R:localhost/127.0.0.1:4407]' for 'POST' to 'http://localhost:4407/session/fda11f5abc0b8af7ea4ac13ad51fe42a/element/6f5bf0f8-da8d-424c-998a-d62c29563dc7/value'
19:53:59.684 [Forwarding sendKeysToElement on session fda11f5abc0b8af7ea4ac13ad51fe42a to remote] DEBUG org.asynchttpclient.netty.request.NettyRequestSender - Using open Channel [id: 0x8befece4, L:/127.0.0.1:58730 - R:localhost/127.0.0.1:4407] for POST '/session/fda11f5abc0b8af7ea4ac13ad51fe42a/element/6f5bf0f8-da8d-424c-998a-d62c29563dc7/value'
19:53:59.796 [AsyncHttpClient-1-2] DEBUG org.asynchttpclient.netty.handler.HttpHandler - 

Request DefaultHttpRequest(decodeResult: success, version: HTTP/1.1)
POST /session/fda11f5abc0b8af7ea4ac13ad51fe42a/element/6f5bf0f8-da8d-424c-998a-d62c29563dc7/value HTTP/1.1
User-Agent: selenium/4.7.1 (java windows)
Content-Length: 211
Content-Type: application/json; charset=utf-8
host: localhost:4407
accept: */*

Response DefaultHttpResponse(decodeResult: success, version: HTTP/1.1)
HTTP/1.1 200 OK
Content-Type: application/json; charset=utf-8
cache-control: no-cache
content-length: 14

19:53:59.804 [AsyncHttpClient-1-2] DEBUG org.asynchttpclient.netty.channel.ChannelManager - Adding key: http://localhost:4407 for channel [id: 0x8befece4, L:/127.0.0.1:58730 - R:localhost/127.0.0.1:4407]
19:53:59.812 [Forwarding getCurrentWindowHandle on session fda11f5abc0b8af7ea4ac13ad51fe42a to remote] DEBUG org.asynchttpclient.netty.request.NettyRequestSender - Using pooled Channel '[id: 0x8befece4, L:/127.0.0.1:58730 - R:localhost/127.0.0.1:4407]' for 'GET' to 'http://localhost:4407/session/fda11f5abc0b8af7ea4ac13ad51fe42a/window'
19:53:59.812 [Forwarding getCurrentWindowHandle on session fda11f5abc0b8af7ea4ac13ad51fe42a to remote] DEBUG org.asynchttpclient.netty.request.NettyRequestSender - Using open Channel [id: 0x8befece4, L:/127.0.0.1:58730 - R:localhost/127.0.0.1:4407] for GET '/session/fda11f5abc0b8af7ea4ac13ad51fe42a/window'
19:53:59.812 [AsyncHttpClient-1-2] DEBUG org.asynchttpclient.netty.handler.HttpHandler - 

Request DefaultFullHttpRequest(decodeResult: success, version: HTTP/1.1, content: EmptyByteBufBE)
GET /session/fda11f5abc0b8af7ea4ac13ad51fe42a/window HTTP/1.1
User-Agent: selenium/4.7.1 (java windows)
Cache-Control: no-cache
Content-Type: application/json; charset=utf-8
host: localhost:4407
accept: */*

Response DefaultHttpResponse(decodeResult: success, version: HTTP/1.1)
HTTP/1.1 200 OK
Content-Type: application/json; charset=utf-8
cache-control: no-cache
content-length: 44

19:53:59.812 [AsyncHttpClient-1-2] DEBUG org.asynchttpclient.netty.channel.ChannelManager - Adding key: http://localhost:4407 for channel [id: 0x8befece4, L:/127.0.0.1:58730 - R:localhost/127.0.0.1:4407]
19:53:59.812 [Forwarding getAlertText on session fda11f5abc0b8af7ea4ac13ad51fe42a to remote] DEBUG org.asynchttpclient.netty.request.NettyRequestSender - Using pooled Channel '[id: 0x8befece4, L:/127.0.0.1:58730 - R:localhost/127.0.0.1:4407]' for 'GET' to 'http://localhost:4407/session/fda11f5abc0b8af7ea4ac13ad51fe42a/alert/text'
19:53:59.812 [Forwarding getAlertText on session fda11f5abc0b8af7ea4ac13ad51fe42a to remote] DEBUG org.asynchttpclient.netty.request.NettyRequestSender - Using open Channel [id: 0x8befece4, L:/127.0.0.1:58730 - R:localhost/127.0.0.1:4407] for GET '/session/fda11f5abc0b8af7ea4ac13ad51fe42a/alert/text'
19:53:59.820 [AsyncHttpClient-1-2] DEBUG org.asynchttpclient.netty.handler.HttpHandler - 

Request DefaultFullHttpRequest(decodeResult: success, version: HTTP/1.1, content: EmptyByteBufBE)
GET /session/fda11f5abc0b8af7ea4ac13ad51fe42a/alert/text HTTP/1.1
User-Agent: selenium/4.7.1 (java windows)
Cache-Control: no-cache
Content-Type: application/json; charset=utf-8
host: localhost:4407
accept: */*

Response DefaultHttpResponse(decodeResult: success, version: HTTP/1.1)
HTTP/1.1 404 Not Found
Content-Type: application/json; charset=utf-8
cache-control: no-cache
content-length: 821

19:53:59.820 [AsyncHttpClient-1-2] DEBUG org.asynchttpclient.netty.channel.ChannelManager - Adding key: http://localhost:4407 for channel [id: 0x8befece4, L:/127.0.0.1:58730 - R:localhost/127.0.0.1:4407]
19:53:59.820 [Forwarding switchToWindow on session fda11f5abc0b8af7ea4ac13ad51fe42a to remote] DEBUG org.asynchttpclient.netty.request.NettyRequestSender - Using pooled Channel '[id: 0x8befece4, L:/127.0.0.1:58730 - R:localhost/127.0.0.1:4407]' for 'POST' to 'http://localhost:4407/session/fda11f5abc0b8af7ea4ac13ad51fe42a/window'
19:53:59.820 [Forwarding switchToWindow on session fda11f5abc0b8af7ea4ac13ad51fe42a to remote] DEBUG org.asynchttpclient.netty.request.NettyRequestSender - Using open Channel [id: 0x8befece4, L:/127.0.0.1:58730 - R:localhost/127.0.0.1:4407] for POST '/session/fda11f5abc0b8af7ea4ac13ad51fe42a/window'
19:53:59.820 [AsyncHttpClient-1-2] DEBUG org.asynchttpclient.netty.handler.HttpHandler - 

Request DefaultHttpRequest(decodeResult: success, version: HTTP/1.1)
POST /session/fda11f5abc0b8af7ea4ac13ad51fe42a/window HTTP/1.1
User-Agent: selenium/4.7.1 (java windows)
Content-Length: 50
Content-Type: application/json; charset=utf-8
host: localhost:4407
accept: */*

Response DefaultHttpResponse(decodeResult: success, version: HTTP/1.1)
HTTP/1.1 200 OK
Content-Type: application/json; charset=utf-8
cache-control: no-cache
content-length: 14

19:53:59.820 [AsyncHttpClient-1-2] DEBUG org.asynchttpclient.netty.channel.ChannelManager - Adding key: http://localhost:4407 for channel [id: 0x8befece4, L:/127.0.0.1:58730 - R:localhost/127.0.0.1:4407]
19:53:59.828 [Forwarding getCurrentUrl on session fda11f5abc0b8af7ea4ac13ad51fe42a to remote] DEBUG org.asynchttpclient.netty.request.NettyRequestSender - Using pooled Channel '[id: 0x8befece4, L:/127.0.0.1:58730 - R:localhost/127.0.0.1:4407]' for 'GET' to 'http://localhost:4407/session/fda11f5abc0b8af7ea4ac13ad51fe42a/url'
19:53:59.828 [Forwarding getCurrentUrl on session fda11f5abc0b8af7ea4ac13ad51fe42a to remote] DEBUG org.asynchttpclient.netty.request.NettyRequestSender - Using open Channel [id: 0x8befece4, L:/127.0.0.1:58730 - R:localhost/127.0.0.1:4407] for GET '/session/fda11f5abc0b8af7ea4ac13ad51fe42a/url'
19:53:59.828 [AsyncHttpClient-1-2] DEBUG org.asynchttpclient.netty.handler.HttpHandler - 

Request DefaultFullHttpRequest(decodeResult: success, version: HTTP/1.1, content: EmptyByteBufBE)
GET /session/fda11f5abc0b8af7ea4ac13ad51fe42a/url HTTP/1.1
User-Agent: selenium/4.7.1 (java windows)
Cache-Control: no-cache
Content-Type: application/json; charset=utf-8
host: localhost:4407
accept: */*

Response DefaultHttpResponse(decodeResult: success, version: HTTP/1.1)
HTTP/1.1 200 OK
Content-Type: application/json; charset=utf-8
cache-control: no-cache
content-length: 51

19:53:59.828 [AsyncHttpClient-1-2] DEBUG org.asynchttpclient.netty.channel.ChannelManager - Adding key: http://localhost:4407 for channel [id: 0x8befece4, L:/127.0.0.1:58730 - R:localhost/127.0.0.1:4407]
19:53:59.828 [Forwarding screenshot on session fda11f5abc0b8af7ea4ac13ad51fe42a to remote] DEBUG org.asynchttpclient.netty.request.NettyRequestSender - Using pooled Channel '[id: 0x8befece4, L:/127.0.0.1:58730 - R:localhost/127.0.0.1:4407]' for 'GET' to 'http://localhost:4407/session/fda11f5abc0b8af7ea4ac13ad51fe42a/screenshot'
19:53:59.828 [Forwarding screenshot on session fda11f5abc0b8af7ea4ac13ad51fe42a to remote] DEBUG org.asynchttpclient.netty.request.NettyRequestSender - Using open Channel [id: 0x8befece4, L:/127.0.0.1:58730 - R:localhost/127.0.0.1:4407] for GET '/session/fda11f5abc0b8af7ea4ac13ad51fe42a/screenshot'
19:53:59.988 [AsyncHttpClient-1-2] DEBUG org.asynchttpclient.netty.handler.HttpHandler - 

Request DefaultFullHttpRequest(decodeResult: success, version: HTTP/1.1, content: EmptyByteBufBE)
GET /session/fda11f5abc0b8af7ea4ac13ad51fe42a/screenshot HTTP/1.1
User-Agent: selenium/4.7.1 (java windows)
Cache-Control: no-cache
Content-Type: application/json; charset=utf-8
host: localhost:4407
accept: */*

Response DefaultHttpResponse(decodeResult: success, version: HTTP/1.1)
HTTP/1.1 200 OK
Content-Type: application/json; charset=utf-8
cache-control: no-cache
content-length: 29900

19:53:59.996 [AsyncHttpClient-1-2] DEBUG org.asynchttpclient.netty.channel.ChannelManager - Adding key: http://localhost:4407 for channel [id: 0x8befece4, L:/127.0.0.1:58730 - R:localhost/127.0.0.1:4407]
19:53:59.996 [main] DEBUG net.serenitybdd.core.photography.Darkroom - Send negative for processing for target\site\serenity\9bfd4e63b2a7658cbeadae07cb0d27c34b30c7feca63037297b551ca90d96f97.png
19:53:59.996 [main] DEBUG net.thucydides.core.steps.StepInterceptor - STEP DONE: inputEmail
19:53:59.996 [Darkroom Processing Line] DEBUG net.serenitybdd.core.photography.DarkroomProcessingLine - Processing screenshot image in /var/screenshots/screenshot-7601396904707681692
19:53:59.996 [Darkroom Processing Line] DEBUG net.serenitybdd.core.photography.DarkroomProcessingLine - Saving screenshot to target\site\serenity\9bfd4e63b2a7658cbeadae07cb0d27c34b30c7feca63037297b551ca90d96f97.png
19:54:00.004 [main] DEBUG net.thucydides.core.steps.StepInterceptor - STARTING STEP: TransaksiSteps.userBeradaDiHomepageAltaShopDanLoginAkun - inputPassword
19:54:00.004 [Forwarding findElement on session fda11f5abc0b8af7ea4ac13ad51fe42a to remote] DEBUG org.asynchttpclient.netty.request.NettyRequestSender - Using pooled Channel '[id: 0x8befece4, L:/127.0.0.1:58730 - R:localhost/127.0.0.1:4407]' for 'POST' to 'http://localhost:4407/session/fda11f5abc0b8af7ea4ac13ad51fe42a/element'
19:54:00.004 [Forwarding findElement on session fda11f5abc0b8af7ea4ac13ad51fe42a to remote] DEBUG org.asynchttpclient.netty.request.NettyRequestSender - Using open Channel [id: 0x8befece4, L:/127.0.0.1:58730 - R:localhost/127.0.0.1:4407] for POST '/session/fda11f5abc0b8af7ea4ac13ad51fe42a/element'
19:54:00.012 [AsyncHttpClient-1-1] DEBUG org.asynchttpclient.netty.channel.DefaultChannelPool - Entry count for : http://localhost:58732 : 1
19:54:00.020 [AsyncHttpClient-1-2] DEBUG org.asynchttpclient.netty.handler.HttpHandler - 

Request DefaultHttpRequest(decodeResult: success, version: HTTP/1.1)
POST /session/fda11f5abc0b8af7ea4ac13ad51fe42a/element HTTP/1.1
User-Agent: selenium/4.7.1 (java windows)
Content-Length: 187
Content-Type: application/json; charset=utf-8
host: localhost:4407
accept: */*

Response DefaultHttpResponse(decodeResult: success, version: HTTP/1.1)
HTTP/1.1 200 OK
Content-Type: application/json; charset=utf-8
cache-control: no-cache
content-length: 88

19:54:00.020 [AsyncHttpClient-1-2] DEBUG org.asynchttpclient.netty.channel.ChannelManager - Adding key: http://localhost:4407 for channel [id: 0x8befece4, L:/127.0.0.1:58730 - R:localhost/127.0.0.1:4407]
19:54:00.020 [Forwarding clearElement on session fda11f5abc0b8af7ea4ac13ad51fe42a to remote] DEBUG org.asynchttpclient.netty.request.NettyRequestSender - Using pooled Channel '[id: 0x8befece4, L:/127.0.0.1:58730 - R:localhost/127.0.0.1:4407]' for 'POST' to 'http://localhost:4407/session/fda11f5abc0b8af7ea4ac13ad51fe42a/element/a6544225-a9f7-4c3d-afbb-82bdb5df9989/clear'
19:54:00.020 [Forwarding clearElement on session fda11f5abc0b8af7ea4ac13ad51fe42a to remote] DEBUG org.asynchttpclient.netty.request.NettyRequestSender - Using open Channel [id: 0x8befece4, L:/127.0.0.1:58730 - R:localhost/127.0.0.1:4407] for POST '/session/fda11f5abc0b8af7ea4ac13ad51fe42a/element/a6544225-a9f7-4c3d-afbb-82bdb5df9989/clear'
19:54:00.060 [AsyncHttpClient-1-2] DEBUG org.asynchttpclient.netty.handler.HttpHandler - 

Request DefaultHttpRequest(decodeResult: success, version: HTTP/1.1)
POST /session/fda11f5abc0b8af7ea4ac13ad51fe42a/element/a6544225-a9f7-4c3d-afbb-82bdb5df9989/clear HTTP/1.1
User-Agent: selenium/4.7.1 (java windows)
Content-Length: 50
Content-Type: application/json; charset=utf-8
host: localhost:4407
accept: */*

Response DefaultHttpResponse(decodeResult: success, version: HTTP/1.1)
HTTP/1.1 200 OK
Content-Type: application/json; charset=utf-8
cache-control: no-cache
content-length: 14

19:54:00.060 [AsyncHttpClient-1-2] DEBUG org.asynchttpclient.netty.channel.ChannelManager - Adding key: http://localhost:4407 for channel [id: 0x8befece4, L:/127.0.0.1:58730 - R:localhost/127.0.0.1:4407]
19:54:00.060 [Forwarding sendKeysToElement on session fda11f5abc0b8af7ea4ac13ad51fe42a to remote] DEBUG org.asynchttpclient.netty.request.NettyRequestSender - Using pooled Channel '[id: 0x8befece4, L:/127.0.0.1:58730 - R:localhost/127.0.0.1:4407]' for 'POST' to 'http://localhost:4407/session/fda11f5abc0b8af7ea4ac13ad51fe42a/element/a6544225-a9f7-4c3d-afbb-82bdb5df9989/value'
19:54:00.060 [Forwarding sendKeysToElement on session fda11f5abc0b8af7ea4ac13ad51fe42a to remote] DEBUG org.asynchttpclient.netty.request.NettyRequestSender - Using open Channel [id: 0x8befece4, L:/127.0.0.1:58730 - R:localhost/127.0.0.1:4407] for POST '/session/fda11f5abc0b8af7ea4ac13ad51fe42a/element/a6544225-a9f7-4c3d-afbb-82bdb5df9989/value'
19:54:00.124 [AsyncHttpClient-1-2] DEBUG org.asynchttpclient.netty.handler.HttpHandler - 

Request DefaultHttpRequest(decodeResult: success, version: HTTP/1.1)
POST /session/fda11f5abc0b8af7ea4ac13ad51fe42a/element/a6544225-a9f7-4c3d-afbb-82bdb5df9989/value HTTP/1.1
User-Agent: selenium/4.7.1 (java windows)
Content-Length: 111
Content-Type: application/json; charset=utf-8
host: localhost:4407
accept: */*

Response DefaultHttpResponse(decodeResult: success, version: HTTP/1.1)
HTTP/1.1 200 OK
Content-Type: application/json; charset=utf-8
cache-control: no-cache
content-length: 14

19:54:00.124 [AsyncHttpClient-1-2] DEBUG org.asynchttpclient.netty.channel.ChannelManager - Adding key: http://localhost:4407 for channel [id: 0x8befece4, L:/127.0.0.1:58730 - R:localhost/127.0.0.1:4407]
19:54:00.132 [Forwarding getCurrentWindowHandle on session fda11f5abc0b8af7ea4ac13ad51fe42a to remote] DEBUG org.asynchttpclient.netty.request.NettyRequestSender - Using pooled Channel '[id: 0x8befece4, L:/127.0.0.1:58730 - R:localhost/127.0.0.1:4407]' for 'GET' to 'http://localhost:4407/session/fda11f5abc0b8af7ea4ac13ad51fe42a/window'
19:54:00.132 [Forwarding getCurrentWindowHandle on session fda11f5abc0b8af7ea4ac13ad51fe42a to remote] DEBUG org.asynchttpclient.netty.request.NettyRequestSender - Using open Channel [id: 0x8befece4, L:/127.0.0.1:58730 - R:localhost/127.0.0.1:4407] for GET '/session/fda11f5abc0b8af7ea4ac13ad51fe42a/window'
19:54:00.132 [AsyncHttpClient-1-2] DEBUG org.asynchttpclient.netty.handler.HttpHandler - 

Request DefaultFullHttpRequest(decodeResult: success, version: HTTP/1.1, content: EmptyByteBufBE)
GET /session/fda11f5abc0b8af7ea4ac13ad51fe42a/window HTTP/1.1
User-Agent: selenium/4.7.1 (java windows)
Cache-Control: no-cache
Content-Type: application/json; charset=utf-8
host: localhost:4407
accept: */*

Response DefaultHttpResponse(decodeResult: success, version: HTTP/1.1)
HTTP/1.1 200 OK
Content-Type: application/json; charset=utf-8
cache-control: no-cache
content-length: 44

19:54:00.132 [AsyncHttpClient-1-2] DEBUG org.asynchttpclient.netty.channel.ChannelManager - Adding key: http://localhost:4407 for channel [id: 0x8befece4, L:/127.0.0.1:58730 - R:localhost/127.0.0.1:4407]
19:54:00.132 [Forwarding getAlertText on session fda11f5abc0b8af7ea4ac13ad51fe42a to remote] DEBUG org.asynchttpclient.netty.request.NettyRequestSender - Using pooled Channel '[id: 0x8befece4, L:/127.0.0.1:58730 - R:localhost/127.0.0.1:4407]' for 'GET' to 'http://localhost:4407/session/fda11f5abc0b8af7ea4ac13ad51fe42a/alert/text'
19:54:00.132 [Forwarding getAlertText on session fda11f5abc0b8af7ea4ac13ad51fe42a to remote] DEBUG org.asynchttpclient.netty.request.NettyRequestSender - Using open Channel [id: 0x8befece4, L:/127.0.0.1:58730 - R:localhost/127.0.0.1:4407] for GET '/session/fda11f5abc0b8af7ea4ac13ad51fe42a/alert/text'
19:54:00.140 [AsyncHttpClient-1-2] DEBUG org.asynchttpclient.netty.handler.HttpHandler - 

Request DefaultFullHttpRequest(decodeResult: success, version: HTTP/1.1, content: EmptyByteBufBE)
GET /session/fda11f5abc0b8af7ea4ac13ad51fe42a/alert/text HTTP/1.1
User-Agent: selenium/4.7.1 (java windows)
Cache-Control: no-cache
Content-Type: application/json; charset=utf-8
host: localhost:4407
accept: */*

Response DefaultHttpResponse(decodeResult: success, version: HTTP/1.1)
HTTP/1.1 404 Not Found
Content-Type: application/json; charset=utf-8
cache-control: no-cache
content-length: 821

19:54:00.140 [AsyncHttpClient-1-2] DEBUG org.asynchttpclient.netty.channel.ChannelManager - Adding key: http://localhost:4407 for channel [id: 0x8befece4, L:/127.0.0.1:58730 - R:localhost/127.0.0.1:4407]
19:54:00.148 [Forwarding switchToWindow on session fda11f5abc0b8af7ea4ac13ad51fe42a to remote] DEBUG org.asynchttpclient.netty.request.NettyRequestSender - Using pooled Channel '[id: 0x8befece4, L:/127.0.0.1:58730 - R:localhost/127.0.0.1:4407]' for 'POST' to 'http://localhost:4407/session/fda11f5abc0b8af7ea4ac13ad51fe42a/window'
19:54:00.148 [Forwarding switchToWindow on session fda11f5abc0b8af7ea4ac13ad51fe42a to remote] DEBUG org.asynchttpclient.netty.request.NettyRequestSender - Using open Channel [id: 0x8befece4, L:/127.0.0.1:58730 - R:localhost/127.0.0.1:4407] for POST '/session/fda11f5abc0b8af7ea4ac13ad51fe42a/window'
19:54:00.148 [AsyncHttpClient-1-2] DEBUG org.asynchttpclient.netty.handler.HttpHandler - 

Request DefaultHttpRequest(decodeResult: success, version: HTTP/1.1)
POST /session/fda11f5abc0b8af7ea4ac13ad51fe42a/window HTTP/1.1
User-Agent: selenium/4.7.1 (java windows)
Content-Length: 50
Content-Type: application/json; charset=utf-8
host: localhost:4407
accept: */*

Response DefaultHttpResponse(decodeResult: success, version: HTTP/1.1)
HTTP/1.1 200 OK
Content-Type: application/json; charset=utf-8
cache-control: no-cache
content-length: 14

19:54:00.148 [AsyncHttpClient-1-2] DEBUG org.asynchttpclient.netty.channel.ChannelManager - Adding key: http://localhost:4407 for channel [id: 0x8befece4, L:/127.0.0.1:58730 - R:localhost/127.0.0.1:4407]
19:54:00.156 [Forwarding getCurrentUrl on session fda11f5abc0b8af7ea4ac13ad51fe42a to remote] DEBUG org.asynchttpclient.netty.request.NettyRequestSender - Using pooled Channel '[id: 0x8befece4, L:/127.0.0.1:58730 - R:localhost/127.0.0.1:4407]' for 'GET' to 'http://localhost:4407/session/fda11f5abc0b8af7ea4ac13ad51fe42a/url'
19:54:00.156 [Forwarding getCurrentUrl on session fda11f5abc0b8af7ea4ac13ad51fe42a to remote] DEBUG org.asynchttpclient.netty.request.NettyRequestSender - Using open Channel [id: 0x8befece4, L:/127.0.0.1:58730 - R:localhost/127.0.0.1:4407] for GET '/session/fda11f5abc0b8af7ea4ac13ad51fe42a/url'
19:54:00.164 [AsyncHttpClient-1-2] DEBUG org.asynchttpclient.netty.handler.HttpHandler - 

Request DefaultFullHttpRequest(decodeResult: success, version: HTTP/1.1, content: EmptyByteBufBE)
GET /session/fda11f5abc0b8af7ea4ac13ad51fe42a/url HTTP/1.1
User-Agent: selenium/4.7.1 (java windows)
Cache-Control: no-cache
Content-Type: application/json; charset=utf-8
host: localhost:4407
accept: */*

Response DefaultHttpResponse(decodeResult: success, version: HTTP/1.1)
HTTP/1.1 200 OK
Content-Type: application/json; charset=utf-8
cache-control: no-cache
content-length: 51

19:54:00.164 [AsyncHttpClient-1-2] DEBUG org.asynchttpclient.netty.channel.ChannelManager - Adding key: http://localhost:4407 for channel [id: 0x8befece4, L:/127.0.0.1:58730 - R:localhost/127.0.0.1:4407]
19:54:00.164 [Forwarding screenshot on session fda11f5abc0b8af7ea4ac13ad51fe42a to remote] DEBUG org.asynchttpclient.netty.request.NettyRequestSender - Using pooled Channel '[id: 0x8befece4, L:/127.0.0.1:58730 - R:localhost/127.0.0.1:4407]' for 'GET' to 'http://localhost:4407/session/fda11f5abc0b8af7ea4ac13ad51fe42a/screenshot'
19:54:00.164 [Forwarding screenshot on session fda11f5abc0b8af7ea4ac13ad51fe42a to remote] DEBUG org.asynchttpclient.netty.request.NettyRequestSender - Using open Channel [id: 0x8befece4, L:/127.0.0.1:58730 - R:localhost/127.0.0.1:4407] for GET '/session/fda11f5abc0b8af7ea4ac13ad51fe42a/screenshot'
19:54:00.309 [AsyncHttpClient-1-2] DEBUG org.asynchttpclient.netty.handler.HttpHandler - 

[...]
cache-control: no-cache
content-length: 46

19:54:35.350 [AsyncHttpClient-1-14] DEBUG org.asynchttpclient.netty.channel.ChannelManager - Adding key: http://localhost:30531 for channel [id: 0xa21b36e8, L:/127.0.0.1:58861 - R:localhost/127.0.0.1:30531]
19:54:35.351 [Forwarding screenshot on session 25b4bacb2236b3744b95e994d7263b9f to remote] DEBUG org.asynchttpclient.netty.request.NettyRequestSender - Using pooled Channel '[id: 0xa21b36e8, L:/127.0.0.1:58861 - R:localhost/127.0.0.1:30531]' for 'GET' to 'http://localhost:30531/session/25b4bacb2236b3744b95e994d7263b9f/screenshot'
19:54:35.351 [Forwarding screenshot on session 25b4bacb2236b3744b95e994d7263b9f to remote] DEBUG org.asynchttpclient.netty.request.NettyRequestSender - Using open Channel [id: 0xa21b36e8, L:/127.0.0.1:58861 - R:localhost/127.0.0.1:30531] for GET '/session/25b4bacb2236b3744b95e994d7263b9f/screenshot'
19:54:35.464 [AsyncHttpClient-1-14] DEBUG org.asynchttpclient.netty.handler.HttpHandler - 

Request DefaultFullHttpRequest(decodeResult: success, version: HTTP/1.1, content: EmptyByteBufBE)
GET /session/25b4bacb2236b3744b95e994d7263b9f/screenshot HTTP/1.1
User-Agent: selenium/4.7.1 (java windows)
Cache-Control: no-cache
Content-Type: application/json; charset=utf-8
host: localhost:30531
accept: */*

Response DefaultHttpResponse(decodeResult: success, version: HTTP/1.1)
HTTP/1.1 200 OK
Content-Type: application/json; charset=utf-8
cache-control: no-cache
content-length: 18768

19:54:35.465 [AsyncHttpClient-1-14] DEBUG org.asynchttpclient.netty.channel.ChannelManager - Adding key: http://localhost:30531 for channel [id: 0xa21b36e8, L:/127.0.0.1:58861 - R:localhost/127.0.0.1:30531]
19:54:35.466 [main] DEBUG net.serenitybdd.core.photography.Darkroom - Send negative for processing for target\site\serenity\174c480be0674b45d5bf8b1fd7107190639a4084d1d11b03ad9e58f91d3836ed.png
19:54:35.466 [main] DEBUG net.thucydides.core.steps.StepInterceptor - STEP DONE: klikTombolMinus
19:54:35.466 [Darkroom Processing Line] DEBUG net.serenitybdd.core.photography.DarkroomProcessingLine - Processing screenshot image in /var/screenshots/screenshot-7698968434304153127
19:54:35.466 [Darkroom Processing Line] DEBUG net.serenitybdd.core.photography.DarkroomProcessingLine - Saving screenshot to target\site\serenity\174c480be0674b45d5bf8b1fd7107190639a4084d1d11b03ad9e58f91d3836ed.png
  &amp#27;[32mThen &amp#27;[0m&amp#27;[32muser klik tombol minus&amp#27;[0m                                             &amp#27;[90m# starter.stepdefinitions.TransaksiSteps.userKlikTombolMinus()&amp#27;[0m
19:54:35.477 [main] DEBUG net.thucydides.core.steps.StepInterceptor - STARTING STEP: TransaksiSteps.munculAlertMessagePesananKosong - munculPesananKosong
19:54:35.481 [Forwarding findElement on session 25b4bacb2236b3744b95e994d7263b9f to remote] DEBUG org.asynchttpclient.netty.request.NettyRequestSender - Using pooled Channel '[id: 0xa21b36e8, L:/127.0.0.1:58861 - R:localhost/127.0.0.1:30531]' for 'POST' to 'http://localhost:30531/session/25b4bacb2236b3744b95e994d7263b9f/element'
19:54:35.481 [Forwarding findElement on session 25b4bacb2236b3744b95e994d7263b9f to remote] DEBUG org.asynchttpclient.netty.request.NettyRequestSender - Using open Channel [id: 0xa21b36e8, L:/127.0.0.1:58861 - R:localhost/127.0.0.1:30531] for POST '/session/25b4bacb2236b3744b95e994d7263b9f/element'
19:54:35.493 [AsyncHttpClient-1-14] DEBUG org.asynchttpclient.netty.handler.HttpHandler - 

Request DefaultHttpRequest(decodeResult: success, version: HTTP/1.1)
POST /session/25b4bacb2236b3744b95e994d7263b9f/element HTTP/1.1
User-Agent: selenium/4.7.1 (java windows)
Content-Length: 109
Content-Type: application/json; charset=utf-8
host: localhost:30531
accept: */*

Response DefaultHttpResponse(decodeResult: success, version: HTTP/1.1)
HTTP/1.1 200 OK
Content-Type: application/json; charset=utf-8
cache-control: no-cache
content-length: 88

19:54:35.493 [AsyncHttpClient-1-14] DEBUG org.asynchttpclient.netty.channel.ChannelManager - Adding key: http://localhost:30531 for channel [id: 0xa21b36e8, L:/127.0.0.1:58861 - R:localhost/127.0.0.1:30531]
19:54:35.497 [Forwarding isElementDisplayed on session 25b4bacb2236b3744b95e994d7263b9f to remote] DEBUG org.asynchttpclient.netty.request.NettyRequestSender - Using pooled Channel '[id: 0xa21b36e8, L:/127.0.0.1:58861 - R:localhost/127.0.0.1:30531]' for 'POST' to 'http://localhost:30531/session/25b4bacb2236b3744b95e994d7263b9f/execute/sync'
19:54:35.498 [Forwarding isElementDisplayed on session 25b4bacb2236b3744b95e994d7263b9f to remote] DEBUG org.asynchttpclient.netty.request.NettyRequestSender - Using open Channel [id: 0xa21b36e8, L:/127.0.0.1:58861 - R:localhost/127.0.0.1:30531] for POST '/session/25b4bacb2236b3744b95e994d7263b9f/execute/sync'
19:54:35.511 [AsyncHttpClient-1-14] DEBUG org.asynchttpclient.netty.handler.HttpHandler - 

Request DefaultHttpRequest(decodeResult: success, version: HTTP/1.1)
POST /session/25b4bacb2236b3744b95e994d7263b9f/execute/sync HTTP/1.1
User-Agent: selenium/4.7.1 (java windows)
Content-Length: 48780
Content-Type: application/json; charset=utf-8
host: localhost:30531
accept: */*

Response DefaultHttpResponse(decodeResult: success, version: HTTP/1.1)
HTTP/1.1 200 OK
Content-Type: application/json; charset=utf-8
cache-control: no-cache
content-length: 14

19:54:35.511 [AsyncHttpClient-1-14] DEBUG org.asynchttpclient.netty.channel.ChannelManager - Adding key: http://localhost:30531 for channel [id: 0xa21b36e8, L:/127.0.0.1:58861 - R:localhost/127.0.0.1:30531]
19:54:35.514 [Forwarding isElementDisplayed on session 25b4bacb2236b3744b95e994d7263b9f to remote] DEBUG org.asynchttpclient.netty.request.NettyRequestSender - Using pooled Channel '[id: 0xa21b36e8, L:/127.0.0.1:58861 - R:localhost/127.0.0.1:30531]' for 'POST' to 'http://localhost:30531/session/25b4bacb2236b3744b95e994d7263b9f/execute/sync'
19:54:35.514 [Forwarding isElementDisplayed on session 25b4bacb2236b3744b95e994d7263b9f to remote] DEBUG org.asynchttpclient.netty.request.NettyRequestSender - Using open Channel [id: 0xa21b36e8, L:/127.0.0.1:58861 - R:localhost/127.0.0.1:30531] for POST '/session/25b4bacb2236b3744b95e994d7263b9f/execute/sync'
19:54:35.522 [AsyncHttpClient-1-14] DEBUG org.asynchttpclient.netty.handler.HttpHandler - 

Request DefaultHttpRequest(decodeResult: success, version: HTTP/1.1)
POST /session/25b4bacb2236b3744b95e994d7263b9f/execute/sync HTTP/1.1
User-Agent: selenium/4.7.1 (java windows)
Content-Length: 48780
Content-Type: application/json; charset=utf-8
host: localhost:30531
accept: */*

Response DefaultHttpResponse(decodeResult: success, version: HTTP/1.1)
HTTP/1.1 200 OK
Content-Type: application/json; charset=utf-8
cache-control: no-cache
content-length: 14

19:54:35.522 [AsyncHttpClient-1-14] DEBUG org.asynchttpclient.netty.channel.ChannelManager - Adding key: http://localhost:30531 for channel [id: 0xa21b36e8, L:/127.0.0.1:58861 - R:localhost/127.0.0.1:30531]
19:54:35.527 [Forwarding getCurrentWindowHandle on session 25b4bacb2236b3744b95e994d7263b9f to remote] DEBUG org.asynchttpclient.netty.request.NettyRequestSender - Using pooled Channel '[id: 0xa21b36e8, L:/127.0.0.1:58861 - R:localhost/127.0.0.1:30531]' for 'GET' to 'http://localhost:30531/session/25b4bacb2236b3744b95e994d7263b9f/window'
19:54:35.527 [Forwarding getCurrentWindowHandle on session 25b4bacb2236b3744b95e994d7263b9f to remote] DEBUG org.asynchttpclient.netty.request.NettyRequestSender - Using open Channel [id: 0xa21b36e8, L:/127.0.0.1:58861 - R:localhost/127.0.0.1:30531] for GET '/session/25b4bacb2236b3744b95e994d7263b9f/window'
19:54:35.528 [AsyncHttpClient-1-14] DEBUG org.asynchttpclient.netty.handler.HttpHandler - 

Request DefaultFullHttpRequest(decodeResult: success, version: HTTP/1.1, content: EmptyByteBufBE)
GET /session/25b4bacb2236b3744b95e994d7263b9f/window HTTP/1.1
User-Agent: selenium/4.7.1 (java windows)
Cache-Control: no-cache
Content-Type: application/json; charset=utf-8
host: localhost:30531
accept: */*

Response DefaultHttpResponse(decodeResult: success, version: HTTP/1.1)
HTTP/1.1 200 OK
Content-Type: application/json; charset=utf-8
cache-control: no-cache
content-length: 44

19:54:35.528 [AsyncHttpClient-1-14] DEBUG org.asynchttpclient.netty.channel.ChannelManager - Adding key: http://localhost:30531 for channel [id: 0xa21b36e8, L:/127.0.0.1:58861 - R:localhost/127.0.0.1:30531]
19:54:35.529 [Forwarding getAlertText on session 25b4bacb2236b3744b95e994d7263b9f to remote] DEBUG org.asynchttpclient.netty.request.NettyRequestSender - Using pooled Channel '[id: 0xa21b36e8, L:/127.0.0.1:58861 - R:localhost/127.0.0.1:30531]' for 'GET' to 'http://localhost:30531/session/25b4bacb2236b3744b95e994d7263b9f/alert/text'
19:54:35.529 [Forwarding getAlertText on session 25b4bacb2236b3744b95e994d7263b9f to remote] DEBUG org.asynchttpclient.netty.request.NettyRequestSender - Using open Channel [id: 0xa21b36e8, L:/127.0.0.1:58861 - R:localhost/127.0.0.1:30531] for GET '/session/25b4bacb2236b3744b95e994d7263b9f/alert/text'
19:54:35.531 [AsyncHttpClient-1-14] DEBUG org.asynchttpclient.netty.handler.HttpHandler - 

Request DefaultFullHttpRequest(decodeResult: success, version: HTTP/1.1, content: EmptyByteBufBE)
GET /session/25b4bacb2236b3744b95e994d7263b9f/alert/text HTTP/1.1
User-Agent: selenium/4.7.1 (java windows)
Cache-Control: no-cache
Content-Type: application/json; charset=utf-8
host: localhost:30531
accept: */*

Response DefaultHttpResponse(decodeResult: success, version: HTTP/1.1)
HTTP/1.1 404 Not Found
Content-Type: application/json; charset=utf-8
cache-control: no-cache
content-length: 821

19:54:35.532 [AsyncHttpClient-1-14] DEBUG org.asynchttpclient.netty.channel.ChannelManager - Adding key: http://localhost:30531 for channel [id: 0xa21b36e8, L:/127.0.0.1:58861 - R:localhost/127.0.0.1:30531]
19:54:35.533 [Forwarding switchToWindow on session 25b4bacb2236b3744b95e994d7263b9f to remote] DEBUG org.asynchttpclient.netty.request.NettyRequestSender - Using pooled Channel '[id: 0xa21b36e8, L:/127.0.0.1:58861 - R:localhost/127.0.0.1:30531]' for 'POST' to 'http://localhost:30531/session/25b4bacb2236b3744b95e994d7263b9f/window'
19:54:35.533 [Forwarding switchToWindow on session 25b4bacb2236b3744b95e994d7263b9f to remote] DEBUG org.asynchttpclient.netty.request.NettyRequestSender - Using open Channel [id: 0xa21b36e8, L:/127.0.0.1:58861 - R:localhost/127.0.0.1:30531] for POST '/session/25b4bacb2236b3744b95e994d7263b9f/window'
19:54:35.535 [AsyncHttpClient-1-14] DEBUG org.asynchttpclient.netty.handler.HttpHandler - 

Request DefaultHttpRequest(decodeResult: success, version: HTTP/1.1)
POST /session/25b4bacb2236b3744b95e994d7263b9f/window HTTP/1.1
User-Agent: selenium/4.7.1 (java windows)
Content-Length: 50
Content-Type: application/json; charset=utf-8
host: localhost:30531
accept: */*

Response DefaultHttpResponse(decodeResult: success, version: HTTP/1.1)
HTTP/1.1 200 OK
Content-Type: application/json; charset=utf-8
cache-control: no-cache
content-length: 14

19:54:35.535 [AsyncHttpClient-1-14] DEBUG org.asynchttpclient.netty.channel.ChannelManager - Adding key: http://localhost:30531 for channel [id: 0xa21b36e8, L:/127.0.0.1:58861 - R:localhost/127.0.0.1:30531]
19:54:35.536 [Forwarding getCurrentUrl on session 25b4bacb2236b3744b95e994d7263b9f to remote] DEBUG org.asynchttpclient.netty.request.NettyRequestSender - Using pooled Channel '[id: 0xa21b36e8, L:/127.0.0.1:58861 - R:localhost/127.0.0.1:30531]' for 'GET' to 'http://localhost:30531/session/25b4bacb2236b3744b95e994d7263b9f/url'
19:54:35.536 [Forwarding getCurrentUrl on session 25b4bacb2236b3744b95e994d7263b9f to remote] DEBUG org.asynchttpclient.netty.request.NettyRequestSender - Using open Channel [id: 0xa21b36e8, L:/127.0.0.1:58861 - R:localhost/127.0.0.1:30531] for GET '/session/25b4bacb2236b3744b95e994d7263b9f/url'
19:54:35.539 [AsyncHttpClient-1-14] DEBUG org.asynchttpclient.netty.handler.HttpHandler - 

Request DefaultFullHttpRequest(decodeResult: success, version: HTTP/1.1, content: EmptyByteBufBE)
GET /session/25b4bacb2236b3744b95e994d7263b9f/url HTTP/1.1
User-Agent: selenium/4.7.1 (java windows)
Cache-Control: no-cache
Content-Type: application/json; charset=utf-8
host: localhost:30531
accept: */*

Response DefaultHttpResponse(decodeResult: success, version: HTTP/1.1)
HTTP/1.1 200 OK
Content-Type: application/json; charset=utf-8
cache-control: no-cache
content-length: 46

19:54:35.539 [AsyncHttpClient-1-14] DEBUG org.asynchttpclient.netty.channel.ChannelManager - Adding key: http://localhost:30531 for channel [id: 0xa21b36e8, L:/127.0.0.1:58861 - R:localhost/127.0.0.1:30531]
19:54:35.540 [Forwarding screenshot on session 25b4bacb2236b3744b95e994d7263b9f to remote] DEBUG org.asynchttpclient.netty.request.NettyRequestSender - Using pooled Channel '[id: 0xa21b36e8, L:/127.0.0.1:58861 - R:localhost/127.0.0.1:30531]' for 'GET' to 'http://localhost:30531/session/25b4bacb2236b3744b95e994d7263b9f/screenshot'
19:54:35.540 [Forwarding screenshot on session 25b4bacb2236b3744b95e994d7263b9f to remote] DEBUG org.asynchttpclient.netty.request.NettyRequestSender - Using open Channel [id: 0xa21b36e8, L:/127.0.0.1:58861 - R:localhost/127.0.0.1:30531] for GET '/session/25b4bacb2236b3744b95e994d7263b9f/screenshot'
19:54:35.648 [AsyncHttpClient-1-14] DEBUG org.asynchttpclient.netty.handler.HttpHandler - 

Request DefaultFullHttpRequest(decodeResult: success, version: HTTP/1.1, content: EmptyByteBufBE)
GET /session/25b4bacb2236b3744b95e994d7263b9f/screenshot HTTP/1.1
User-Agent: selenium/4.7.1 (java windows)
Cache-Control: no-cache
Content-Type: application/json; charset=utf-8
host: localhost:30531
accept: */*

Response DefaultHttpResponse(decodeResult: success, version: HTTP/1.1)
HTTP/1.1 200 OK
Content-Type: application/json; charset=utf-8
cache-control: no-cache
content-length: 17240

19:54:35.648 [AsyncHttpClient-1-14] DEBUG org.asynchttpclient.netty.channel.ChannelManager - Adding key: http://localhost:30531 for channel [id: 0xa21b36e8, L:/127.0.0.1:58861 - R:localhost/127.0.0.1:30531]
19:54:35.649 [main] DEBUG net.serenitybdd.core.photography.Darkroom - Send negative for processing for target\site\serenity\79611d145124855c19108cb277eb9e808eb9972629a74784be0bcdc8657bff3a.png
19:54:35.650 [main] DEBUG net.thucydides.core.steps.StepInterceptor - STEP DONE: munculPesananKosong
19:54:35.650 [Darkroom Processing Line] DEBUG net.serenitybdd.core.photography.DarkroomProcessingLine - Processing screenshot image in /var/screenshots/screenshot-4285748483487148447
19:54:35.650 [Darkroom Processing Line] DEBUG net.serenitybdd.core.photography.DarkroomProcessingLine - Saving screenshot to target\site\serenity\79611d145124855c19108cb277eb9e808eb9972629a74784be0bcdc8657bff3a.png
  &amp#27;[32mAnd &amp#27;[0m&amp#27;[32mmuncul alert message pesanan kosong&amp#27;[0m                                 &amp#27;[90m# starter.stepdefinitions.TransaksiSteps.munculAlertMessagePesananKosong()&amp#27;[0m
19:54:35.658 [main] INFO  - 
  _____   ___   ___   _____     ___     _     ___   ___   ___   ___  
 |_   _| | __| / __| |_   _|   | _ \   /_\   / __| / __| | __| |   \ 
   | |   | _|  \__ \   | |     |  _/  / _ \  \__ \ \__ \ | _|  | |) |
   |_|   |___| |___/   |_|     |_|   /_/ \_\ |___/ |___/ |___| |___/ 

user bisa menghapus produk dari keranjang belanja
----------------------------------------------------------------------
19:54:35.661 [AsyncHttpClient-1-16] DEBUG org.asynchttpclient.netty.handler.WebSocketHandler - Channel Closed: [id: 0x912c076f, L:/127.0.0.1:58869 ! R:localhost/127.0.0.1:58862] with attribute NettyResponseFuture{currentRetry=0,
	isDone=1,
	isCancelled=0,
	asyncHandler=org.asynchttpclient.ws.WebSocketUpgradeHandler@6a80cec4,
	nettyRequest=org.asynchttpclient.netty.request.NettyRequest@2f825df0,
	future=java.util.concurrent.CompletableFuture@a7218b1[Completed normally],
	uri=ws://localhost:58862/devtools/browser/09a9ce10-5565-47cd-b51a-1031d775e008,
	keepAlive=true,
	redirectCount=0,
	timeoutsHolder=null,
	inAuth=0,
	touch=1683377670716}
19:54:35.661 [AsyncHttpClient-1-16] DEBUG org.asynchttpclient.netty.channel.ChannelManager - Closing Channel [id: 0x912c076f, L:/127.0.0.1:58869 ! R:localhost/127.0.0.1:58862] 
19:54:35.661 [Driver Command Executor] DEBUG org.asynchttpclient.netty.request.NettyRequestSender - Using pooled Channel '[id: 0xa21b36e8, L:/127.0.0.1:58861 - R:localhost/127.0.0.1:30531]' for 'DELETE' to 'http://localhost:30531/session/25b4bacb2236b3744b95e994d7263b9f'
19:54:35.661 [Driver Command Executor] DEBUG org.asynchttpclient.netty.request.NettyRequestSender - Using open Channel [id: 0xa21b36e8, L:/127.0.0.1:58861 - R:localhost/127.0.0.1:30531] for DELETE '/session/25b4bacb2236b3744b95e994d7263b9f'
19:54:35.699 [AsyncHttpClient-1-15] DEBUG org.asynchttpclient.netty.handler.HttpHandler - Unexpected I/O exception on channel [id: 0x86131a44, L:/127.0.0.1:58868 - R:localhost/127.0.0.1:58862]
java.net.SocketException: Connection reset
	at java.base/sun.nio.ch.SocketChannelImpl.throwConnectionReset(SocketChannelImpl.java:401)
	at java.base/sun.nio.ch.SocketChannelImpl.read(SocketChannelImpl.java:434)
	at io.netty.buffer.PooledByteBuf.setBytes(PooledByteBuf.java:259)
	at io.netty.buffer.AbstractByteBuf.writeBytes(AbstractByteBuf.java:1132)
	at io.netty.channel.socket.nio.NioSocketChannel.doReadBytes(NioSocketChannel.java:357)
	at io.netty.channel.nio.AbstractNioByteChannel$NioByteUnsafe.read(AbstractNioByteChannel.java:151)
	at io.netty.channel.nio.NioEventLoop.processSelectedKey(NioEventLoop.java:788)
	at io.netty.channel.nio.NioEventLoop.processSelectedKeysOptimized(NioEventLoop.java:724)
	at io.netty.channel.nio.NioEventLoop.processSelectedKeys(NioEventLoop.java:650)
	at io.netty.channel.nio.NioEventLoop.run(NioEventLoop.java:562)
	at io.netty.util.concurrent.SingleThreadEventExecutor$4.run(SingleThreadEventExecutor.java:997)
	at io.netty.util.internal.ThreadExecutorMap$2.run(ThreadExecutorMap.java:74)
	at io.netty.util.concurrent.FastThreadLocalRunnable.run(FastThreadLocalRunnable.java:30)
	at java.base/java.lang.Thread.run(Thread.java:1589)
19:54:35.700 [AsyncHttpClient-1-15] DEBUG org.asynchttpclient.netty.channel.ChannelManager - Closing Channel [id: 0x86131a44, L:/127.0.0.1:58868 - R:localhost/127.0.0.1:58862] 
19:54:35.701 [AsyncHttpClient-1-15] DEBUG org.asynchttpclient.netty.handler.HttpHandler - Channel Closed: [id: 0x86131a44, L:/127.0.0.1:58868 ! R:localhost/127.0.0.1:58862] with attribute DISCARD
19:54:35.705 [AsyncHttpClient-1-14] DEBUG org.asynchttpclient.netty.handler.HttpHandler - 

Request DefaultFullHttpRequest(decodeResult: success, version: HTTP/1.1, content: EmptyByteBufBE)
DELETE /session/25b4bacb2236b3744b95e994d7263b9f HTTP/1.1
User-Agent: selenium/4.7.1 (java windows)
Content-Type: application/json; charset=utf-8
host: localhost:30531
accept: */*

Response DefaultHttpResponse(decodeResult: success, version: HTTP/1.1)
HTTP/1.1 200 OK
Content-Type: application/json; charset=utf-8
cache-control: no-cache
content-length: 14

19:54:35.705 [AsyncHttpClient-1-14] DEBUG org.asynchttpclient.netty.channel.ChannelManager - Adding key: http://localhost:30531 for channel [id: 0xa21b36e8, L:/127.0.0.1:58861 - R:localhost/127.0.0.1:30531]
19:54:35.799 [AsyncHttpClient-1-14] DEBUG org.asynchttpclient.netty.handler.HttpHandler - Channel Closed: [id: 0xa21b36e8, L:/127.0.0.1:58861 ! R:localhost/127.0.0.1:30531] with attribute DISCARD
]]></system-out>
    <system-err><![CDATA[Starting ChromeDriver 112.0.5615.49 (bd2a7bcb881c11e8cfe3078709382934e3916914-refs/branch-heads/5615@{#936}) on port 30531
Only local connections are allowed.
Please see https://chromedriver.chromium.org/security-considerations for suggestions on keeping ChromeDriver safe.
ChromeDriver was started successfully.
May 06, 2023 7:54:30 PM org.openqa.selenium.devtools.CdpVersionFinder findNearestMatch
WARNING: Unable to find an exact match for CDP version 112, so returning the closest version found: 108
]]></system-err>
  </testcase>
</testsuite>