<?xml version="1.0" encoding="UTF-8"?>
<testsuite xmlns:xsi="http://www.w3.org/2001/XMLSchema-instance" xsi:noNamespaceSchemaLocation="https://maven.apache.org/surefire/maven-failsafe-plugin/xsd/failsafe-test-report-3.0.xsd" version="3.0" name="starter.CucumberTestSuite" time="272.024" tests="85" errors="9" skipped="13" failures="0">
  <properties>
[...]
</properties>
  <testcase name="user on homepage AltaShop for login feature" classname="user tidak dapat login menggunakan akun yang belum terdaftar" time="28.349">
    <system-out><![CDATA[22:17:27.218 [main] DEBUG net.thucydides.core.guice.Injectors - Created injector for module net.thucydides.core.guice.ThucydidesModule
22:17:28.247 [main] DEBUG io.cucumber.core.plugin.SerenityReporter - Running feature from file:///C:/Users/HP/Downloads/Mini-Project-QA/ALTASHOP%20MOBILE%20AUTOMATION/src/test/resources/features/1.%20Login.feature
22:17:28.779 [main] DEBUG net.thucydides.core.guice.Injectors - Created injector for module net.thucydides.core.guice.webdriver.WebDriverModule
22:17:28.821 [main] INFO  - 

-------------------------------------------------------------------------------------
     _______. _______ .______       _______ .__   __.  __  .___________.____    ____ 
    /       ||   ____||   _  \     |   ____||  \ |  | |  | |           |\   \  /   / 
   |   (----`|  |__   |  |_)  |    |  |__   |   \|  | |  | `---|  |----` \   \/   /  
    \   \    |   __|  |      /     |   __|  |  . `  | |  |     |  |       \_    _/   
.----)   |   |  |____ |  |\  \----.|  |____ |  |\   | |  |     |  |         |  |     
|_______/    |_______|| _| `._____||_______||__| \__| |__|     |__|         |__|    
                                                                                     
 News and tutorials at http://www.serenity-bdd.info                                  
 Documentation at https://wakaleo.gitbooks.io/the-serenity-book/content/             
 Join the Serenity Community on Gitter: https://gitter.im/serenity-bdd/serenity-core 
 Serenity BDD Support and Training at http://serenity-bdd.info/#/trainingandsupport  
-------------------------------------------------------------------------------------

22:17:28.825 [main] DEBUG net.thucydides.core.steps.StepEventBus - Test suite started for story net.thucydides.core.model.Story@c21ffae2
22:17:28.833 [main] INFO  - Test Suite Started: Login
22:17:28.883 [main] DEBUG io.cucumber.core.plugin.SerenityReporter - Running feature from file:///C:/Users/HP/Downloads/Mini-Project-QA/ALTASHOP%20MOBILE%20AUTOMATION/src/test/resources/features/2.%20Register.feature
22:17:28.896 [main] DEBUG net.thucydides.core.steps.StepEventBus - Test suite started for story net.thucydides.core.model.Story@83d3b3ef
22:17:28.899 [main] INFO  - Test Suite Started: Register
22:17:28.899 [main] DEBUG io.cucumber.core.plugin.SerenityReporter - Running feature from file:///C:/Users/HP/Downloads/Mini-Project-QA/ALTASHOP%20MOBILE%20AUTOMATION/src/test/resources/features/3.%20Logout.feature
22:17:28.910 [main] DEBUG net.thucydides.core.steps.StepEventBus - Test suite started for story net.thucydides.core.model.Story@54b75150
22:17:28.911 [main] INFO  - Test Suite Started: Logout
22:17:28.913 [main] DEBUG io.cucumber.core.plugin.SerenityReporter - Running feature from file:///C:/Users/HP/Downloads/Mini-Project-QA/ALTASHOP%20MOBILE%20AUTOMATION/src/test/resources/features/1.%20Login.feature
22:17:28.920 [main] DEBUG net.thucydides.core.steps.StepEventBus - Test suite started for story net.thucydides.core.model.Story@c21ffae2
22:17:28.921 [main] INFO  - Test Suite Started: Login
22:17:29.106 [main] DEBUG io.cucumber.core.plugin.SerenityReporter - Running feature from file:///C:/Users/HP/Downloads/Mini-Project-QA/ALTASHOP%20MOBILE%20AUTOMATION/src/test/resources/features/1.%20Login.feature
22:17:29.350 [main] INFO  - 
  _____   ___   ___   _____     ___   _____     _     ___   _____   ___   ___  
 |_   _| | __| / __| |_   _|   / __| |_   _|   /_\   | _ \ |_   _| | __| |   \ 
   | |   | _|  \__ \   | |     \__ \   | |    / _ \  |   /   | |   | _|  | |) |
   |_|   |___| |___/   |_|     |___/   |_|   /_/ \_\ |_|_\   |_|   |___| |___/ 

user tidak dapat login menggunakan akun yang belum terdaftar(login;user-tidak-dapat-login-menggunakan-akun-yang-belum-terdaftar)
--------------------------------------------------------------------------------
22:17:29.461 [main] DEBUG net.thucydides.core.requirements.model.cucumber.CucumberParser - Loading feature C:\Users\HP\Downloads\Mini-Project-QA\ALTASHOP MOBILE AUTOMATION\src\test\resources\features\1. Login.feature
22:17:29.503 [main] DEBUG net.thucydides.core.requirements.model.cucumber.CucumberParser - Loading feature C:\Users\HP\Downloads\Mini-Project-QA\ALTASHOP MOBILE AUTOMATION\src\test\resources\features\2. Register.feature
22:17:29.519 [main] DEBUG net.thucydides.core.requirements.model.cucumber.CucumberParser - Loading feature C:\Users\HP\Downloads\Mini-Project-QA\ALTASHOP MOBILE AUTOMATION\src\test\resources\features\3. Logout.feature
22:17:30.371 [main] DEBUG net.thucydides.core.steps.StepInterceptor - STARTING STEP: LoginSteps.userOnHomepageAltaShopForLoginFeature - onHomepageAltaShop
22:17:30.565 [main] DEBUG io.netty.util.internal.logging.InternalLoggerFactory - Using SLF4J as the default logging framework
22:17:30.571 [main] DEBUG io.netty.util.ResourceLeakDetector - -Dio.netty.leakDetection.level: simple
22:17:30.572 [main] DEBUG io.netty.util.ResourceLeakDetector - -Dio.netty.leakDetection.targetRecords: 4
22:17:30.579 [main] DEBUG io.netty.util.ResourceLeakDetectorFactory - Loaded default ResourceLeakDetector: io.netty.util.ResourceLeakDetector@4c51077d
22:17:30.623 [main] DEBUG io.netty.util.internal.PlatformDependent0 - -Dio.netty.noUnsafe: false
22:17:30.623 [main] DEBUG io.netty.util.internal.PlatformDependent0 - Java version: 19
22:17:30.624 [main] DEBUG io.netty.util.internal.PlatformDependent0 - sun.misc.Unsafe.theUnsafe: available
22:17:30.625 [main] DEBUG io.netty.util.internal.PlatformDependent0 - sun.misc.Unsafe.copyMemory: available
22:17:30.626 [main] DEBUG io.netty.util.internal.PlatformDependent0 - sun.misc.Unsafe.storeFence: available
22:17:30.628 [main] DEBUG io.netty.util.internal.PlatformDependent0 - java.nio.Buffer.address: available
22:17:30.629 [main] DEBUG io.netty.util.internal.PlatformDependent0 - direct buffer constructor: unavailable: Reflective setAccessible(true) disabled
22:17:30.631 [main] DEBUG io.netty.util.internal.PlatformDependent0 - java.nio.Bits.unaligned: available, true
22:17:30.632 [main] DEBUG io.netty.util.internal.PlatformDependent0 - jdk.internal.misc.Unsafe.allocateUninitializedArray(int): unavailable: class io.netty.util.internal.PlatformDependent0$7 cannot access class jdk.internal.misc.Unsafe (in module java.base) because module java.base does not export jdk.internal.misc to unnamed module @27ff5d15
22:17:30.637 [main] DEBUG io.netty.util.internal.PlatformDependent0 - java.nio.DirectByteBuffer.<init>(long, int): unavailable
22:17:30.637 [main] DEBUG io.netty.util.internal.PlatformDependent - sun.misc.Unsafe: available
22:17:30.641 [main] DEBUG io.netty.util.internal.PlatformDependent - maxDirectMemory: 1589641216 bytes (maybe)
22:17:30.641 [main] DEBUG io.netty.util.internal.PlatformDependent - -Dio.netty.tmpdir: C:\Users\HP\AppData\Local\Temp (java.io.tmpdir)
22:17:30.641 [main] DEBUG io.netty.util.internal.PlatformDependent - -Dio.netty.bitMode: 64 (sun.arch.data.model)
22:17:30.642 [main] DEBUG io.netty.util.internal.PlatformDependent - Platform: Windows
22:17:30.643 [main] DEBUG io.netty.util.internal.PlatformDependent - -Dio.netty.maxDirectMemory: -1 bytes
22:17:30.643 [main] DEBUG io.netty.util.internal.PlatformDependent - -Dio.netty.uninitializedArrayAllocationThreshold: -1
22:17:30.644 [main] DEBUG io.netty.util.internal.CleanerJava9 - java.nio.ByteBuffer.cleaner(): available
22:17:30.644 [main] DEBUG io.netty.util.internal.PlatformDependent - -Dio.netty.noPreferDirect: false
22:17:30.656 [main] DEBUG io.netty.util.internal.PlatformDependent - org.jctools-core.MpscChunkedArrayQueue: available
22:17:30.686 [main] DEBUG io.netty.util.internal.InternalThreadLocalMap - -Dio.netty.threadLocalMap.stringBuilder.initialSize: 1024
22:17:30.687 [main] DEBUG io.netty.util.internal.InternalThreadLocalMap - -Dio.netty.threadLocalMap.stringBuilder.maxSize: 4096
22:17:30.986 [main] DEBUG io.netty.handler.ssl.JdkSslContext - Default protocols (JDK): [TLSv1.3, TLSv1.2] 
22:17:30.986 [main] DEBUG io.netty.handler.ssl.JdkSslContext - Default cipher suites (JDK): [TLS_ECDHE_ECDSA_WITH_AES_256_GCM_SHA384, TLS_ECDHE_ECDSA_WITH_AES_128_GCM_SHA256, TLS_ECDHE_RSA_WITH_AES_128_GCM_SHA256, TLS_ECDHE_RSA_WITH_AES_256_GCM_SHA384, TLS_ECDHE_RSA_WITH_AES_128_CBC_SHA, TLS_ECDHE_RSA_WITH_AES_256_CBC_SHA, TLS_RSA_WITH_AES_128_GCM_SHA256, TLS_RSA_WITH_AES_128_CBC_SHA, TLS_RSA_WITH_AES_256_CBC_SHA, TLS_AES_128_GCM_SHA256, TLS_AES_256_GCM_SHA384]
22:17:31.014 [main] DEBUG io.netty.util.concurrent.GlobalEventExecutor - -Dio.netty.globalEventExecutor.quietPeriodSeconds: 1
22:17:31.043 [main] DEBUG io.netty.channel.MultithreadEventLoopGroup - -Dio.netty.eventLoopThreads: 16
22:17:31.062 [main] DEBUG io.netty.channel.nio.NioEventLoop - -Dio.netty.noKeySetOptimization: false
22:17:31.062 [main] DEBUG io.netty.channel.nio.NioEventLoop - -Dio.netty.selectorAutoRebuildThreshold: 512
22:17:31.190 [main] DEBUG io.netty.buffer.PooledByteBufAllocator - -Dio.netty.allocator.numHeapArenas: 16
22:17:31.190 [main] DEBUG io.netty.buffer.PooledByteBufAllocator - -Dio.netty.allocator.numDirectArenas: 16
22:17:31.190 [main] DEBUG io.netty.buffer.PooledByteBufAllocator - -Dio.netty.allocator.pageSize: 8192
22:17:31.191 [main] DEBUG io.netty.buffer.PooledByteBufAllocator - -Dio.netty.allocator.maxOrder: 9
22:17:31.191 [main] DEBUG io.netty.buffer.PooledByteBufAllocator - -Dio.netty.allocator.chunkSize: 4194304
22:17:31.191 [main] DEBUG io.netty.buffer.PooledByteBufAllocator - -Dio.netty.allocator.smallCacheSize: 256
22:17:31.191 [main] DEBUG io.netty.buffer.PooledByteBufAllocator - -Dio.netty.allocator.normalCacheSize: 64
22:17:31.191 [main] DEBUG io.netty.buffer.PooledByteBufAllocator - -Dio.netty.allocator.maxCachedBufferCapacity: 32768
22:17:31.191 [main] DEBUG io.netty.buffer.PooledByteBufAllocator - -Dio.netty.allocator.cacheTrimInterval: 8192
22:17:31.191 [main] DEBUG io.netty.buffer.PooledByteBufAllocator - -Dio.netty.allocator.cacheTrimIntervalMillis: 0
22:17:31.191 [main] DEBUG io.netty.buffer.PooledByteBufAllocator - -Dio.netty.allocator.useCacheForAllThreads: false
22:17:31.191 [main] DEBUG io.netty.buffer.PooledByteBufAllocator - -Dio.netty.allocator.maxCachedByteBuffersPerChunk: 1023
22:17:31.214 [main] DEBUG io.netty.buffer.ByteBufUtil - -Dio.netty.allocator.type: pooled
22:17:31.214 [main] DEBUG io.netty.buffer.ByteBufUtil - -Dio.netty.threadLocalDirectBufferSize: 0
22:17:31.214 [main] DEBUG io.netty.buffer.ByteBufUtil - -Dio.netty.maxThreadLocalCharBufferSize: 16384
22:17:31.588 [Forwarding newSession on session null to remote] DEBUG io.netty.channel.DefaultChannelId - -Dio.netty.processId: 2028 (auto-detected)
22:17:31.591 [Forwarding newSession on session null to remote] DEBUG io.netty.util.NetUtil - -Djava.net.preferIPv4Stack: false
22:17:31.591 [Forwarding newSession on session null to remote] DEBUG io.netty.util.NetUtil - -Djava.net.preferIPv6Addresses: false
22:17:31.616 [Forwarding newSession on session null to remote] DEBUG io.netty.util.NetUtilInitializations - Loopback interface: lo (Software Loopback Interface 1, 127.0.0.1)
22:17:31.622 [Forwarding newSession on session null to remote] DEBUG io.netty.util.NetUtil - Failed to get SOMAXCONN from sysctl and file \proc\sys\net\core\somaxconn. Default: 200
22:17:31.693 [Forwarding newSession on session null to remote] DEBUG io.netty.channel.DefaultChannelId - -Dio.netty.machineId: cc:6b:1e:ff:fe:34:9f:97 (auto-detected)
22:17:31.805 [AsyncHttpClient-1-2] DEBUG io.netty.buffer.AbstractByteBuf - -Dio.netty.buffer.checkAccessible: true
22:17:31.806 [AsyncHttpClient-1-2] DEBUG io.netty.buffer.AbstractByteBuf - -Dio.netty.buffer.checkBounds: true
22:17:31.806 [AsyncHttpClient-1-2] DEBUG io.netty.util.ResourceLeakDetectorFactory - Loaded default ResourceLeakDetector: io.netty.util.ResourceLeakDetector@41b1517f
22:17:31.851 [AsyncHttpClient-1-2] DEBUG org.asynchttpclient.netty.channel.NettyConnectListener - Using new Channel '[id: 0x0f502b57, L:/127.0.0.1:58549 - R:/127.0.0.1:4723]' for 'POST' to '/wd/hub/session'
22:17:31.881 [AsyncHttpClient-1-2] DEBUG io.netty.util.Recycler - -Dio.netty.recycler.maxCapacityPerThread: 4096
22:17:31.881 [AsyncHttpClient-1-2] DEBUG io.netty.util.Recycler - -Dio.netty.recycler.ratio: 8
22:17:31.881 [AsyncHttpClient-1-2] DEBUG io.netty.util.Recycler - -Dio.netty.recycler.chunkSize: 32
22:17:31.881 [AsyncHttpClient-1-2] DEBUG io.netty.util.Recycler - -Dio.netty.recycler.blocking: false
22:17:31.881 [AsyncHttpClient-1-2] DEBUG io.netty.util.Recycler - -Dio.netty.recycler.batchFastThreadLocalOnly: true
22:17:56.165 [AsyncHttpClient-1-2] DEBUG io.netty.handler.codec.compression.Brotli - brotli4j not in the classpath; Brotli support will be unavailable.
22:17:56.166 [AsyncHttpClient-1-2] DEBUG org.asynchttpclient.netty.handler.HttpHandler - 

Request DefaultHttpRequest(decodeResult: success, version: HTTP/1.1)
POST /wd/hub/session HTTP/1.1
X-Idempotency-Key: 9d2b37a3-6eee-49de-a01b-38214474dbdd
User-Agent: appium/8.3.0 (selenium/4.8.1 (java windows))
Content-Length: 335
Content-Type: application/json; charset=utf-8
host: 0.0.0.0:4723
accept: */*

Response DefaultHttpResponse(decodeResult: success, version: HTTP/1.1)
HTTP/1.1 200 OK
X-Powered-By: Express
Vary: X-HTTP-Method-Override
Content-Type: application/json; charset=utf-8
Content-Length: 988
ETag: W/"3dc-ybXDc38gfHWE18HxOAuTqdiGVto"
Date: Tue, 09 May 2023 15:17:56 GMT
Connection: keep-alive
Keep-Alive: timeout=600

22:17:56.191 [AsyncHttpClient-1-2] DEBUG org.asynchttpclient.netty.channel.ChannelManager - Adding key: http://0.0.0.0:4723 for channel [id: 0x0f502b57, L:/127.0.0.1:58549 - R:/127.0.0.1:4723]
22:17:56.264 [AsyncHttpClient-1-1] DEBUG org.asynchttpclient.netty.channel.DefaultChannelPool - Entry count for : http://0.0.0.0:4723 : 1
22:17:56.350 [Forwarding setTimeout on session 22446d48-0346-48bb-84df-45a1d9519042 to remote] DEBUG org.asynchttpclient.netty.request.NettyRequestSender - Using pooled Channel '[id: 0x0f502b57, L:/127.0.0.1:58549 - R:/127.0.0.1:4723]' for 'POST' to 'http://0.0.0.0:4723/wd/hub/session/22446d48-0346-48bb-84df-45a1d9519042/timeouts'
22:17:56.350 [Forwarding setTimeout on session 22446d48-0346-48bb-84df-45a1d9519042 to remote] DEBUG org.asynchttpclient.netty.request.NettyRequestSender - Using open Channel [id: 0x0f502b57, L:/127.0.0.1:58549 - R:/127.0.0.1:4723] for POST '/wd/hub/session/22446d48-0346-48bb-84df-45a1d9519042/timeouts'
22:17:56.376 [AsyncHttpClient-1-2] DEBUG org.asynchttpclient.netty.handler.HttpHandler - 

Request DefaultHttpRequest(decodeResult: success, version: HTTP/1.1)
POST /wd/hub/session/22446d48-0346-48bb-84df-45a1d9519042/timeouts HTTP/1.1
User-Agent: appium/8.3.0 (selenium/4.8.1 (java windows))
Content-Length: 23
Content-Type: application/json; charset=utf-8
host: 0.0.0.0:4723
accept: */*

Response DefaultHttpResponse(decodeResult: success, version: HTTP/1.1)
HTTP/1.1 200 OK
X-Powered-By: Express
Vary: X-HTTP-Method-Override
Content-Type: application/json; charset=utf-8
Content-Length: 14
ETag: W/"e-9/1BuKMgFObM1mWJm+YjxtXJnUM"
Date: Tue, 09 May 2023 15:17:56 GMT
Connection: keep-alive
Keep-Alive: timeout=600

22:17:56.377 [AsyncHttpClient-1-2] DEBUG org.asynchttpclient.netty.channel.ChannelManager - Adding key: http://0.0.0.0:4723 for channel [id: 0x0f502b57, L:/127.0.0.1:58549 - R:/127.0.0.1:4723]
22:17:56.389 [Forwarding findElement on session 22446d48-0346-48bb-84df-45a1d9519042 to remote] DEBUG org.asynchttpclient.netty.request.NettyRequestSender - Using pooled Channel '[id: 0x0f502b57, L:/127.0.0.1:58549 - R:/127.0.0.1:4723]' for 'POST' to 'http://0.0.0.0:4723/wd/hub/session/22446d48-0346-48bb-84df-45a1d9519042/element'
22:17:56.390 [Forwarding findElement on session 22446d48-0346-48bb-84df-45a1d9519042 to remote] DEBUG org.asynchttpclient.netty.request.NettyRequestSender - Using open Channel [id: 0x0f502b57, L:/127.0.0.1:58549 - R:/127.0.0.1:4723] for POST '/wd/hub/session/22446d48-0346-48bb-84df-45a1d9519042/element'
22:17:57.319 [AsyncHttpClient-1-2] DEBUG org.asynchttpclient.netty.handler.HttpHandler - 

Request DefaultHttpRequest(decodeResult: success, version: HTTP/1.1)
POST /wd/hub/session/22446d48-0346-48bb-84df-45a1d9519042/element HTTP/1.1
User-Agent: appium/8.3.0 (selenium/4.8.1 (java windows))
Content-Length: 326
Content-Type: application/json; charset=utf-8
host: 0.0.0.0:4723
accept: */*

Response DefaultHttpResponse(decodeResult: success, version: HTTP/1.1)
HTTP/1.1 200 OK
X-Powered-By: Express
Vary: X-HTTP-Method-Override
Content-Type: application/json; charset=utf-8
Content-Length: 137
ETag: W/"89-BeO6bKQiY1HJz9rq4s0zCgHum4c"
Date: Tue, 09 May 2023 15:17:57 GMT
Connection: keep-alive
Keep-Alive: timeout=600

22:17:57.320 [AsyncHttpClient-1-2] DEBUG org.asynchttpclient.netty.channel.ChannelManager - Adding key: http://0.0.0.0:4723 for channel [id: 0x0f502b57, L:/127.0.0.1:58549 - R:/127.0.0.1:4723]
22:17:57.327 [Forwarding isElementDisplayed on session 22446d48-0346-48bb-84df-45a1d9519042 to remote] DEBUG org.asynchttpclient.netty.request.NettyRequestSender - Using pooled Channel '[id: 0x0f502b57, L:/127.0.0.1:58549 - R:/127.0.0.1:4723]' for 'GET' to 'http://0.0.0.0:4723/wd/hub/session/22446d48-0346-48bb-84df-45a1d9519042/element/00000000-0000-0647-0000-000700000003/displayed'
22:17:57.328 [Forwarding isElementDisplayed on session 22446d48-0346-48bb-84df-45a1d9519042 to remote] DEBUG org.asynchttpclient.netty.request.NettyRequestSender - Using open Channel [id: 0x0f502b57, L:/127.0.0.1:58549 - R:/127.0.0.1:4723] for GET '/wd/hub/session/22446d48-0346-48bb-84df-45a1d9519042/element/00000000-0000-0647-0000-000700000003/displayed'
22:17:57.368 [AsyncHttpClient-1-2] DEBUG org.asynchttpclient.netty.handler.HttpHandler - 

Request DefaultFullHttpRequest(decodeResult: success, version: HTTP/1.1, content: EmptyByteBufBE)
GET /wd/hub/session/22446d48-0346-48bb-84df-45a1d9519042/element/00000000-0000-0647-0000-000700000003/displayed HTTP/1.1
User-Agent: appium/8.3.0 (selenium/4.8.1 (java windows))
Cache-Control: no-cache
Content-Type: application/json; charset=utf-8
host: 0.0.0.0:4723
accept: */*

Response DefaultHttpResponse(decodeResult: success, version: HTTP/1.1)
HTTP/1.1 200 OK
X-Powered-By: Express
Content-Type: application/json; charset=utf-8
Content-Length: 14
ETag: W/"e-2ZHvAWebNQpyjGZTg6uyV8/spTo"
Date: Tue, 09 May 2023 15:17:57 GMT
Connection: keep-alive
Keep-Alive: timeout=600

22:17:57.370 [AsyncHttpClient-1-2] DEBUG org.asynchttpclient.netty.channel.ChannelManager - Adding key: http://0.0.0.0:4723 for channel [id: 0x0f502b57, L:/127.0.0.1:58549 - R:/127.0.0.1:4723]
22:17:57.374 [Forwarding isElementDisplayed on session 22446d48-0346-48bb-84df-45a1d9519042 to remote] DEBUG org.asynchttpclient.netty.request.NettyRequestSender - Using pooled Channel '[id: 0x0f502b57, L:/127.0.0.1:58549 - R:/127.0.0.1:4723]' for 'GET' to 'http://0.0.0.0:4723/wd/hub/session/22446d48-0346-48bb-84df-45a1d9519042/element/00000000-0000-0647-0000-000700000003/displayed'
22:17:57.374 [Forwarding isElementDisplayed on session 22446d48-0346-48bb-84df-45a1d9519042 to remote] DEBUG org.asynchttpclient.netty.request.NettyRequestSender - Using open Channel [id: 0x0f502b57, L:/127.0.0.1:58549 - R:/127.0.0.1:4723] for GET '/wd/hub/session/22446d48-0346-48bb-84df-45a1d9519042/element/00000000-0000-0647-0000-000700000003/displayed'
22:17:57.889 [AsyncHttpClient-1-2] DEBUG org.asynchttpclient.netty.handler.HttpHandler - 

Request DefaultFullHttpRequest(decodeResult: success, version: HTTP/1.1, content: EmptyByteBufBE)
GET /wd/hub/session/22446d48-0346-48bb-84df-45a1d9519042/element/00000000-0000-0647-0000-000700000003/displayed HTTP/1.1
User-Agent: appium/8.3.0 (selenium/4.8.1 (java windows))
Cache-Control: no-cache
Content-Type: application/json; charset=utf-8
host: 0.0.0.0:4723
accept: */*

Response DefaultHttpResponse(decodeResult: success, version: HTTP/1.1)
HTTP/1.1 200 OK
X-Powered-By: Express
Content-Type: application/json; charset=utf-8
Content-Length: 14
ETag: W/"e-2ZHvAWebNQpyjGZTg6uyV8/spTo"
Date: Tue, 09 May 2023 15:17:57 GMT
Connection: keep-alive
Keep-Alive: timeout=600

22:17:57.890 [AsyncHttpClient-1-2] DEBUG org.asynchttpclient.netty.channel.ChannelManager - Adding key: http://0.0.0.0:4723 for channel [id: 0x0f502b57, L:/127.0.0.1:58549 - R:/127.0.0.1:4723]
22:17:57.904 [main] DEBUG net.thucydides.core.steps.StepInterceptor - STEP DONE: onHomepageAltaShop
]]></system-out>
    <system-err><![CDATA[SLF4J: Class path contains multiple SLF4J bindings.
SLF4J: Found binding in [jar:file:/C:/Users/HP/.m2/repository/ch/qos/logback/logback-classic/1.2.10/logback-classic-1.2.10.jar!/org/slf4j/impl/StaticLoggerBinder.class]
SLF4J: Found binding in [jar:file:/C:/Users/HP/.m2/repository/org/slf4j/slf4j-simple/1.7.7/slf4j-simple-1.7.7.jar!/org/slf4j/impl/StaticLoggerBinder.class]
SLF4J: See http://www.slf4j.org/codes.html#multiple_bindings for an explanation.
SLF4J: Actual binding is of type [ch.qos.logback.classic.util.ContextSelectorStaticBinder]
]]></system-err>
  </testcase>
  <testcase name="user click login button for login feature" classname="user tidak dapat login menggunakan akun yang belum terdaftar" time="1.085">
    <system-out><![CDATA[22:17:57.946 [main] DEBUG net.thucydides.core.steps.StepInterceptor - STARTING STEP: LoginSteps.userClickLoginButtonForLoginFeature - clickButtonLogin
22:17:57.953 [Forwarding findElement on session 22446d48-0346-48bb-84df-45a1d9519042 to remote] DEBUG org.asynchttpclient.netty.request.NettyRequestSender - Using pooled Channel '[id: 0x0f502b57, L:/127.0.0.1:58549 - R:/127.0.0.1:4723]' for 'POST' to 'http://0.0.0.0:4723/wd/hub/session/22446d48-0346-48bb-84df-45a1d9519042/element'
22:17:57.954 [Forwarding findElement on session 22446d48-0346-48bb-84df-45a1d9519042 to remote] DEBUG org.asynchttpclient.netty.request.NettyRequestSender - Using open Channel [id: 0x0f502b57, L:/127.0.0.1:58549 - R:/127.0.0.1:4723] for POST '/wd/hub/session/22446d48-0346-48bb-84df-45a1d9519042/element'
22:17:58.049 [AsyncHttpClient-1-2] DEBUG org.asynchttpclient.netty.handler.HttpHandler - 

Request DefaultHttpRequest(decodeResult: success, version: HTTP/1.1)
POST /wd/hub/session/22446d48-0346-48bb-84df-45a1d9519042/element HTTP/1.1
User-Agent: appium/8.3.0 (selenium/4.8.1 (java windows))
Content-Length: 326
Content-Type: application/json; charset=utf-8
host: 0.0.0.0:4723
accept: */*

Response DefaultHttpResponse(decodeResult: success, version: HTTP/1.1)
HTTP/1.1 200 OK
X-Powered-By: Express
Vary: X-HTTP-Method-Override
Content-Type: application/json; charset=utf-8
Content-Length: 137
ETag: W/"89-BeO6bKQiY1HJz9rq4s0zCgHum4c"
Date: Tue, 09 May 2023 15:17:58 GMT
Connection: keep-alive
Keep-Alive: timeout=600

22:17:58.050 [AsyncHttpClient-1-2] DEBUG org.asynchttpclient.netty.channel.ChannelManager - Adding key: http://0.0.0.0:4723 for channel [id: 0x0f502b57, L:/127.0.0.1:58549 - R:/127.0.0.1:4723]
22:17:58.053 [Forwarding isElementDisplayed on session 22446d48-0346-48bb-84df-45a1d9519042 to remote] DEBUG org.asynchttpclient.netty.request.NettyRequestSender - Using pooled Channel '[id: 0x0f502b57, L:/127.0.0.1:58549 - R:/127.0.0.1:4723]' for 'GET' to 'http://0.0.0.0:4723/wd/hub/session/22446d48-0346-48bb-84df-45a1d9519042/element/00000000-0000-0647-0000-000700000003/displayed'
22:17:58.053 [Forwarding isElementDisplayed on session 22446d48-0346-48bb-84df-45a1d9519042 to remote] DEBUG org.asynchttpclient.netty.request.NettyRequestSender - Using open Channel [id: 0x0f502b57, L:/127.0.0.1:58549 - R:/127.0.0.1:4723] for GET '/wd/hub/session/22446d48-0346-48bb-84df-45a1d9519042/element/00000000-0000-0647-0000-000700000003/displayed'
22:17:58.090 [AsyncHttpClient-1-2] DEBUG org.asynchttpclient.netty.handler.HttpHandler - 

Request DefaultFullHttpRequest(decodeResult: success, version: HTTP/1.1, content: EmptyByteBufBE)
GET /wd/hub/session/22446d48-0346-48bb-84df-45a1d9519042/element/00000000-0000-0647-0000-000700000003/displayed HTTP/1.1
User-Agent: appium/8.3.0 (selenium/4.8.1 (java windows))
Cache-Control: no-cache
Content-Type: application/json; charset=utf-8
host: 0.0.0.0:4723
accept: */*

Response DefaultHttpResponse(decodeResult: success, version: HTTP/1.1)
HTTP/1.1 200 OK
X-Powered-By: Express
Content-Type: application/json; charset=utf-8
Content-Length: 14
ETag: W/"e-2ZHvAWebNQpyjGZTg6uyV8/spTo"
Date: Tue, 09 May 2023 15:17:58 GMT
Connection: keep-alive
Keep-Alive: timeout=600

22:17:58.090 [AsyncHttpClient-1-2] DEBUG org.asynchttpclient.netty.channel.ChannelManager - Adding key: http://0.0.0.0:4723 for channel [id: 0x0f502b57, L:/127.0.0.1:58549 - R:/127.0.0.1:4723]
22:17:58.094 [Forwarding isElementEnabled on session 22446d48-0346-48bb-84df-45a1d9519042 to remote] DEBUG org.asynchttpclient.netty.request.NettyRequestSender - Using pooled Channel '[id: 0x0f502b57, L:/127.0.0.1:58549 - R:/127.0.0.1:4723]' for 'GET' to 'http://0.0.0.0:4723/wd/hub/session/22446d48-0346-48bb-84df-45a1d9519042/element/00000000-0000-0647-0000-000700000003/enabled'
22:17:58.095 [Forwarding isElementEnabled on session 22446d48-0346-48bb-84df-45a1d9519042 to remote] DEBUG org.asynchttpclient.netty.request.NettyRequestSender - Using open Channel [id: 0x0f502b57, L:/127.0.0.1:58549 - R:/127.0.0.1:4723] for GET '/wd/hub/session/22446d48-0346-48bb-84df-45a1d9519042/element/00000000-0000-0647-0000-000700000003/enabled'
22:17:58.126 [AsyncHttpClient-1-2] DEBUG org.asynchttpclient.netty.handler.HttpHandler - 

Request DefaultFullHttpRequest(decodeResult: success, version: HTTP/1.1, content: EmptyByteBufBE)
GET /wd/hub/session/22446d48-0346-48bb-84df-45a1d9519042/element/00000000-0000-0647-0000-000700000003/enabled HTTP/1.1
User-Agent: appium/8.3.0 (selenium/4.8.1 (java windows))
Cache-Control: no-cache
Content-Type: application/json; charset=utf-8
host: 0.0.0.0:4723
accept: */*

Response DefaultHttpResponse(decodeResult: success, version: HTTP/1.1)
HTTP/1.1 200 OK
X-Powered-By: Express
Content-Type: application/json; charset=utf-8
Content-Length: 14
ETag: W/"e-2ZHvAWebNQpyjGZTg6uyV8/spTo"
Date: Tue, 09 May 2023 15:17:58 GMT
Connection: keep-alive
Keep-Alive: timeout=600

22:17:58.127 [AsyncHttpClient-1-2] DEBUG org.asynchttpclient.netty.channel.ChannelManager - Adding key: http://0.0.0.0:4723 for channel [id: 0x0f502b57, L:/127.0.0.1:58549 - R:/127.0.0.1:4723]
22:17:58.131 [Forwarding clickElement on session 22446d48-0346-48bb-84df-45a1d9519042 to remote] DEBUG org.asynchttpclient.netty.request.NettyRequestSender - Using pooled Channel '[id: 0x0f502b57, L:/127.0.0.1:58549 - R:/127.0.0.1:4723]' for 'POST' to 'http://0.0.0.0:4723/wd/hub/session/22446d48-0346-48bb-84df-45a1d9519042/element/00000000-0000-0647-0000-000700000003/click'
22:17:58.131 [Forwarding clickElement on session 22446d48-0346-48bb-84df-45a1d9519042 to remote] DEBUG org.asynchttpclient.netty.request.NettyRequestSender - Using open Channel [id: 0x0f502b57, L:/127.0.0.1:58549 - R:/127.0.0.1:4723] for POST '/wd/hub/session/22446d48-0346-48bb-84df-45a1d9519042/element/00000000-0000-0647-0000-000700000003/click'
22:17:59.011 [AsyncHttpClient-1-2] DEBUG org.asynchttpclient.netty.handler.HttpHandler - 

Request DefaultHttpRequest(decodeResult: success, version: HTTP/1.1)
POST /wd/hub/session/22446d48-0346-48bb-84df-45a1d9519042/element/00000000-0000-0647-0000-000700000003/click HTTP/1.1
User-Agent: appium/8.3.0 (selenium/4.8.1 (java windows))
Content-Length: 50
Content-Type: application/json; charset=utf-8
host: 0.0.0.0:4723
accept: */*

Response DefaultHttpResponse(decodeResult: success, version: HTTP/1.1)
HTTP/1.1 200 OK
X-Powered-By: Express
Vary: X-HTTP-Method-Override
Content-Type: application/json; charset=utf-8
Content-Length: 14
ETag: W/"e-9/1BuKMgFObM1mWJm+YjxtXJnUM"
Date: Tue, 09 May 2023 15:17:59 GMT
Connection: keep-alive
Keep-Alive: timeout=600

22:17:59.012 [AsyncHttpClient-1-2] DEBUG org.asynchttpclient.netty.channel.ChannelManager - Adding key: http://0.0.0.0:4723 for channel [id: 0x0f502b57, L:/127.0.0.1:58549 - R:/127.0.0.1:4723]
22:17:59.014 [main] DEBUG net.thucydides.core.steps.StepInterceptor - STEP DONE: clickButtonLogin
]]></system-out>
  </testcase>
  <testcase name="user input email for login feature" classname="user tidak dapat login menggunakan akun yang belum terdaftar" time="1.094">
    <system-out><![CDATA[22:17:59.033 [main] DEBUG net.thucydides.core.steps.StepInterceptor - STARTING STEP: LoginSteps.userInputEmailForLoginFeature - inputEmail
22:17:59.037 [Forwarding findElement on session 22446d48-0346-48bb-84df-45a1d9519042 to remote] DEBUG org.asynchttpclient.netty.request.NettyRequestSender - Using pooled Channel '[id: 0x0f502b57, L:/127.0.0.1:58549 - R:/127.0.0.1:4723]' for 'POST' to 'http://0.0.0.0:4723/wd/hub/session/22446d48-0346-48bb-84df-45a1d9519042/element'
22:17:59.037 [Forwarding findElement on session 22446d48-0346-48bb-84df-45a1d9519042 to remote] DEBUG org.asynchttpclient.netty.request.NettyRequestSender - Using open Channel [id: 0x0f502b57, L:/127.0.0.1:58549 - R:/127.0.0.1:4723] for POST '/wd/hub/session/22446d48-0346-48bb-84df-45a1d9519042/element'
22:17:59.152 [AsyncHttpClient-1-2] DEBUG org.asynchttpclient.netty.handler.HttpHandler - 

Request DefaultHttpRequest(decodeResult: success, version: HTTP/1.1)
POST /wd/hub/session/22446d48-0346-48bb-84df-45a1d9519042/element HTTP/1.1
User-Agent: appium/8.3.0 (selenium/4.8.1 (java windows))
Content-Length: 305
Content-Type: application/json; charset=utf-8
host: 0.0.0.0:4723
accept: */*

Response DefaultHttpResponse(decodeResult: success, version: HTTP/1.1)
HTTP/1.1 200 OK
X-Powered-By: Express
Vary: X-HTTP-Method-Override
Content-Type: application/json; charset=utf-8
Content-Length: 137
ETag: W/"89-Gr1IvsOXkXz3p+dzxbYMeGOLKig"
Date: Tue, 09 May 2023 15:17:59 GMT
Connection: keep-alive
Keep-Alive: timeout=600

22:17:59.153 [AsyncHttpClient-1-2] DEBUG org.asynchttpclient.netty.channel.ChannelManager - Adding key: http://0.0.0.0:4723 for channel [id: 0x0f502b57, L:/127.0.0.1:58549 - R:/127.0.0.1:4723]
22:17:59.159 [Forwarding isElementDisplayed on session 22446d48-0346-48bb-84df-45a1d9519042 to remote] DEBUG org.asynchttpclient.netty.request.NettyRequestSender - Using pooled Channel '[id: 0x0f502b57, L:/127.0.0.1:58549 - R:/127.0.0.1:4723]' for 'GET' to 'http://0.0.0.0:4723/wd/hub/session/22446d48-0346-48bb-84df-45a1d9519042/element/00000000-0000-0647-0000-002600000003/displayed'
22:17:59.159 [Forwarding isElementDisplayed on session 22446d48-0346-48bb-84df-45a1d9519042 to remote] DEBUG org.asynchttpclient.netty.request.NettyRequestSender - Using open Channel [id: 0x0f502b57, L:/127.0.0.1:58549 - R:/127.0.0.1:4723] for GET '/wd/hub/session/22446d48-0346-48bb-84df-45a1d9519042/element/00000000-0000-0647-0000-002600000003/displayed'
22:17:59.189 [AsyncHttpClient-1-2] DEBUG org.asynchttpclient.netty.handler.HttpHandler - 

Request DefaultFullHttpRequest(decodeResult: success, version: HTTP/1.1, content: EmptyByteBufBE)
GET /wd/hub/session/22446d48-0346-48bb-84df-45a1d9519042/element/00000000-0000-0647-0000-002600000003/displayed HTTP/1.1
User-Agent: appium/8.3.0 (selenium/4.8.1 (java windows))
Cache-Control: no-cache
Content-Type: application/json; charset=utf-8
host: 0.0.0.0:4723
accept: */*

Response DefaultHttpResponse(decodeResult: success, version: HTTP/1.1)
HTTP/1.1 200 OK
X-Powered-By: Express
Content-Type: application/json; charset=utf-8
Content-Length: 14
ETag: W/"e-2ZHvAWebNQpyjGZTg6uyV8/spTo"
Date: Tue, 09 May 2023 15:17:59 GMT
Connection: keep-alive
Keep-Alive: timeout=600

22:17:59.190 [AsyncHttpClient-1-2] DEBUG org.asynchttpclient.netty.channel.ChannelManager - Adding key: http://0.0.0.0:4723 for channel [id: 0x0f502b57, L:/127.0.0.1:58549 - R:/127.0.0.1:4723]
22:17:59.194 [Forwarding isElementEnabled on session 22446d48-0346-48bb-84df-45a1d9519042 to remote] DEBUG org.asynchttpclient.netty.request.NettyRequestSender - Using pooled Channel '[id: 0x0f502b57, L:/127.0.0.1:58549 - R:/127.0.0.1:4723]' for 'GET' to 'http://0.0.0.0:4723/wd/hub/session/22446d48-0346-48bb-84df-45a1d9519042/element/00000000-0000-0647-0000-002600000003/enabled'
22:17:59.194 [Forwarding isElementEnabled on session 22446d48-0346-48bb-84df-45a1d9519042 to remote] DEBUG org.asynchttpclient.netty.request.NettyRequestSender - Using open Channel [id: 0x0f502b57, L:/127.0.0.1:58549 - R:/127.0.0.1:4723] for GET '/wd/hub/session/22446d48-0346-48bb-84df-45a1d9519042/element/00000000-0000-0647-0000-002600000003/enabled'
22:17:59.226 [AsyncHttpClient-1-2] DEBUG org.asynchttpclient.netty.handler.HttpHandler - 

Request DefaultFullHttpRequest(decodeResult: success, version: HTTP/1.1, content: EmptyByteBufBE)
GET /wd/hub/session/22446d48-0346-48bb-84df-45a1d9519042/element/00000000-0000-0647-0000-002600000003/enabled HTTP/1.1
User-Agent: appium/8.3.0 (selenium/4.8.1 (java windows))
Cache-Control: no-cache
Content-Type: application/json; charset=utf-8
host: 0.0.0.0:4723
accept: */*

Response DefaultHttpResponse(decodeResult: success, version: HTTP/1.1)
HTTP/1.1 200 OK
X-Powered-By: Express
Content-Type: application/json; charset=utf-8
Content-Length: 14
ETag: W/"e-2ZHvAWebNQpyjGZTg6uyV8/spTo"
Date: Tue, 09 May 2023 15:17:59 GMT
Connection: keep-alive
Keep-Alive: timeout=600

22:17:59.227 [AsyncHttpClient-1-2] DEBUG org.asynchttpclient.netty.channel.ChannelManager - Adding key: http://0.0.0.0:4723 for channel [id: 0x0f502b57, L:/127.0.0.1:58549 - R:/127.0.0.1:4723]
22:17:59.230 [Forwarding clickElement on session 22446d48-0346-48bb-84df-45a1d9519042 to remote] DEBUG org.asynchttpclient.netty.request.NettyRequestSender - Using pooled Channel '[id: 0x0f502b57, L:/127.0.0.1:58549 - R:/127.0.0.1:4723]' for 'POST' to 'http://0.0.0.0:4723/wd/hub/session/22446d48-0346-48bb-84df-45a1d9519042/element/00000000-0000-0647-0000-002600000003/click'
22:17:59.231 [Forwarding clickElement on session 22446d48-0346-48bb-84df-45a1d9519042 to remote] DEBUG org.asynchttpclient.netty.request.NettyRequestSender - Using open Channel [id: 0x0f502b57, L:/127.0.0.1:58549 - R:/127.0.0.1:4723] for POST '/wd/hub/session/22446d48-0346-48bb-84df-45a1d9519042/element/00000000-0000-0647-0000-002600000003/click'
22:17:59.297 [AsyncHttpClient-1-2] DEBUG org.asynchttpclient.netty.handler.HttpHandler - 

Request DefaultHttpRequest(decodeResult: success, version: HTTP/1.1)
POST /wd/hub/session/22446d48-0346-48bb-84df-45a1d9519042/element/00000000-0000-0647-0000-002600000003/click HTTP/1.1
User-Agent: appium/8.3.0 (selenium/4.8.1 (java windows))
Content-Length: 50
Content-Type: application/json; charset=utf-8
host: 0.0.0.0:4723
accept: */*

Response DefaultHttpResponse(decodeResult: success, version: HTTP/1.1)
HTTP/1.1 200 OK
X-Powered-By: Express
Vary: X-HTTP-Method-Override
Content-Type: application/json; charset=utf-8
Content-Length: 14
ETag: W/"e-9/1BuKMgFObM1mWJm+YjxtXJnUM"
Date: Tue, 09 May 2023 15:17:59 GMT
Connection: keep-alive
Keep-Alive: timeout=600

22:17:59.298 [AsyncHttpClient-1-2] DEBUG org.asynchttpclient.netty.channel.ChannelManager - Adding key: http://0.0.0.0:4723 for channel [id: 0x0f502b57, L:/127.0.0.1:58549 - R:/127.0.0.1:4723]
22:17:59.317 [Forwarding findElement on session 22446d48-0346-48bb-84df-45a1d9519042 to remote] DEBUG org.asynchttpclient.netty.request.NettyRequestSender - Using pooled Channel '[id: 0x0f502b57, L:/127.0.0.1:58549 - R:/127.0.0.1:4723]' for 'POST' to 'http://0.0.0.0:4723/wd/hub/session/22446d48-0346-48bb-84df-45a1d9519042/element'
22:17:59.317 [Forwarding findElement on session 22446d48-0346-48bb-84df-45a1d9519042 to remote] DEBUG org.asynchttpclient.netty.request.NettyRequestSender - Using open Channel [id: 0x0f502b57, L:/127.0.0.1:58549 - R:/127.0.0.1:4723] for POST '/wd/hub/session/22446d48-0346-48bb-84df-45a1d9519042/element'
22:17:59.924 [AsyncHttpClient-1-2] DEBUG org.asynchttpclient.netty.handler.HttpHandler - 

Request DefaultHttpRequest(decodeResult: success, version: HTTP/1.1)
POST /wd/hub/session/22446d48-0346-48bb-84df-45a1d9519042/element HTTP/1.1
User-Agent: appium/8.3.0 (selenium/4.8.1 (java windows))
Content-Length: 305
Content-Type: application/json; charset=utf-8
host: 0.0.0.0:4723
accept: */*

Response DefaultHttpResponse(decodeResult: success, version: HTTP/1.1)
HTTP/1.1 200 OK
X-Powered-By: Express
Vary: X-HTTP-Method-Override
Content-Type: application/json; charset=utf-8
Content-Length: 137
ETag: W/"89-Gr1IvsOXkXz3p+dzxbYMeGOLKig"
Date: Tue, 09 May 2023 15:17:59 GMT
Connection: keep-alive
Keep-Alive: timeout=600

22:17:59.925 [AsyncHttpClient-1-2] DEBUG org.asynchttpclient.netty.channel.ChannelManager - Adding key: http://0.0.0.0:4723 for channel [id: 0x0f502b57, L:/127.0.0.1:58549 - R:/127.0.0.1:4723]
22:17:59.940 [Forwarding sendKeysToElement on session 22446d48-0346-48bb-84df-45a1d9519042 to remote] DEBUG org.asynchttpclient.netty.request.NettyRequestSender - Using pooled Channel '[id: 0x0f502b57, L:/127.0.0.1:58549 - R:/127.0.0.1:4723]' for 'POST' to 'http://0.0.0.0:4723/wd/hub/session/22446d48-0346-48bb-84df-45a1d9519042/element/00000000-0000-0647-0000-002600000003/value'
22:17:59.942 [Forwarding sendKeysToElement on session 22446d48-0346-48bb-84df-45a1d9519042 to remote] DEBUG org.asynchttpclient.netty.request.NettyRequestSender - Using open Channel [id: 0x0f502b57, L:/127.0.0.1:58549 - R:/127.0.0.1:4723] for POST '/wd/hub/session/22446d48-0346-48bb-84df-45a1d9519042/element/00000000-0000-0647-0000-002600000003/value'
22:18:00.110 [AsyncHttpClient-1-2] DEBUG org.asynchttpclient.netty.handler.HttpHandler - 

Request DefaultHttpRequest(decodeResult: success, version: HTTP/1.1)
POST /wd/hub/session/22446d48-0346-48bb-84df-45a1d9519042/element/00000000-0000-0647-0000-002600000003/value HTTP/1.1
User-Agent: appium/8.3.0 (selenium/4.8.1 (java windows))
Content-Length: 361
Content-Type: application/json; charset=utf-8
host: 0.0.0.0:4723
accept: */*

Response DefaultHttpResponse(decodeResult: success, version: HTTP/1.1)
HTTP/1.1 200 OK
X-Powered-By: Express
Vary: X-HTTP-Method-Override
Content-Type: application/json; charset=utf-8
Content-Length: 14
ETag: W/"e-9/1BuKMgFObM1mWJm+YjxtXJnUM"
Date: Tue, 09 May 2023 15:18:00 GMT
Connection: keep-alive
Keep-Alive: timeout=600

22:18:00.111 [AsyncHttpClient-1-2] DEBUG org.asynchttpclient.netty.channel.ChannelManager - Adding key: http://0.0.0.0:4723 for channel [id: 0x0f502b57, L:/127.0.0.1:58549 - R:/127.0.0.1:4723]
22:18:00.116 [main] DEBUG net.thucydides.core.steps.StepInterceptor - STEP DONE: inputEmail
]]></system-out>
  </testcase>
  <testcase name="user input password for login feature" classname="user tidak dapat login menggunakan akun yang belum terdaftar" time="1.661">
    <system-out><![CDATA[22:18:00.151 [main] DEBUG net.thucydides.core.steps.StepInterceptor - STARTING STEP: LoginSteps.userInputPasswordForLoginFeature - inputPassword
22:18:00.157 [Forwarding findElement on session 22446d48-0346-48bb-84df-45a1d9519042 to remote] DEBUG org.asynchttpclient.netty.request.NettyRequestSender - Using pooled Channel '[id: 0x0f502b57, L:/127.0.0.1:58549 - R:/127.0.0.1:4723]' for 'POST' to 'http://0.0.0.0:4723/wd/hub/session/22446d48-0346-48bb-84df-45a1d9519042/element'
22:18:00.158 [Forwarding findElement on session 22446d48-0346-48bb-84df-45a1d9519042 to remote] DEBUG org.asynchttpclient.netty.request.NettyRequestSender - Using open Channel [id: 0x0f502b57, L:/127.0.0.1:58549 - R:/127.0.0.1:4723] for POST '/wd/hub/session/22446d48-0346-48bb-84df-45a1d9519042/element'
22:18:00.680 [AsyncHttpClient-1-2] DEBUG org.asynchttpclient.netty.handler.HttpHandler - 

Request DefaultHttpRequest(decodeResult: success, version: HTTP/1.1)
POST /wd/hub/session/22446d48-0346-48bb-84df-45a1d9519042/element HTTP/1.1
User-Agent: appium/8.3.0 (selenium/4.8.1 (java windows))
Content-Length: 305
Content-Type: application/json; charset=utf-8
host: 0.0.0.0:4723
accept: */*

Response DefaultHttpResponse(decodeResult: success, version: HTTP/1.1)
HTTP/1.1 200 OK
X-Powered-By: Express
Vary: X-HTTP-Method-Override
Content-Type: application/json; charset=utf-8
Content-Length: 137
ETag: W/"89-XJIQy8IB+rjYakw8NbAYfwcO1Nw"
Date: Tue, 09 May 2023 15:18:00 GMT
Connection: keep-alive
Keep-Alive: timeout=600

22:18:00.681 [AsyncHttpClient-1-2] DEBUG org.asynchttpclient.netty.channel.ChannelManager - Adding key: http://0.0.0.0:4723 for channel [id: 0x0f502b57, L:/127.0.0.1:58549 - R:/127.0.0.1:4723]
22:18:00.683 [Forwarding isElementDisplayed on session 22446d48-0346-48bb-84df-45a1d9519042 to remote] DEBUG org.asynchttpclient.netty.request.NettyRequestSender - Using pooled Channel '[id: 0x0f502b57, L:/127.0.0.1:58549 - R:/127.0.0.1:4723]' for 'GET' to 'http://0.0.0.0:4723/wd/hub/session/22446d48-0346-48bb-84df-45a1d9519042/element/00000000-0000-0647-0000-002700000003/displayed'
22:18:00.685 [Forwarding isElementDisplayed on session 22446d48-0346-48bb-84df-45a1d9519042 to remote] DEBUG org.asynchttpclient.netty.request.NettyRequestSender - Using open Channel [id: 0x0f502b57, L:/127.0.0.1:58549 - R:/127.0.0.1:4723] for GET '/wd/hub/session/22446d48-0346-48bb-84df-45a1d9519042/element/00000000-0000-0647-0000-002700000003/displayed'
22:18:00.716 [AsyncHttpClient-1-2] DEBUG org.asynchttpclient.netty.handler.HttpHandler - 

Request DefaultFullHttpRequest(decodeResult: success, version: HTTP/1.1, content: EmptyByteBufBE)
GET /wd/hub/session/22446d48-0346-48bb-84df-45a1d9519042/element/00000000-0000-0647-0000-002700000003/displayed HTTP/1.1
User-Agent: appium/8.3.0 (selenium/4.8.1 (java windows))
Cache-Control: no-cache
Content-Type: application/json; charset=utf-8
host: 0.0.0.0:4723
accept: */*

Response DefaultHttpResponse(decodeResult: success, version: HTTP/1.1)
HTTP/1.1 200 OK
X-Powered-By: Express
Content-Type: application/json; charset=utf-8
Content-Length: 14
ETag: W/"e-2ZHvAWebNQpyjGZTg6uyV8/spTo"
Date: Tue, 09 May 2023 15:18:00 GMT
Connection: keep-alive
Keep-Alive: timeout=600

22:18:00.717 [AsyncHttpClient-1-2] DEBUG org.asynchttpclient.netty.channel.ChannelManager - Adding key: http://0.0.0.0:4723 for channel [id: 0x0f502b57, L:/127.0.0.1:58549 - R:/127.0.0.1:4723]
22:18:00.720 [Forwarding isElementEnabled on session 22446d48-0346-48bb-84df-45a1d9519042 to remote] DEBUG org.asynchttpclient.netty.request.NettyRequestSender - Using pooled Channel '[id: 0x0f502b57, L:/127.0.0.1:58549 - R:/127.0.0.1:4723]' for 'GET' to 'http://0.0.0.0:4723/wd/hub/session/22446d48-0346-48bb-84df-45a1d9519042/element/00000000-0000-0647-0000-002700000003/enabled'
22:18:00.721 [Forwarding isElementEnabled on session 22446d48-0346-48bb-84df-45a1d9519042 to remote] DEBUG org.asynchttpclient.netty.request.NettyRequestSender - Using open Channel [id: 0x0f502b57, L:/127.0.0.1:58549 - R:/127.0.0.1:4723] for GET '/wd/hub/session/22446d48-0346-48bb-84df-45a1d9519042/element/00000000-0000-0647-0000-002700000003/enabled'
22:18:00.760 [AsyncHttpClient-1-2] DEBUG org.asynchttpclient.netty.handler.HttpHandler - 

Request DefaultFullHttpRequest(decodeResult: success, version: HTTP/1.1, content: EmptyByteBufBE)
GET /wd/hub/session/22446d48-0346-48bb-84df-45a1d9519042/element/00000000-0000-0647-0000-002700000003/enabled HTTP/1.1
User-Agent: appium/8.3.0 (selenium/4.8.1 (java windows))
Cache-Control: no-cache
Content-Type: application/json; charset=utf-8
host: 0.0.0.0:4723
accept: */*

Response DefaultHttpResponse(decodeResult: success, version: HTTP/1.1)
HTTP/1.1 200 OK
X-Powered-By: Express
Content-Type: application/json; charset=utf-8
Content-Length: 14
ETag: W/"e-2ZHvAWebNQpyjGZTg6uyV8/spTo"
Date: Tue, 09 May 2023 15:18:00 GMT
Connection: keep-alive
Keep-Alive: timeout=600

22:18:00.760 [AsyncHttpClient-1-2] DEBUG org.asynchttpclient.netty.channel.ChannelManager - Adding key: http://0.0.0.0:4723 for channel [id: 0x0f502b57, L:/127.0.0.1:58549 - R:/127.0.0.1:4723]
22:18:00.764 [Forwarding clickElement on session 22446d48-0346-48bb-84df-45a1d9519042 to remote] DEBUG org.asynchttpclient.netty.request.NettyRequestSender - Using pooled Channel '[id: 0x0f502b57, L:/127.0.0.1:58549 - R:/127.0.0.1:4723]' for 'POST' to 'http://0.0.0.0:4723/wd/hub/session/22446d48-0346-48bb-84df-45a1d9519042/element/00000000-0000-0647-0000-002700000003/click'
22:18:00.765 [Forwarding clickElement on session 22446d48-0346-48bb-84df-45a1d9519042 to remote] DEBUG org.asynchttpclient.netty.request.NettyRequestSender - Using open Channel [id: 0x0f502b57, L:/127.0.0.1:58549 - R:/127.0.0.1:4723] for POST '/wd/hub/session/22446d48-0346-48bb-84df-45a1d9519042/element/00000000-0000-0647-0000-002700000003/click'
22:18:00.857 [AsyncHttpClient-1-2] DEBUG org.asynchttpclient.netty.handler.HttpHandler - 

Request DefaultHttpRequest(decodeResult: success, version: HTTP/1.1)
POST /wd/hub/session/22446d48-0346-48bb-84df-45a1d9519042/element/00000000-0000-0647-0000-002700000003/click HTTP/1.1
User-Agent: appium/8.3.0 (selenium/4.8.1 (java windows))
Content-Length: 50
Content-Type: application/json; charset=utf-8
host: 0.0.0.0:4723
accept: */*

Response DefaultHttpResponse(decodeResult: success, version: HTTP/1.1)
HTTP/1.1 200 OK
X-Powered-By: Express
Vary: X-HTTP-Method-Override
Content-Type: application/json; charset=utf-8
Content-Length: 14
ETag: W/"e-9/1BuKMgFObM1mWJm+YjxtXJnUM"
Date: Tue, 09 May 2023 15:18:00 GMT
Connection: keep-alive
Keep-Alive: timeout=600

22:18:00.858 [AsyncHttpClient-1-2] DEBUG org.asynchttpclient.netty.channel.ChannelManager - Adding key: http://0.0.0.0:4723 for channel [id: 0x0f502b57, L:/127.0.0.1:58549 - R:/127.0.0.1:4723]
22:18:00.867 [Forwarding findElement on session 22446d48-0346-48bb-84df-45a1d9519042 to remote] DEBUG org.asynchttpclient.netty.request.NettyRequestSender - Using pooled Channel '[id: 0x0f502b57, L:/127.0.0.1:58549 - R:/127.0.0.1:4723]' for 'POST' to 'http://0.0.0.0:4723/wd/hub/session/22446d48-0346-48bb-84df-45a1d9519042/element'
22:18:00.867 [Forwarding findElement on session 22446d48-0346-48bb-84df-45a1d9519042 to remote] DEBUG org.asynchttpclient.netty.request.NettyRequestSender - Using open Channel [id: 0x0f502b57, L:/127.0.0.1:58549 - R:/127.0.0.1:4723] for POST '/wd/hub/session/22446d48-0346-48bb-84df-45a1d9519042/element'
22:18:01.730 [AsyncHttpClient-1-2] DEBUG org.asynchttpclient.netty.handler.HttpHandler - 

Request DefaultHttpRequest(decodeResult: success, version: HTTP/1.1)
POST /wd/hub/session/22446d48-0346-48bb-84df-45a1d9519042/element HTTP/1.1
User-Agent: appium/8.3.0 (selenium/4.8.1 (java windows))
Content-Length: 305
Content-Type: application/json; charset=utf-8
host: 0.0.0.0:4723
accept: */*

Response DefaultHttpResponse(decodeResult: success, version: HTTP/1.1)
HTTP/1.1 200 OK
X-Powered-By: Express
Vary: X-HTTP-Method-Override
Content-Type: application/json; charset=utf-8
Content-Length: 137
ETag: W/"89-XJIQy8IB+rjYakw8NbAYfwcO1Nw"
Date: Tue, 09 May 2023 15:18:01 GMT
Connection: keep-alive
Keep-Alive: timeout=600

22:18:01.730 [AsyncHttpClient-1-2] DEBUG org.asynchttpclient.netty.channel.ChannelManager - Adding key: http://0.0.0.0:4723 for channel [id: 0x0f502b57, L:/127.0.0.1:58549 - R:/127.0.0.1:4723]
22:18:01.733 [Forwarding sendKeysToElement on session 22446d48-0346-48bb-84df-45a1d9519042 to remote] DEBUG org.asynchttpclient.netty.request.NettyRequestSender - Using pooled Channel '[id: 0x0f502b57, L:/127.0.0.1:58549 - R:/127.0.0.1:4723]' for 'POST' to 'http://0.0.0.0:4723/wd/hub/session/22446d48-0346-48bb-84df-45a1d9519042/element/00000000-0000-0647-0000-002700000003/value'
22:18:01.733 [Forwarding sendKeysToElement on session 22446d48-0346-48bb-84df-45a1d9519042 to remote] DEBUG org.asynchttpclient.netty.request.NettyRequestSender - Using open Channel [id: 0x0f502b57, L:/127.0.0.1:58549 - R:/127.0.0.1:4723] for POST '/wd/hub/session/22446d48-0346-48bb-84df-45a1d9519042/element/00000000-0000-0647-0000-002700000003/value'
22:18:01.787 [AsyncHttpClient-1-2] DEBUG org.asynchttpclient.netty.handler.HttpHandler - 

Request DefaultHttpRequest(decodeResult: success, version: HTTP/1.1)
POST /wd/hub/session/22446d48-0346-48bb-84df-45a1d9519042/element/00000000-0000-0647-0000-002700000003/value HTTP/1.1
User-Agent: appium/8.3.0 (selenium/4.8.1 (java windows))
Content-Length: 111
Content-Type: application/json; charset=utf-8
host: 0.0.0.0:4723
accept: */*

Response DefaultHttpResponse(decodeResult: success, version: HTTP/1.1)
HTTP/1.1 200 OK
X-Powered-By: Express
Vary: X-HTTP-Method-Override
Content-Type: application/json; charset=utf-8
Content-Length: 14
ETag: W/"e-9/1BuKMgFObM1mWJm+YjxtXJnUM"
Date: Tue, 09 May 2023 15:18:01 GMT
Connection: keep-alive
Keep-Alive: timeout=600

22:18:01.788 [AsyncHttpClient-1-2] DEBUG org.asynchttpclient.netty.channel.ChannelManager - Adding key: http://0.0.0.0:4723 for channel [id: 0x0f502b57, L:/127.0.0.1:58549 - R:/127.0.0.1:4723]
22:18:01.793 [main] DEBUG net.thucydides.core.steps.StepInterceptor - STEP DONE: inputPassword
]]></system-out>
  </testcase>
  <testcase name="user click login button again for login feature" classname="user tidak dapat login menggunakan akun yang belum terdaftar" time="2.003">
    <system-out><![CDATA[22:18:01.820 [main] DEBUG net.thucydides.core.steps.StepInterceptor - STARTING STEP: LoginSteps.userClickLoginButtonAgainForLoginFeature - clickButtonLoginSecond
22:18:01.825 [Forwarding findElement on session 22446d48-0346-48bb-84df-45a1d9519042 to remote] DEBUG org.asynchttpclient.netty.request.NettyRequestSender - Using pooled Channel '[id: 0x0f502b57, L:/127.0.0.1:58549 - R:/127.0.0.1:4723]' for 'POST' to 'http://0.0.0.0:4723/wd/hub/session/22446d48-0346-48bb-84df-45a1d9519042/element'
22:18:01.825 [Forwarding findElement on session 22446d48-0346-48bb-84df-45a1d9519042 to remote] DEBUG org.asynchttpclient.netty.request.NettyRequestSender - Using open Channel [id: 0x0f502b57, L:/127.0.0.1:58549 - R:/127.0.0.1:4723] for POST '/wd/hub/session/22446d48-0346-48bb-84df-45a1d9519042/element'
22:18:02.560 [AsyncHttpClient-1-2] DEBUG org.asynchttpclient.netty.handler.HttpHandler - 

Request DefaultHttpRequest(decodeResult: success, version: HTTP/1.1)
POST /wd/hub/session/22446d48-0346-48bb-84df-45a1d9519042/element HTTP/1.1
User-Agent: appium/8.3.0 (selenium/4.8.1 (java windows))
Content-Length: 95
Content-Type: application/json; charset=utf-8
host: 0.0.0.0:4723
accept: */*

Response DefaultHttpResponse(decodeResult: success, version: HTTP/1.1)
HTTP/1.1 200 OK
X-Powered-By: Express
Vary: X-HTTP-Method-Override
Content-Type: application/json; charset=utf-8
Content-Length: 137
ETag: W/"89-0hlRPwbjIcj5vxecvkSZ20wZdSY"
Date: Tue, 09 May 2023 15:18:02 GMT
Connection: keep-alive
Keep-Alive: timeout=600

22:18:02.561 [AsyncHttpClient-1-2] DEBUG org.asynchttpclient.netty.channel.ChannelManager - Adding key: http://0.0.0.0:4723 for channel [id: 0x0f502b57, L:/127.0.0.1:58549 - R:/127.0.0.1:4723]
22:18:02.564 [Forwarding isElementDisplayed on session 22446d48-0346-48bb-84df-45a1d9519042 to remote] DEBUG org.asynchttpclient.netty.request.NettyRequestSender - Using pooled Channel '[id: 0x0f502b57, L:/127.0.0.1:58549 - R:/127.0.0.1:4723]' for 'GET' to 'http://0.0.0.0:4723/wd/hub/session/22446d48-0346-48bb-84df-45a1d9519042/element/00000000-0000-0647-0000-002800000003/displayed'
22:18:02.565 [Forwarding isElementDisplayed on session 22446d48-0346-48bb-84df-45a1d9519042 to remote] DEBUG org.asynchttpclient.netty.request.NettyRequestSender - Using open Channel [id: 0x0f502b57, L:/127.0.0.1:58549 - R:/127.0.0.1:4723] for GET '/wd/hub/session/22446d48-0346-48bb-84df-45a1d9519042/element/00000000-0000-0647-0000-002800000003/displayed'
22:18:02.600 [AsyncHttpClient-1-2] DEBUG org.asynchttpclient.netty.handler.HttpHandler - 

Request DefaultFullHttpRequest(decodeResult: success, version: HTTP/1.1, content: EmptyByteBufBE)
GET /wd/hub/session/22446d48-0346-48bb-84df-45a1d9519042/element/00000000-0000-0647-0000-002800000003/displayed HTTP/1.1
User-Agent: appium/8.3.0 (selenium/4.8.1 (java windows))
Cache-Control: no-cache
Content-Type: application/json; charset=utf-8
host: 0.0.0.0:4723
accept: */*

Response DefaultHttpResponse(decodeResult: success, version: HTTP/1.1)
HTTP/1.1 200 OK
X-Powered-By: Express
Content-Type: application/json; charset=utf-8
Content-Length: 14
ETag: W/"e-2ZHvAWebNQpyjGZTg6uyV8/spTo"
Date: Tue, 09 May 2023 15:18:02 GMT
Connection: keep-alive
Keep-Alive: timeout=600

22:18:02.601 [AsyncHttpClient-1-2] DEBUG org.asynchttpclient.netty.channel.ChannelManager - Adding key: http://0.0.0.0:4723 for channel [id: 0x0f502b57, L:/127.0.0.1:58549 - R:/127.0.0.1:4723]
22:18:02.603 [Forwarding isElementEnabled on session 22446d48-0346-48bb-84df-45a1d9519042 to remote] DEBUG org.asynchttpclient.netty.request.NettyRequestSender - Using pooled Channel '[id: 0x0f502b57, L:/127.0.0.1:58549 - R:/127.0.0.1:4723]' for 'GET' to 'http://0.0.0.0:4723/wd/hub/session/22446d48-0346-48bb-84df-45a1d9519042/element/00000000-0000-0647-0000-002800000003/enabled'
22:18:02.603 [Forwarding isElementEnabled on session 22446d48-0346-48bb-84df-45a1d9519042 to remote] DEBUG org.asynchttpclient.netty.request.NettyRequestSender - Using open Channel [id: 0x0f502b57, L:/127.0.0.1:58549 - R:/127.0.0.1:4723] for GET '/wd/hub/session/22446d48-0346-48bb-84df-45a1d9519042/element/00000000-0000-0647-0000-002800000003/enabled'
22:18:02.640 [AsyncHttpClient-1-2] DEBUG org.asynchttpclient.netty.handler.HttpHandler - 

Request DefaultFullHttpRequest(decodeResult: success, version: HTTP/1.1, content: EmptyByteBufBE)
GET /wd/hub/session/22446d48-0346-48bb-84df-45a1d9519042/element/00000000-0000-0647-0000-002800000003/enabled HTTP/1.1
User-Agent: appium/8.3.0 (selenium/4.8.1 (java windows))
Cache-Control: no-cache
Content-Type: application/json; charset=utf-8
host: 0.0.0.0:4723
accept: */*

Response DefaultHttpResponse(decodeResult: success, version: HTTP/1.1)
HTTP/1.1 200 OK
X-Powered-By: Express
Content-Type: application/json; charset=utf-8
Content-Length: 14
ETag: W/"e-2ZHvAWebNQpyjGZTg6uyV8/spTo"
Date: Tue, 09 May 2023 15:18:02 GMT
Connection: keep-alive
Keep-Alive: timeout=600

22:18:02.640 [AsyncHttpClient-1-2] DEBUG org.asynchttpclient.netty.channel.ChannelManager - Adding key: http://0.0.0.0:4723 for channel [id: 0x0f502b57, L:/127.0.0.1:58549 - R:/127.0.0.1:4723]
22:18:02.644 [Forwarding clickElement on session 22446d48-0346-48bb-84df-45a1d9519042 to remote] DEBUG org.asynchttpclient.netty.request.NettyRequestSender - Using pooled Channel '[id: 0x0f502b57, L:/127.0.0.1:58549 - R:/127.0.0.1:4723]' for 'POST' to 'http://0.0.0.0:4723/wd/hub/session/22446d48-0346-48bb-84df-45a1d9519042/element/00000000-0000-0647-0000-002800000003/click'
22:18:02.645 [Forwarding clickElement on session 22446d48-0346-48bb-84df-45a1d9519042 to remote] DEBUG org.asynchttpclient.netty.request.NettyRequestSender - Using open Channel [id: 0x0f502b57, L:/127.0.0.1:58549 - R:/127.0.0.1:4723] for POST '/wd/hub/session/22446d48-0346-48bb-84df-45a1d9519042/element/00000000-0000-0647-0000-002800000003/click'
22:18:03.798 [AsyncHttpClient-1-2] DEBUG org.asynchttpclient.netty.handler.HttpHandler - 

Request DefaultHttpRequest(decodeResult: success, version: HTTP/1.1)
POST /wd/hub/session/22446d48-0346-48bb-84df-45a1d9519042/element/00000000-0000-0647-0000-002800000003/click HTTP/1.1
User-Agent: appium/8.3.0 (selenium/4.8.1 (java windows))
Content-Length: 50
Content-Type: application/json; charset=utf-8
host: 0.0.0.0:4723
accept: */*

Response DefaultHttpResponse(decodeResult: success, version: HTTP/1.1)
HTTP/1.1 200 OK
X-Powered-By: Express
Vary: X-HTTP-Method-Override
Content-Type: application/json; charset=utf-8
Content-Length: 14
ETag: W/"e-9/1BuKMgFObM1mWJm+YjxtXJnUM"
Date: Tue, 09 May 2023 15:18:03 GMT
Connection: keep-alive
Keep-Alive: timeout=600

22:18:03.798 [AsyncHttpClient-1-2] DEBUG org.asynchttpclient.netty.channel.ChannelManager - Adding key: http://0.0.0.0:4723 for channel [id: 0x0f502b57, L:/127.0.0.1:58549 - R:/127.0.0.1:4723]
22:18:03.801 [main] DEBUG net.thucydides.core.steps.StepInterceptor - STEP DONE: clickButtonLoginSecond
]]></system-out>
  </testcase>
  <testcase name="user see error message &quot;Record not found&quot;" classname="user tidak dapat login menggunakan akun yang belum terdaftar" time="0.174">
    <system-out><![CDATA[22:18:03.835 [main] DEBUG net.thucydides.core.steps.StepInterceptor - STARTING STEP: LoginSteps.userSeeErrorMessage - getRecordNotFound
22:18:03.844 [Forwarding findElement on session 22446d48-0346-48bb-84df-45a1d9519042 to remote] DEBUG org.asynchttpclient.netty.request.NettyRequestSender - Using pooled Channel '[id: 0x0f502b57, L:/127.0.0.1:58549 - R:/127.0.0.1:4723]' for 'POST' to 'http://0.0.0.0:4723/wd/hub/session/22446d48-0346-48bb-84df-45a1d9519042/element'
22:18:03.845 [Forwarding findElement on session 22446d48-0346-48bb-84df-45a1d9519042 to remote] DEBUG org.asynchttpclient.netty.request.NettyRequestSender - Using open Channel [id: 0x0f502b57, L:/127.0.0.1:58549 - R:/127.0.0.1:4723] for POST '/wd/hub/session/22446d48-0346-48bb-84df-45a1d9519042/element'
22:18:03.923 [AsyncHttpClient-1-2] DEBUG org.asynchttpclient.netty.handler.HttpHandler - 

Request DefaultHttpRequest(decodeResult: success, version: HTTP/1.1)
POST /wd/hub/session/22446d48-0346-48bb-84df-45a1d9519042/element HTTP/1.1
User-Agent: appium/8.3.0 (selenium/4.8.1 (java windows))
Content-Length: 118
Content-Type: application/json; charset=utf-8
host: 0.0.0.0:4723
accept: */*

Response DefaultHttpResponse(decodeResult: success, version: HTTP/1.1)
HTTP/1.1 200 OK
X-Powered-By: Express
Vary: X-HTTP-Method-Override
Content-Type: application/json; charset=utf-8
Content-Length: 137
ETag: W/"89-/MmmIqdCRMrhdQEDa2R9i1V7HJM"
Date: Tue, 09 May 2023 15:18:03 GMT
Connection: keep-alive
Keep-Alive: timeout=600

22:18:03.924 [AsyncHttpClient-1-2] DEBUG org.asynchttpclient.netty.channel.ChannelManager - Adding key: http://0.0.0.0:4723 for channel [id: 0x0f502b57, L:/127.0.0.1:58549 - R:/127.0.0.1:4723]
22:18:03.927 [Forwarding isElementDisplayed on session 22446d48-0346-48bb-84df-45a1d9519042 to remote] DEBUG org.asynchttpclient.netty.request.NettyRequestSender - Using pooled Channel '[id: 0x0f502b57, L:/127.0.0.1:58549 - R:/127.0.0.1:4723]' for 'GET' to 'http://0.0.0.0:4723/wd/hub/session/22446d48-0346-48bb-84df-45a1d9519042/element/00000000-0000-0647-0000-002e00000003/displayed'
22:18:03.927 [Forwarding isElementDisplayed on session 22446d48-0346-48bb-84df-45a1d9519042 to remote] DEBUG org.asynchttpclient.netty.request.NettyRequestSender - Using open Channel [id: 0x0f502b57, L:/127.0.0.1:58549 - R:/127.0.0.1:4723] for GET '/wd/hub/session/22446d48-0346-48bb-84df-45a1d9519042/element/00000000-0000-0647-0000-002e00000003/displayed'
22:18:03.957 [AsyncHttpClient-1-2] DEBUG org.asynchttpclient.netty.handler.HttpHandler - 

Request DefaultFullHttpRequest(decodeResult: success, version: HTTP/1.1, content: EmptyByteBufBE)
GET /wd/hub/session/22446d48-0346-48bb-84df-45a1d9519042/element/00000000-0000-0647-0000-002e00000003/displayed HTTP/1.1
User-Agent: appium/8.3.0 (selenium/4.8.1 (java windows))
Cache-Control: no-cache
Content-Type: application/json; charset=utf-8
host: 0.0.0.0:4723
accept: */*

Response DefaultHttpResponse(decodeResult: success, version: HTTP/1.1)
HTTP/1.1 200 OK
X-Powered-By: Express
Content-Type: application/json; charset=utf-8
Content-Length: 14
ETag: W/"e-2ZHvAWebNQpyjGZTg6uyV8/spTo"
Date: Tue, 09 May 2023 15:18:03 GMT
Connection: keep-alive
Keep-Alive: timeout=600

22:18:03.958 [AsyncHttpClient-1-2] DEBUG org.asynchttpclient.netty.channel.ChannelManager - Adding key: http://0.0.0.0:4723 for channel [id: 0x0f502b57, L:/127.0.0.1:58549 - R:/127.0.0.1:4723]
22:18:03.962 [Forwarding getElementText on session 22446d48-0346-48bb-84df-45a1d9519042 to remote] DEBUG org.asynchttpclient.netty.request.NettyRequestSender - Using pooled Channel '[id: 0x0f502b57, L:/127.0.0.1:58549 - R:/127.0.0.1:4723]' for 'GET' to 'http://0.0.0.0:4723/wd/hub/session/22446d48-0346-48bb-84df-45a1d9519042/element/00000000-0000-0647-0000-002e00000003/text'
22:18:03.963 [Forwarding getElementText on session 22446d48-0346-48bb-84df-45a1d9519042 to remote] DEBUG org.asynchttpclient.netty.request.NettyRequestSender - Using open Channel [id: 0x0f502b57, L:/127.0.0.1:58549 - R:/127.0.0.1:4723] for GET '/wd/hub/session/22446d48-0346-48bb-84df-45a1d9519042/element/00000000-0000-0647-0000-002e00000003/text'
22:18:03.987 [AsyncHttpClient-1-2] DEBUG org.asynchttpclient.netty.handler.HttpHandler - 

Request DefaultFullHttpRequest(decodeResult: success, version: HTTP/1.1, content: EmptyByteBufBE)
GET /wd/hub/session/22446d48-0346-48bb-84df-45a1d9519042/element/00000000-0000-0647-0000-002e00000003/text HTTP/1.1
User-Agent: appium/8.3.0 (selenium/4.8.1 (java windows))
Cache-Control: no-cache
Content-Type: application/json; charset=utf-8
host: 0.0.0.0:4723
accept: */*

Response DefaultHttpResponse(decodeResult: success, version: HTTP/1.1)
HTTP/1.1 200 OK
X-Powered-By: Express
Content-Type: application/json; charset=utf-8
Content-Length: 63
ETag: W/"3f-F9dyFmPLivLJmtKlTYpGPMhIu4U"
Date: Tue, 09 May 2023 15:18:03 GMT
Connection: keep-alive
Keep-Alive: timeout=600

22:18:03.988 [AsyncHttpClient-1-2] DEBUG org.asynchttpclient.netty.channel.ChannelManager - Adding key: http://0.0.0.0:4723 for channel [id: 0x0f502b57, L:/127.0.0.1:58549 - R:/127.0.0.1:4723]
22:18:03.989 [main] DEBUG net.thucydides.core.steps.StepInterceptor - STEP DONE: getRecordNotFound
]]></system-out>
  </testcase>
  <testcase name="user on homepage AltaShop for login feature" classname="user bisa login menggunakan data valid" time="11.437">
    <system-out><![CDATA[22:18:04.000 [main] INFO  - 
  _____   ___   ___   _____     ___     _     ___   ___   ___   ___  
 |_   _| | __| / __| |_   _|   | _ \   /_\   / __| / __| | __| |   \ 
   | |   | _|  \__ \   | |     |  _/  / _ \  \__ \ \__ \ | _|  | |) |
   |_|   |___| |___/   |_|     |_|   /_/ \_\ |___/ |___/ |___| |___/ 

user tidak dapat login menggunakan akun yang belum terdaftar
----------------------------------------------------------------------
22:18:04.021 [main] DEBUG io.cucumber.core.plugin.SerenityReporter - Running feature from file:///C:/Users/HP/Downloads/Mini-Project-QA/ALTASHOP%20MOBILE%20AUTOMATION/src/test/resources/features/1.%20Login.feature
22:18:04.029 [main] INFO  - 
  _____   ___   ___   _____     ___   _____     _     ___   _____   ___   ___  
 |_   _| | __| / __| |_   _|   / __| |_   _|   /_\   | _ \ |_   _| | __| |   \ 
   | |   | _|  \__ \   | |     \__ \   | |    / _ \  |   /   | |   | _|  | |) |
   |_|   |___| |___/   |_|     |___/   |_|   /_/ \_\ |_|_\   |_|   |___| |___/ 

user bisa login menggunakan data valid(login;user-bisa-login-menggunakan-data-valid)
--------------------------------------------------------------------------------
22:18:04.053 [main] DEBUG net.thucydides.core.steps.StepInterceptor - STARTING STEP: LoginSteps.userOnHomepageAltaShopForLoginFeature - onHomepageAltaShop
22:18:04.062 [Forwarding newSession on session null to remote] DEBUG org.asynchttpclient.netty.request.NettyRequestSender - Using pooled Channel '[id: 0x0f502b57, L:/127.0.0.1:58549 - R:/127.0.0.1:4723]' for 'POST' to 'http://0.0.0.0:4723/wd/hub/session'
22:18:04.062 [Forwarding newSession on session null to remote] DEBUG org.asynchttpclient.netty.request.NettyRequestSender - Using open Channel [id: 0x0f502b57, L:/127.0.0.1:58549 - R:/127.0.0.1:4723] for POST '/wd/hub/session'
22:18:13.827 [AsyncHttpClient-1-2] DEBUG org.asynchttpclient.netty.handler.HttpHandler - 

Request DefaultHttpRequest(decodeResult: success, version: HTTP/1.1)
POST /wd/hub/session HTTP/1.1
X-Idempotency-Key: 9fde030c-7bed-419f-aee8-3aee388d63b5
User-Agent: appium/8.3.0 (selenium/4.8.1 (java windows))
Content-Length: 335
Content-Type: application/json; charset=utf-8
host: 0.0.0.0:4723
accept: */*

Response DefaultHttpResponse(decodeResult: success, version: HTTP/1.1)
HTTP/1.1 200 OK
X-Powered-By: Express
Vary: X-HTTP-Method-Override
Content-Type: application/json; charset=utf-8
Content-Length: 988
ETag: W/"3dc-jTnHpu5KLK/1vlXcfKtgd/5XfsM"
Date: Tue, 09 May 2023 15:18:13 GMT
Connection: keep-alive
Keep-Alive: timeout=600

22:18:13.829 [AsyncHttpClient-1-2] DEBUG org.asynchttpclient.netty.channel.ChannelManager - Adding key: http://0.0.0.0:4723 for channel [id: 0x0f502b57, L:/127.0.0.1:58549 - R:/127.0.0.1:4723]
22:18:13.852 [Forwarding setTimeout on session 10d7adfe-f3f2-4a50-bac5-1aa407bc726b to remote] DEBUG org.asynchttpclient.netty.request.NettyRequestSender - Using pooled Channel '[id: 0x0f502b57, L:/127.0.0.1:58549 - R:/127.0.0.1:4723]' for 'POST' to 'http://0.0.0.0:4723/wd/hub/session/10d7adfe-f3f2-4a50-bac5-1aa407bc726b/timeouts'
22:18:13.852 [Forwarding setTimeout on session 10d7adfe-f3f2-4a50-bac5-1aa407bc726b to remote] DEBUG org.asynchttpclient.netty.request.NettyRequestSender - Using open Channel [id: 0x0f502b57, L:/127.0.0.1:58549 - R:/127.0.0.1:4723] for POST '/wd/hub/session/10d7adfe-f3f2-4a50-bac5-1aa407bc726b/timeouts'
22:18:13.878 [AsyncHttpClient-1-2] DEBUG org.asynchttpclient.netty.handler.HttpHandler - 

Request DefaultHttpRequest(decodeResult: success, version: HTTP/1.1)
POST /wd/hub/session/10d7adfe-f3f2-4a50-bac5-1aa407bc726b/timeouts HTTP/1.1
User-Agent: appium/8.3.0 (selenium/4.8.1 (java windows))
Content-Length: 23
Content-Type: application/json; charset=utf-8
host: 0.0.0.0:4723
accept: */*

Response DefaultHttpResponse(decodeResult: success, version: HTTP/1.1)
HTTP/1.1 200 OK
X-Powered-By: Express
Vary: X-HTTP-Method-Override
Content-Type: application/json; charset=utf-8
Content-Length: 14
ETag: W/"e-9/1BuKMgFObM1mWJm+YjxtXJnUM"
Date: Tue, 09 May 2023 15:18:13 GMT
Connection: keep-alive
Keep-Alive: timeout=600

22:18:13.879 [AsyncHttpClient-1-2] DEBUG org.asynchttpclient.netty.channel.ChannelManager - Adding key: http://0.0.0.0:4723 for channel [id: 0x0f502b57, L:/127.0.0.1:58549 - R:/127.0.0.1:4723]
22:18:13.883 [Forwarding findElement on session 10d7adfe-f3f2-4a50-bac5-1aa407bc726b to remote] DEBUG org.asynchttpclient.netty.request.NettyRequestSender - Using pooled Channel '[id: 0x0f502b57, L:/127.0.0.1:58549 - R:/127.0.0.1:4723]' for 'POST' to 'http://0.0.0.0:4723/wd/hub/session/10d7adfe-f3f2-4a50-bac5-1aa407bc726b/element'
22:18:13.883 [Forwarding findElement on session 10d7adfe-f3f2-4a50-bac5-1aa407bc726b to remote] DEBUG org.asynchttpclient.netty.request.NettyRequestSender - Using open Channel [id: 0x0f502b57, L:/127.0.0.1:58549 - R:/127.0.0.1:4723] for POST '/wd/hub/session/10d7adfe-f3f2-4a50-bac5-1aa407bc726b/element'
22:18:15.408 [AsyncHttpClient-1-2] DEBUG org.asynchttpclient.netty.handler.HttpHandler - 

Request DefaultHttpRequest(decodeResult: success, version: HTTP/1.1)
POST /wd/hub/session/10d7adfe-f3f2-4a50-bac5-1aa407bc726b/element HTTP/1.1
User-Agent: appium/8.3.0 (selenium/4.8.1 (java windows))
Content-Length: 326
Content-Type: application/json; charset=utf-8
host: 0.0.0.0:4723
accept: */*

Response DefaultHttpResponse(decodeResult: success, version: HTTP/1.1)
HTTP/1.1 200 OK
X-Powered-By: Express
Vary: X-HTTP-Method-Override
Content-Type: application/json; charset=utf-8
Content-Length: 137
ETag: W/"89-eHOfCzDwty4qk3pn85H/r06GwF4"
Date: Tue, 09 May 2023 15:18:15 GMT
Connection: keep-alive
Keep-Alive: timeout=600

22:18:15.408 [AsyncHttpClient-1-2] DEBUG org.asynchttpclient.netty.channel.ChannelManager - Adding key: http://0.0.0.0:4723 for channel [id: 0x0f502b57, L:/127.0.0.1:58549 - R:/127.0.0.1:4723]
22:18:15.410 [Forwarding isElementDisplayed on session 10d7adfe-f3f2-4a50-bac5-1aa407bc726b to remote] DEBUG org.asynchttpclient.netty.request.NettyRequestSender - Using pooled Channel '[id: 0x0f502b57, L:/127.0.0.1:58549 - R:/127.0.0.1:4723]' for 'GET' to 'http://0.0.0.0:4723/wd/hub/session/10d7adfe-f3f2-4a50-bac5-1aa407bc726b/element/00000000-0000-0655-0000-000700000003/displayed'
22:18:15.410 [Forwarding isElementDisplayed on session 10d7adfe-f3f2-4a50-bac5-1aa407bc726b to remote] DEBUG org.asynchttpclient.netty.request.NettyRequestSender - Using open Channel [id: 0x0f502b57, L:/127.0.0.1:58549 - R:/127.0.0.1:4723] for GET '/wd/hub/session/10d7adfe-f3f2-4a50-bac5-1aa407bc726b/element/00000000-0000-0655-0000-000700000003/displayed'
22:18:15.439 [AsyncHttpClient-1-2] DEBUG org.asynchttpclient.netty.handler.HttpHandler - 

Request DefaultFullHttpRequest(decodeResult: success, version: HTTP/1.1, content: EmptyByteBufBE)
GET /wd/hub/session/10d7adfe-f3f2-4a50-bac5-1aa407bc726b/element/00000000-0000-0655-0000-000700000003/displayed HTTP/1.1
User-Agent: appium/8.3.0 (selenium/4.8.1 (java windows))
Cache-Control: no-cache
Content-Type: application/json; charset=utf-8
host: 0.0.0.0:4723
accept: */*

Response DefaultHttpResponse(decodeResult: success, version: HTTP/1.1)
HTTP/1.1 200 OK
X-Powered-By: Express
Content-Type: application/json; charset=utf-8
Content-Length: 14
ETag: W/"e-2ZHvAWebNQpyjGZTg6uyV8/spTo"
Date: Tue, 09 May 2023 15:18:15 GMT
Connection: keep-alive
Keep-Alive: timeout=600

22:18:15.440 [AsyncHttpClient-1-2] DEBUG org.asynchttpclient.netty.channel.ChannelManager - Adding key: http://0.0.0.0:4723 for channel [id: 0x0f502b57, L:/127.0.0.1:58549 - R:/127.0.0.1:4723]
22:18:15.443 [Forwarding isElementDisplayed on session 10d7adfe-f3f2-4a50-bac5-1aa407bc726b to remote] DEBUG org.asynchttpclient.netty.request.NettyRequestSender - Using pooled Channel '[id: 0x0f502b57, L:/127.0.0.1:58549 - R:/127.0.0.1:4723]' for 'GET' to 'http://0.0.0.0:4723/wd/hub/session/10d7adfe-f3f2-4a50-bac5-1aa407bc726b/element/00000000-0000-0655-0000-000700000003/displayed'
22:18:15.443 [Forwarding isElementDisplayed on session 10d7adfe-f3f2-4a50-bac5-1aa407bc726b to remote] DEBUG org.asynchttpclient.netty.request.NettyRequestSender - Using open Channel [id: 0x0f502b57, L:/127.0.0.1:58549 - R:/127.0.0.1:4723] for GET '/wd/hub/session/10d7adfe-f3f2-4a50-bac5-1aa407bc726b/element/00000000-0000-0655-0000-000700000003/displayed'
22:18:15.470 [AsyncHttpClient-1-2] DEBUG org.asynchttpclient.netty.handler.HttpHandler - 

Request DefaultFullHttpRequest(decodeResult: success, version: HTTP/1.1, content: EmptyByteBufBE)
GET /wd/hub/session/10d7adfe-f3f2-4a50-bac5-1aa407bc726b/element/00000000-0000-0655-0000-000700000003/displayed HTTP/1.1
User-Agent: appium/8.3.0 (selenium/4.8.1 (java windows))
Cache-Control: no-cache
Content-Type: application/json; charset=utf-8
host: 0.0.0.0:4723
accept: */*

Response DefaultHttpResponse(decodeResult: success, version: HTTP/1.1)
HTTP/1.1 200 OK
X-Powered-By: Express
Content-Type: application/json; charset=utf-8
Content-Length: 14
ETag: W/"e-2ZHvAWebNQpyjGZTg6uyV8/spTo"
Date: Tue, 09 May 2023 15:18:15 GMT
Connection: keep-alive
Keep-Alive: timeout=600

22:18:15.470 [AsyncHttpClient-1-2] DEBUG org.asynchttpclient.netty.channel.ChannelManager - Adding key: http://0.0.0.0:4723 for channel [id: 0x0f502b57, L:/127.0.0.1:58549 - R:/127.0.0.1:4723]
22:18:15.472 [main] DEBUG net.thucydides.core.steps.StepInterceptor - STEP DONE: onHomepageAltaShop
]]></system-out>
  </testcase>
  <testcase name="user click login button for login feature" classname="user bisa login menggunakan data valid" time="1.088">
    <system-out><![CDATA[22:18:15.487 [main] DEBUG net.thucydides.core.steps.StepInterceptor - STARTING STEP: LoginSteps.userClickLoginButtonForLoginFeature - clickButtonLogin
22:18:15.491 [Forwarding findElement on session 10d7adfe-f3f2-4a50-bac5-1aa407bc726b to remote] DEBUG org.asynchttpclient.netty.request.NettyRequestSender - Using pooled Channel '[id: 0x0f502b57, L:/127.0.0.1:58549 - R:/127.0.0.1:4723]' for 'POST' to 'http://0.0.0.0:4723/wd/hub/session/10d7adfe-f3f2-4a50-bac5-1aa407bc726b/element'
22:18:15.492 [Forwarding findElement on session 10d7adfe-f3f2-4a50-bac5-1aa407bc726b to remote] DEBUG org.asynchttpclient.netty.request.NettyRequestSender - Using open Channel [id: 0x0f502b57, L:/127.0.0.1:58549 - R:/127.0.0.1:4723] for POST '/wd/hub/session/10d7adfe-f3f2-4a50-bac5-1aa407bc726b/element'
22:18:15.617 [AsyncHttpClient-1-2] DEBUG org.asynchttpclient.netty.handler.HttpHandler - 

Request DefaultHttpRequest(decodeResult: success, version: HTTP/1.1)
POST /wd/hub/session/10d7adfe-f3f2-4a50-bac5-1aa407bc726b/element HTTP/1.1
User-Agent: appium/8.3.0 (selenium/4.8.1 (java windows))
Content-Length: 326
Content-Type: application/json; charset=utf-8
host: 0.0.0.0:4723
accept: */*

Response DefaultHttpResponse(decodeResult: success, version: HTTP/1.1)
HTTP/1.1 200 OK
X-Powered-By: Express
Vary: X-HTTP-Method-Override
Content-Type: application/json; charset=utf-8
Content-Length: 137
ETag: W/"89-eHOfCzDwty4qk3pn85H/r06GwF4"
Date: Tue, 09 May 2023 15:18:15 GMT
Connection: keep-alive
Keep-Alive: timeout=600

22:18:15.617 [AsyncHttpClient-1-2] DEBUG org.asynchttpclient.netty.channel.ChannelManager - Adding key: http://0.0.0.0:4723 for channel [id: 0x0f502b57, L:/127.0.0.1:58549 - R:/127.0.0.1:4723]
22:18:15.620 [Forwarding isElementDisplayed on session 10d7adfe-f3f2-4a50-bac5-1aa407bc726b to remote] DEBUG org.asynchttpclient.netty.request.NettyRequestSender - Using pooled Channel '[id: 0x0f502b57, L:/127.0.0.1:58549 - R:/127.0.0.1:4723]' for 'GET' to 'http://0.0.0.0:4723/wd/hub/session/10d7adfe-f3f2-4a50-bac5-1aa407bc726b/element/00000000-0000-0655-0000-000700000003/displayed'
22:18:15.620 [Forwarding isElementDisplayed on session 10d7adfe-f3f2-4a50-bac5-1aa407bc726b to remote] DEBUG org.asynchttpclient.netty.request.NettyRequestSender - Using open Channel [id: 0x0f502b57, L:/127.0.0.1:58549 - R:/127.0.0.1:4723] for GET '/wd/hub/session/10d7adfe-f3f2-4a50-bac5-1aa407bc726b/element/00000000-0000-0655-0000-000700000003/displayed'
22:18:15.651 [AsyncHttpClient-1-2] DEBUG org.asynchttpclient.netty.handler.HttpHandler - 

Request DefaultFullHttpRequest(decodeResult: success, version: HTTP/1.1, content: EmptyByteBufBE)
GET /wd/hub/session/10d7adfe-f3f2-4a50-bac5-1aa407bc726b/element/00000000-0000-0655-0000-000700000003/displayed HTTP/1.1
User-Agent: appium/8.3.0 (selenium/4.8.1 (java windows))
Cache-Control: no-cache
Content-Type: application/json; charset=utf-8
host: 0.0.0.0:4723
accept: */*

Response DefaultHttpResponse(decodeResult: success, version: HTTP/1.1)
HTTP/1.1 200 OK
X-Powered-By: Express
Content-Type: application/json; charset=utf-8
Content-Length: 14
ETag: W/"e-2ZHvAWebNQpyjGZTg6uyV8/spTo"
Date: Tue, 09 May 2023 15:18:15 GMT
Connection: keep-alive
Keep-Alive: timeout=600

22:18:15.652 [AsyncHttpClient-1-2] DEBUG org.asynchttpclient.netty.channel.ChannelManager - Adding key: http://0.0.0.0:4723 for channel [id: 0x0f502b57, L:/127.0.0.1:58549 - R:/127.0.0.1:4723]
22:18:15.656 [Forwarding isElementEnabled on session 10d7adfe-f3f2-4a50-bac5-1aa407bc726b to remote] DEBUG org.asynchttpclient.netty.request.NettyRequestSender - Using pooled Channel '[id: 0x0f502b57, L:/127.0.0.1:58549 - R:/127.0.0.1:4723]' for 'GET' to 'http://0.0.0.0:4723/wd/hub/session/10d7adfe-f3f2-4a50-bac5-1aa407bc726b/element/00000000-0000-0655-0000-000700000003/enabled'
22:18:15.656 [Forwarding isElementEnabled on session 10d7adfe-f3f2-4a50-bac5-1aa407bc726b to remote] DEBUG org.asynchttpclient.netty.request.NettyRequestSender - Using open Channel [id: 0x0f502b57, L:/127.0.0.1:58549 - R:/127.0.0.1:4723] for GET '/wd/hub/session/10d7adfe-f3f2-4a50-bac5-1aa407bc726b/element/00000000-0000-0655-0000-000700000003/enabled'
22:18:15.686 [AsyncHttpClient-1-2] DEBUG org.asynchttpclient.netty.handler.HttpHandler - 

Request DefaultFullHttpRequest(decodeResult: success, version: HTTP/1.1, content: EmptyByteBufBE)
GET /wd/hub/session/10d7adfe-f3f2-4a50-bac5-1aa407bc726b/element/00000000-0000-0655-0000-000700000003/enabled HTTP/1.1
User-Agent: appium/8.3.0 (selenium/4.8.1 (java windows))
Cache-Control: no-cache
Content-Type: application/json; charset=utf-8
host: 0.0.0.0:4723
accept: */*

Response DefaultHttpResponse(decodeResult: success, version: HTTP/1.1)
HTTP/1.1 200 OK
X-Powered-By: Express
Content-Type: application/json; charset=utf-8
Content-Length: 14
ETag: W/"e-2ZHvAWebNQpyjGZTg6uyV8/spTo"
Date: Tue, 09 May 2023 15:18:15 GMT
Connection: keep-alive
Keep-Alive: timeout=600

22:18:15.686 [AsyncHttpClient-1-2] DEBUG org.asynchttpclient.netty.channel.ChannelManager - Adding key: http://0.0.0.0:4723 for channel [id: 0x0f502b57, L:/127.0.0.1:58549 - R:/127.0.0.1:4723]
22:18:15.689 [Forwarding clickElement on session 10d7adfe-f3f2-4a50-bac5-1aa407bc726b to remote] DEBUG org.asynchttpclient.netty.request.NettyRequestSender - Using pooled Channel '[id: 0x0f502b57, L:/127.0.0.1:58549 - R:/127.0.0.1:4723]' for 'POST' to 'http://0.0.0.0:4723/wd/hub/session/10d7adfe-f3f2-4a50-bac5-1aa407bc726b/element/00000000-0000-0655-0000-000700000003/click'
22:18:15.699 [Forwarding clickElement on session 10d7adfe-f3f2-4a50-bac5-1aa407bc726b to remote] DEBUG org.asynchttpclient.netty.request.NettyRequestSender - Using open Channel [id: 0x0f502b57, L:/127.0.0.1:58549 - R:/127.0.0.1:4723] for POST '/wd/hub/session/10d7adfe-f3f2-4a50-bac5-1aa407bc726b/element/00000000-0000-0655-0000-000700000003/click'
22:18:16.563 [AsyncHttpClient-1-2] DEBUG org.asynchttpclient.netty.handler.HttpHandler - 

Request DefaultHttpRequest(decodeResult: success, version: HTTP/1.1)
POST /wd/hub/session/10d7adfe-f3f2-4a50-bac5-1aa407bc726b/element/00000000-0000-0655-0000-000700000003/click HTTP/1.1
User-Agent: appium/8.3.0 (selenium/4.8.1 (java windows))
Content-Length: 50
Content-Type: application/json; charset=utf-8
host: 0.0.0.0:4723
accept: */*

Response DefaultHttpResponse(decodeResult: success, version: HTTP/1.1)
HTTP/1.1 200 OK
X-Powered-By: Express
Vary: X-HTTP-Method-Override
Content-Type: application/json; charset=utf-8
Content-Length: 14
ETag: W/"e-9/1BuKMgFObM1mWJm+YjxtXJnUM"
Date: Tue, 09 May 2023 15:18:16 GMT
Connection: keep-alive
Keep-Alive: timeout=600

22:18:16.563 [AsyncHttpClient-1-2] DEBUG org.asynchttpclient.netty.channel.ChannelManager - Adding key: http://0.0.0.0:4723 for channel [id: 0x0f502b57, L:/127.0.0.1:58549 - R:/127.0.0.1:4723]
22:18:16.565 [main] DEBUG net.thucydides.core.steps.StepInterceptor - STEP DONE: clickButtonLogin
]]></system-out>
  </testcase>
  <testcase name="user input email valid for login feature" classname="user bisa login menggunakan data valid" time="1.558">
    <system-out><![CDATA[22:18:16.579 [main] DEBUG net.thucydides.core.steps.StepInterceptor - STARTING STEP: LoginSteps.userInputEmailValidForLoginFeature - inputEmail
22:18:16.583 [Forwarding findElement on session 10d7adfe-f3f2-4a50-bac5-1aa407bc726b to remote] DEBUG org.asynchttpclient.netty.request.NettyRequestSender - Using pooled Channel '[id: 0x0f502b57, L:/127.0.0.1:58549 - R:/127.0.0.1:4723]' for 'POST' to 'http://0.0.0.0:4723/wd/hub/session/10d7adfe-f3f2-4a50-bac5-1aa407bc726b/element'
22:18:16.583 [Forwarding findElement on session 10d7adfe-f3f2-4a50-bac5-1aa407bc726b to remote] DEBUG org.asynchttpclient.netty.request.NettyRequestSender - Using open Channel [id: 0x0f502b57, L:/127.0.0.1:58549 - R:/127.0.0.1:4723] for POST '/wd/hub/session/10d7adfe-f3f2-4a50-bac5-1aa407bc726b/element'
22:18:16.678 [AsyncHttpClient-1-2] DEBUG org.asynchttpclient.netty.handler.HttpHandler - 

Request DefaultHttpRequest(decodeResult: success, version: HTTP/1.1)
POST /wd/hub/session/10d7adfe-f3f2-4a50-bac5-1aa407bc726b/element HTTP/1.1
User-Agent: appium/8.3.0 (selenium/4.8.1 (java windows))
Content-Length: 305
Content-Type: application/json; charset=utf-8
host: 0.0.0.0:4723
accept: */*

Response DefaultHttpResponse(decodeResult: success, version: HTTP/1.1)
HTTP/1.1 200 OK
X-Powered-By: Express
Vary: X-HTTP-Method-Override
Content-Type: application/json; charset=utf-8
Content-Length: 137
ETag: W/"89-6qY69M9rf6VkuvJaAATopjQvdKw"
Date: Tue, 09 May 2023 15:18:16 GMT
Connection: keep-alive
Keep-Alive: timeout=600

[...]
22:21:40.172 [AsyncHttpClient-1-2] DEBUG org.asynchttpclient.netty.handler.HttpHandler - 

Request DefaultFullHttpRequest(decodeResult: success, version: HTTP/1.1, content: EmptyByteBufBE)
GET /wd/hub/session/e77c0fc9-1253-4cad-ba25-498061cd609a/element/00000000-0000-06e1-0000-002700000003/enabled HTTP/1.1
User-Agent: appium/8.3.0 (selenium/4.8.1 (java windows))
Cache-Control: no-cache
Content-Type: application/json; charset=utf-8
host: 0.0.0.0:4723
accept: */*

Response DefaultHttpResponse(decodeResult: success, version: HTTP/1.1)
HTTP/1.1 200 OK
X-Powered-By: Express
Content-Type: application/json; charset=utf-8
Content-Length: 14
ETag: W/"e-2ZHvAWebNQpyjGZTg6uyV8/spTo"
Date: Tue, 09 May 2023 15:21:40 GMT
Connection: keep-alive
Keep-Alive: timeout=600

22:21:40.174 [AsyncHttpClient-1-2] DEBUG org.asynchttpclient.netty.channel.ChannelManager - Adding key: http://0.0.0.0:4723 for channel [id: 0x0f502b57, L:/127.0.0.1:58549 - R:/127.0.0.1:4723]
22:21:40.176 [Forwarding clickElement on session e77c0fc9-1253-4cad-ba25-498061cd609a to remote] DEBUG org.asynchttpclient.netty.request.NettyRequestSender - Using pooled Channel '[id: 0x0f502b57, L:/127.0.0.1:58549 - R:/127.0.0.1:4723]' for 'POST' to 'http://0.0.0.0:4723/wd/hub/session/e77c0fc9-1253-4cad-ba25-498061cd609a/element/00000000-0000-06e1-0000-002700000003/click'
22:21:40.176 [Forwarding clickElement on session e77c0fc9-1253-4cad-ba25-498061cd609a to remote] DEBUG org.asynchttpclient.netty.request.NettyRequestSender - Using open Channel [id: 0x0f502b57, L:/127.0.0.1:58549 - R:/127.0.0.1:4723] for POST '/wd/hub/session/e77c0fc9-1253-4cad-ba25-498061cd609a/element/00000000-0000-06e1-0000-002700000003/click'
22:21:40.290 [AsyncHttpClient-1-2] DEBUG org.asynchttpclient.netty.handler.HttpHandler - 

Request DefaultHttpRequest(decodeResult: success, version: HTTP/1.1)
POST /wd/hub/session/e77c0fc9-1253-4cad-ba25-498061cd609a/element/00000000-0000-06e1-0000-002700000003/click HTTP/1.1
User-Agent: appium/8.3.0 (selenium/4.8.1 (java windows))
Content-Length: 50
Content-Type: application/json; charset=utf-8
host: 0.0.0.0:4723
accept: */*

Response DefaultHttpResponse(decodeResult: success, version: HTTP/1.1)
HTTP/1.1 200 OK
X-Powered-By: Express
Vary: X-HTTP-Method-Override
Content-Type: application/json; charset=utf-8
Content-Length: 14
ETag: W/"e-9/1BuKMgFObM1mWJm+YjxtXJnUM"
Date: Tue, 09 May 2023 15:21:40 GMT
Connection: keep-alive
Keep-Alive: timeout=600

22:21:40.291 [AsyncHttpClient-1-2] DEBUG org.asynchttpclient.netty.channel.ChannelManager - Adding key: http://0.0.0.0:4723 for channel [id: 0x0f502b57, L:/127.0.0.1:58549 - R:/127.0.0.1:4723]
22:21:40.295 [Forwarding findElement on session e77c0fc9-1253-4cad-ba25-498061cd609a to remote] DEBUG org.asynchttpclient.netty.request.NettyRequestSender - Using pooled Channel '[id: 0x0f502b57, L:/127.0.0.1:58549 - R:/127.0.0.1:4723]' for 'POST' to 'http://0.0.0.0:4723/wd/hub/session/e77c0fc9-1253-4cad-ba25-498061cd609a/element'
22:21:40.295 [Forwarding findElement on session e77c0fc9-1253-4cad-ba25-498061cd609a to remote] DEBUG org.asynchttpclient.netty.request.NettyRequestSender - Using open Channel [id: 0x0f502b57, L:/127.0.0.1:58549 - R:/127.0.0.1:4723] for POST '/wd/hub/session/e77c0fc9-1253-4cad-ba25-498061cd609a/element'
22:21:40.489 [AsyncHttpClient-1-2] DEBUG org.asynchttpclient.netty.handler.HttpHandler - 

Request DefaultHttpRequest(decodeResult: success, version: HTTP/1.1)
POST /wd/hub/session/e77c0fc9-1253-4cad-ba25-498061cd609a/element HTTP/1.1
User-Agent: appium/8.3.0 (selenium/4.8.1 (java windows))
Content-Length: 305
Content-Type: application/json; charset=utf-8
host: 0.0.0.0:4723
accept: */*

Response DefaultHttpResponse(decodeResult: success, version: HTTP/1.1)
HTTP/1.1 200 OK
X-Powered-By: Express
Vary: X-HTTP-Method-Override
Content-Type: application/json; charset=utf-8
Content-Length: 137
ETag: W/"89-qv43UupW2BU6fahjjckJMWoPAKM"
Date: Tue, 09 May 2023 15:21:40 GMT
Connection: keep-alive
Keep-Alive: timeout=600

22:21:40.489 [AsyncHttpClient-1-2] DEBUG org.asynchttpclient.netty.channel.ChannelManager - Adding key: http://0.0.0.0:4723 for channel [id: 0x0f502b57, L:/127.0.0.1:58549 - R:/127.0.0.1:4723]
22:21:40.491 [Forwarding sendKeysToElement on session e77c0fc9-1253-4cad-ba25-498061cd609a to remote] DEBUG org.asynchttpclient.netty.request.NettyRequestSender - Using pooled Channel '[id: 0x0f502b57, L:/127.0.0.1:58549 - R:/127.0.0.1:4723]' for 'POST' to 'http://0.0.0.0:4723/wd/hub/session/e77c0fc9-1253-4cad-ba25-498061cd609a/element/00000000-0000-06e1-0000-002700000003/value'
22:21:40.491 [Forwarding sendKeysToElement on session e77c0fc9-1253-4cad-ba25-498061cd609a to remote] DEBUG org.asynchttpclient.netty.request.NettyRequestSender - Using open Channel [id: 0x0f502b57, L:/127.0.0.1:58549 - R:/127.0.0.1:4723] for POST '/wd/hub/session/e77c0fc9-1253-4cad-ba25-498061cd609a/element/00000000-0000-06e1-0000-002700000003/value'
22:21:40.990 [AsyncHttpClient-1-2] DEBUG org.asynchttpclient.netty.handler.HttpHandler - 

Request DefaultHttpRequest(decodeResult: success, version: HTTP/1.1)
POST /wd/hub/session/e77c0fc9-1253-4cad-ba25-498061cd609a/element/00000000-0000-06e1-0000-002700000003/value HTTP/1.1
User-Agent: appium/8.3.0 (selenium/4.8.1 (java windows))
Content-Length: 111
Content-Type: application/json; charset=utf-8
host: 0.0.0.0:4723
accept: */*

Response DefaultHttpResponse(decodeResult: success, version: HTTP/1.1)
HTTP/1.1 200 OK
X-Powered-By: Express
Vary: X-HTTP-Method-Override
Content-Type: application/json; charset=utf-8
Content-Length: 14
ETag: W/"e-9/1BuKMgFObM1mWJm+YjxtXJnUM"
Date: Tue, 09 May 2023 15:21:40 GMT
Connection: keep-alive
Keep-Alive: timeout=600

22:21:40.990 [AsyncHttpClient-1-2] DEBUG org.asynchttpclient.netty.channel.ChannelManager - Adding key: http://0.0.0.0:4723 for channel [id: 0x0f502b57, L:/127.0.0.1:58549 - R:/127.0.0.1:4723]
22:21:40.996 [main] DEBUG net.thucydides.core.steps.StepInterceptor - STEP DONE: inputPassword
22:21:40.998 [main] DEBUG net.thucydides.core.steps.StepInterceptor - STARTING STEP: LogoutSteps.userMelakukanLoginTerlebihDahulu - clickButtonLoginSecond
22:21:41.001 [Forwarding findElement on session e77c0fc9-1253-4cad-ba25-498061cd609a to remote] DEBUG org.asynchttpclient.netty.request.NettyRequestSender - Using pooled Channel '[id: 0x0f502b57, L:/127.0.0.1:58549 - R:/127.0.0.1:4723]' for 'POST' to 'http://0.0.0.0:4723/wd/hub/session/e77c0fc9-1253-4cad-ba25-498061cd609a/element'
22:21:41.001 [Forwarding findElement on session e77c0fc9-1253-4cad-ba25-498061cd609a to remote] DEBUG org.asynchttpclient.netty.request.NettyRequestSender - Using open Channel [id: 0x0f502b57, L:/127.0.0.1:58549 - R:/127.0.0.1:4723] for POST '/wd/hub/session/e77c0fc9-1253-4cad-ba25-498061cd609a/element'
22:21:41.742 [AsyncHttpClient-1-2] DEBUG org.asynchttpclient.netty.handler.HttpHandler - 

Request DefaultHttpRequest(decodeResult: success, version: HTTP/1.1)
POST /wd/hub/session/e77c0fc9-1253-4cad-ba25-498061cd609a/element HTTP/1.1
User-Agent: appium/8.3.0 (selenium/4.8.1 (java windows))
Content-Length: 95
Content-Type: application/json; charset=utf-8
host: 0.0.0.0:4723
accept: */*

Response DefaultHttpResponse(decodeResult: success, version: HTTP/1.1)
HTTP/1.1 200 OK
X-Powered-By: Express
Vary: X-HTTP-Method-Override
Content-Type: application/json; charset=utf-8
Content-Length: 137
ETag: W/"89-7Cei53EwOFf7VWlExYlsyMpJ8EY"
Date: Tue, 09 May 2023 15:21:41 GMT
Connection: keep-alive
Keep-Alive: timeout=600

22:21:41.743 [AsyncHttpClient-1-2] DEBUG org.asynchttpclient.netty.channel.ChannelManager - Adding key: http://0.0.0.0:4723 for channel [id: 0x0f502b57, L:/127.0.0.1:58549 - R:/127.0.0.1:4723]
22:21:41.744 [Forwarding isElementDisplayed on session e77c0fc9-1253-4cad-ba25-498061cd609a to remote] DEBUG org.asynchttpclient.netty.request.NettyRequestSender - Using pooled Channel '[id: 0x0f502b57, L:/127.0.0.1:58549 - R:/127.0.0.1:4723]' for 'GET' to 'http://0.0.0.0:4723/wd/hub/session/e77c0fc9-1253-4cad-ba25-498061cd609a/element/00000000-0000-06e1-0000-002800000003/displayed'
22:21:41.744 [Forwarding isElementDisplayed on session e77c0fc9-1253-4cad-ba25-498061cd609a to remote] DEBUG org.asynchttpclient.netty.request.NettyRequestSender - Using open Channel [id: 0x0f502b57, L:/127.0.0.1:58549 - R:/127.0.0.1:4723] for GET '/wd/hub/session/e77c0fc9-1253-4cad-ba25-498061cd609a/element/00000000-0000-06e1-0000-002800000003/displayed'
22:21:41.788 [AsyncHttpClient-1-2] DEBUG org.asynchttpclient.netty.handler.HttpHandler - 

Request DefaultFullHttpRequest(decodeResult: success, version: HTTP/1.1, content: EmptyByteBufBE)
GET /wd/hub/session/e77c0fc9-1253-4cad-ba25-498061cd609a/element/00000000-0000-06e1-0000-002800000003/displayed HTTP/1.1
User-Agent: appium/8.3.0 (selenium/4.8.1 (java windows))
Cache-Control: no-cache
Content-Type: application/json; charset=utf-8
host: 0.0.0.0:4723
accept: */*

Response DefaultHttpResponse(decodeResult: success, version: HTTP/1.1)
HTTP/1.1 200 OK
X-Powered-By: Express
Content-Type: application/json; charset=utf-8
Content-Length: 14
ETag: W/"e-2ZHvAWebNQpyjGZTg6uyV8/spTo"
Date: Tue, 09 May 2023 15:21:41 GMT
Connection: keep-alive
Keep-Alive: timeout=600

22:21:41.788 [AsyncHttpClient-1-2] DEBUG org.asynchttpclient.netty.channel.ChannelManager - Adding key: http://0.0.0.0:4723 for channel [id: 0x0f502b57, L:/127.0.0.1:58549 - R:/127.0.0.1:4723]
22:21:41.790 [Forwarding isElementEnabled on session e77c0fc9-1253-4cad-ba25-498061cd609a to remote] DEBUG org.asynchttpclient.netty.request.NettyRequestSender - Using pooled Channel '[id: 0x0f502b57, L:/127.0.0.1:58549 - R:/127.0.0.1:4723]' for 'GET' to 'http://0.0.0.0:4723/wd/hub/session/e77c0fc9-1253-4cad-ba25-498061cd609a/element/00000000-0000-06e1-0000-002800000003/enabled'
22:21:41.790 [Forwarding isElementEnabled on session e77c0fc9-1253-4cad-ba25-498061cd609a to remote] DEBUG org.asynchttpclient.netty.request.NettyRequestSender - Using open Channel [id: 0x0f502b57, L:/127.0.0.1:58549 - R:/127.0.0.1:4723] for GET '/wd/hub/session/e77c0fc9-1253-4cad-ba25-498061cd609a/element/00000000-0000-06e1-0000-002800000003/enabled'
22:21:41.831 [AsyncHttpClient-1-2] DEBUG org.asynchttpclient.netty.handler.HttpHandler - 

Request DefaultFullHttpRequest(decodeResult: success, version: HTTP/1.1, content: EmptyByteBufBE)
GET /wd/hub/session/e77c0fc9-1253-4cad-ba25-498061cd609a/element/00000000-0000-06e1-0000-002800000003/enabled HTTP/1.1
User-Agent: appium/8.3.0 (selenium/4.8.1 (java windows))
Cache-Control: no-cache
Content-Type: application/json; charset=utf-8
host: 0.0.0.0:4723
accept: */*

Response DefaultHttpResponse(decodeResult: success, version: HTTP/1.1)
HTTP/1.1 200 OK
X-Powered-By: Express
Content-Type: application/json; charset=utf-8
Content-Length: 14
ETag: W/"e-2ZHvAWebNQpyjGZTg6uyV8/spTo"
Date: Tue, 09 May 2023 15:21:41 GMT
Connection: keep-alive
Keep-Alive: timeout=600

22:21:41.832 [AsyncHttpClient-1-2] DEBUG org.asynchttpclient.netty.channel.ChannelManager - Adding key: http://0.0.0.0:4723 for channel [id: 0x0f502b57, L:/127.0.0.1:58549 - R:/127.0.0.1:4723]
22:21:41.834 [Forwarding clickElement on session e77c0fc9-1253-4cad-ba25-498061cd609a to remote] DEBUG org.asynchttpclient.netty.request.NettyRequestSender - Using pooled Channel '[id: 0x0f502b57, L:/127.0.0.1:58549 - R:/127.0.0.1:4723]' for 'POST' to 'http://0.0.0.0:4723/wd/hub/session/e77c0fc9-1253-4cad-ba25-498061cd609a/element/00000000-0000-06e1-0000-002800000003/click'
22:21:41.834 [Forwarding clickElement on session e77c0fc9-1253-4cad-ba25-498061cd609a to remote] DEBUG org.asynchttpclient.netty.request.NettyRequestSender - Using open Channel [id: 0x0f502b57, L:/127.0.0.1:58549 - R:/127.0.0.1:4723] for POST '/wd/hub/session/e77c0fc9-1253-4cad-ba25-498061cd609a/element/00000000-0000-06e1-0000-002800000003/click'
22:21:43.027 [AsyncHttpClient-1-2] DEBUG org.asynchttpclient.netty.handler.HttpHandler - 

Request DefaultHttpRequest(decodeResult: success, version: HTTP/1.1)
POST /wd/hub/session/e77c0fc9-1253-4cad-ba25-498061cd609a/element/00000000-0000-06e1-0000-002800000003/click HTTP/1.1
User-Agent: appium/8.3.0 (selenium/4.8.1 (java windows))
Content-Length: 50
Content-Type: application/json; charset=utf-8
host: 0.0.0.0:4723
accept: */*

Response DefaultHttpResponse(decodeResult: success, version: HTTP/1.1)
HTTP/1.1 200 OK
X-Powered-By: Express
Vary: X-HTTP-Method-Override
Content-Type: application/json; charset=utf-8
Content-Length: 14
ETag: W/"e-9/1BuKMgFObM1mWJm+YjxtXJnUM"
Date: Tue, 09 May 2023 15:21:43 GMT
Connection: keep-alive
Keep-Alive: timeout=600

22:21:43.027 [AsyncHttpClient-1-2] DEBUG org.asynchttpclient.netty.channel.ChannelManager - Adding key: http://0.0.0.0:4723 for channel [id: 0x0f502b57, L:/127.0.0.1:58549 - R:/127.0.0.1:4723]
22:21:43.029 [main] DEBUG net.thucydides.core.steps.StepInterceptor - STEP DONE: clickButtonLoginSecond
]]></system-out>
  </testcase>
  <testcase name="user clicks logout after entering on the altashop homepage" classname="user dapat melakukan proses logout" time="0.789">
    <system-out><![CDATA[22:21:43.043 [main] DEBUG net.thucydides.core.steps.StepInterceptor - STARTING STEP: LogoutSteps.userKlikLogoutSetelahMasukDiHomepageAltashop - clickButtonLogout
22:21:43.049 [Forwarding findElement on session e77c0fc9-1253-4cad-ba25-498061cd609a to remote] DEBUG org.asynchttpclient.netty.request.NettyRequestSender - Using pooled Channel '[id: 0x0f502b57, L:/127.0.0.1:58549 - R:/127.0.0.1:4723]' for 'POST' to 'http://0.0.0.0:4723/wd/hub/session/e77c0fc9-1253-4cad-ba25-498061cd609a/element'
22:21:43.051 [Forwarding findElement on session e77c0fc9-1253-4cad-ba25-498061cd609a to remote] DEBUG org.asynchttpclient.netty.request.NettyRequestSender - Using open Channel [id: 0x0f502b57, L:/127.0.0.1:58549 - R:/127.0.0.1:4723] for POST '/wd/hub/session/e77c0fc9-1253-4cad-ba25-498061cd609a/element'
22:21:43.152 [AsyncHttpClient-1-2] DEBUG org.asynchttpclient.netty.handler.HttpHandler - 

Request DefaultHttpRequest(decodeResult: success, version: HTTP/1.1)
POST /wd/hub/session/e77c0fc9-1253-4cad-ba25-498061cd609a/element HTTP/1.1
User-Agent: appium/8.3.0 (selenium/4.8.1 (java windows))
Content-Length: 330
Content-Type: application/json; charset=utf-8
host: 0.0.0.0:4723
accept: */*

Response DefaultHttpResponse(decodeResult: success, version: HTTP/1.1)
HTTP/1.1 200 OK
X-Powered-By: Express
Vary: X-HTTP-Method-Override
Content-Type: application/json; charset=utf-8
Content-Length: 137
ETag: W/"89-FlpYpGPYJfZr6rFRk0j38YnH1hA"
Date: Tue, 09 May 2023 15:21:43 GMT
Connection: keep-alive
Keep-Alive: timeout=600

22:21:43.153 [AsyncHttpClient-1-2] DEBUG org.asynchttpclient.netty.channel.ChannelManager - Adding key: http://0.0.0.0:4723 for channel [id: 0x0f502b57, L:/127.0.0.1:58549 - R:/127.0.0.1:4723]
22:21:43.155 [Forwarding isElementDisplayed on session e77c0fc9-1253-4cad-ba25-498061cd609a to remote] DEBUG org.asynchttpclient.netty.request.NettyRequestSender - Using pooled Channel '[id: 0x0f502b57, L:/127.0.0.1:58549 - R:/127.0.0.1:4723]' for 'GET' to 'http://0.0.0.0:4723/wd/hub/session/e77c0fc9-1253-4cad-ba25-498061cd609a/element/00000000-0000-06e1-0000-000700000003/displayed'
22:21:43.155 [Forwarding isElementDisplayed on session e77c0fc9-1253-4cad-ba25-498061cd609a to remote] DEBUG org.asynchttpclient.netty.request.NettyRequestSender - Using open Channel [id: 0x0f502b57, L:/127.0.0.1:58549 - R:/127.0.0.1:4723] for GET '/wd/hub/session/e77c0fc9-1253-4cad-ba25-498061cd609a/element/00000000-0000-06e1-0000-000700000003/displayed'
22:21:43.197 [AsyncHttpClient-1-2] DEBUG org.asynchttpclient.netty.handler.HttpHandler - 

Request DefaultFullHttpRequest(decodeResult: success, version: HTTP/1.1, content: EmptyByteBufBE)
GET /wd/hub/session/e77c0fc9-1253-4cad-ba25-498061cd609a/element/00000000-0000-06e1-0000-000700000003/displayed HTTP/1.1
User-Agent: appium/8.3.0 (selenium/4.8.1 (java windows))
Cache-Control: no-cache
Content-Type: application/json; charset=utf-8
host: 0.0.0.0:4723
accept: */*

Response DefaultHttpResponse(decodeResult: success, version: HTTP/1.1)
HTTP/1.1 200 OK
X-Powered-By: Express
Content-Type: application/json; charset=utf-8
Content-Length: 14
ETag: W/"e-2ZHvAWebNQpyjGZTg6uyV8/spTo"
Date: Tue, 09 May 2023 15:21:43 GMT
Connection: keep-alive
Keep-Alive: timeout=600

22:21:43.198 [AsyncHttpClient-1-2] DEBUG org.asynchttpclient.netty.channel.ChannelManager - Adding key: http://0.0.0.0:4723 for channel [id: 0x0f502b57, L:/127.0.0.1:58549 - R:/127.0.0.1:4723]
22:21:43.200 [Forwarding isElementEnabled on session e77c0fc9-1253-4cad-ba25-498061cd609a to remote] DEBUG org.asynchttpclient.netty.request.NettyRequestSender - Using pooled Channel '[id: 0x0f502b57, L:/127.0.0.1:58549 - R:/127.0.0.1:4723]' for 'GET' to 'http://0.0.0.0:4723/wd/hub/session/e77c0fc9-1253-4cad-ba25-498061cd609a/element/00000000-0000-06e1-0000-000700000003/enabled'
22:21:43.201 [Forwarding isElementEnabled on session e77c0fc9-1253-4cad-ba25-498061cd609a to remote] DEBUG org.asynchttpclient.netty.request.NettyRequestSender - Using open Channel [id: 0x0f502b57, L:/127.0.0.1:58549 - R:/127.0.0.1:4723] for GET '/wd/hub/session/e77c0fc9-1253-4cad-ba25-498061cd609a/element/00000000-0000-06e1-0000-000700000003/enabled'
22:21:43.247 [AsyncHttpClient-1-2] DEBUG org.asynchttpclient.netty.handler.HttpHandler - 

Request DefaultFullHttpRequest(decodeResult: success, version: HTTP/1.1, content: EmptyByteBufBE)
GET /wd/hub/session/e77c0fc9-1253-4cad-ba25-498061cd609a/element/00000000-0000-06e1-0000-000700000003/enabled HTTP/1.1
User-Agent: appium/8.3.0 (selenium/4.8.1 (java windows))
Cache-Control: no-cache
Content-Type: application/json; charset=utf-8
host: 0.0.0.0:4723
accept: */*

Response DefaultHttpResponse(decodeResult: success, version: HTTP/1.1)
HTTP/1.1 200 OK
X-Powered-By: Express
Content-Type: application/json; charset=utf-8
Content-Length: 14
ETag: W/"e-2ZHvAWebNQpyjGZTg6uyV8/spTo"
Date: Tue, 09 May 2023 15:21:43 GMT
Connection: keep-alive
Keep-Alive: timeout=600

22:21:43.248 [AsyncHttpClient-1-2] DEBUG org.asynchttpclient.netty.channel.ChannelManager - Adding key: http://0.0.0.0:4723 for channel [id: 0x0f502b57, L:/127.0.0.1:58549 - R:/127.0.0.1:4723]
22:21:43.250 [Forwarding clickElement on session e77c0fc9-1253-4cad-ba25-498061cd609a to remote] DEBUG org.asynchttpclient.netty.request.NettyRequestSender - Using pooled Channel '[id: 0x0f502b57, L:/127.0.0.1:58549 - R:/127.0.0.1:4723]' for 'POST' to 'http://0.0.0.0:4723/wd/hub/session/e77c0fc9-1253-4cad-ba25-498061cd609a/element/00000000-0000-06e1-0000-000700000003/click'
22:21:43.251 [Forwarding clickElement on session e77c0fc9-1253-4cad-ba25-498061cd609a to remote] DEBUG org.asynchttpclient.netty.request.NettyRequestSender - Using open Channel [id: 0x0f502b57, L:/127.0.0.1:58549 - R:/127.0.0.1:4723] for POST '/wd/hub/session/e77c0fc9-1253-4cad-ba25-498061cd609a/element/00000000-0000-06e1-0000-000700000003/click'
22:21:43.821 [AsyncHttpClient-1-2] DEBUG org.asynchttpclient.netty.handler.HttpHandler - 

Request DefaultHttpRequest(decodeResult: success, version: HTTP/1.1)
POST /wd/hub/session/e77c0fc9-1253-4cad-ba25-498061cd609a/element/00000000-0000-06e1-0000-000700000003/click HTTP/1.1
User-Agent: appium/8.3.0 (selenium/4.8.1 (java windows))
Content-Length: 50
Content-Type: application/json; charset=utf-8
host: 0.0.0.0:4723
accept: */*

Response DefaultHttpResponse(decodeResult: success, version: HTTP/1.1)
HTTP/1.1 200 OK
X-Powered-By: Express
Vary: X-HTTP-Method-Override
Content-Type: application/json; charset=utf-8
Content-Length: 14
ETag: W/"e-9/1BuKMgFObM1mWJm+YjxtXJnUM"
Date: Tue, 09 May 2023 15:21:43 GMT
Connection: keep-alive
Keep-Alive: timeout=600

22:21:43.821 [AsyncHttpClient-1-2] DEBUG org.asynchttpclient.netty.channel.ChannelManager - Adding key: http://0.0.0.0:4723 for channel [id: 0x0f502b57, L:/127.0.0.1:58549 - R:/127.0.0.1:4723]
22:21:43.823 [main] DEBUG net.thucydides.core.steps.StepInterceptor - STEP DONE: clickButtonLogout
]]></system-out>
  </testcase>
</testsuite>