<?xml version="1.0" encoding="UTF-8"?>
<testsuite xmlns:xsi="http://www.w3.org/2001/XMLSchema-instance" xsi:noNamespaceSchemaLocation="https://maven.apache.org/surefire/maven-failsafe-plugin/xsd/failsafe-test-report-3.0.xsd" version="3.0" name="starter.CucumberTestSuite" time="121.546" tests="37" errors="3" skipped="0" failures="0">
  <properties>
[...]
</properties>
  <testcase name="user on homepage AltaShop for login feature" classname="user tidak dapat login menggunakan akun yang belum terdaftar" time="13.475">
    <system-out><![CDATA[10:01:16.708 [main] DEBUG net.thucydides.core.guice.Injectors - Created injector for module net.thucydides.core.guice.ThucydidesModule
10:01:17.113 [main] DEBUG io.cucumber.core.plugin.SerenityReporter - Running feature from file:///C:/Dev/ALTASHOP%20MOBILE%20AUTOMATION/src/test/resources/features/1.%20Login.feature
10:01:17.336 [main] DEBUG net.thucydides.core.guice.Injectors - Created injector for module net.thucydides.core.guice.webdriver.WebDriverModule
10:01:17.362 [main] INFO  - 

-------------------------------------------------------------------------------------
     _______. _______ .______       _______ .__   __.  __  .___________.____    ____ 
    /       ||   ____||   _  \     |   ____||  \ |  | |  | |           |\   \  /   / 
   |   (----`|  |__   |  |_)  |    |  |__   |   \|  | |  | `---|  |----` \   \/   /  
    \   \    |   __|  |      /     |   __|  |  . `  | |  |     |  |       \_    _/   
.----)   |   |  |____ |  |\  \----.|  |____ |  |\   | |  |     |  |         |  |     
|_______/    |_______|| _| `._____||_______||__| \__| |__|     |__|         |__|    
                                                                                     
 News and tutorials at http://www.serenity-bdd.info                                  
 Documentation at https://wakaleo.gitbooks.io/the-serenity-book/content/             
 Join the Serenity Community on Gitter: https://gitter.im/serenity-bdd/serenity-core 
 Serenity BDD Support and Training at http://serenity-bdd.info/#/trainingandsupport  
-------------------------------------------------------------------------------------

10:01:17.367 [main] DEBUG net.thucydides.core.steps.StepEventBus - Test suite started for story net.thucydides.core.model.Story@c21ffae2
10:01:17.375 [main] INFO  - Test Suite Started: Login
10:01:17.399 [main] DEBUG io.cucumber.core.plugin.SerenityReporter - Running feature from file:///C:/Dev/ALTASHOP%20MOBILE%20AUTOMATION/src/test/resources/features/1.%20Login.feature
10:01:17.403 [main] DEBUG net.thucydides.core.steps.StepEventBus - Test suite started for story net.thucydides.core.model.Story@c21ffae2
10:01:17.403 [main] INFO  - Test Suite Started: Login
10:01:17.513 [main] DEBUG io.cucumber.core.plugin.SerenityReporter - Running feature from file:///C:/Dev/ALTASHOP%20MOBILE%20AUTOMATION/src/test/resources/features/1.%20Login.feature
10:01:17.680 [main] INFO  - 
  _____   ___   ___   _____     ___   _____     _     ___   _____   ___   ___  
 |_   _| | __| / __| |_   _|   / __| |_   _|   /_\   | _ \ |_   _| | __| |   \ 
   | |   | _|  \__ \   | |     \__ \   | |    / _ \  |   /   | |   | _|  | |) |
   |_|   |___| |___/   |_|     |___/   |_|   /_/ \_\ |_|_\   |_|   |___| |___/ 

user tidak dapat login menggunakan akun yang belum terdaftar(login;user-tidak-dapat-login-menggunakan-akun-yang-belum-terdaftar)
--------------------------------------------------------------------------------
10:01:17.746 [main] DEBUG net.thucydides.core.requirements.model.cucumber.CucumberParser - Loading feature C:\Dev\ALTASHOP MOBILE AUTOMATION\src\test\resources\features\1. Login.feature
10:01:17.773 [main] DEBUG net.thucydides.core.requirements.model.cucumber.CucumberParser - Loading feature C:\Dev\ALTASHOP MOBILE AUTOMATION\src\test\resources\features\2. Register.feature
10:01:18.412 [main] DEBUG net.thucydides.core.steps.StepInterceptor - STARTING STEP: LoginSteps.userOnHomepageAltaShopForLoginFeature - onHomepageAltaShop
10:01:18.585 [main] DEBUG io.netty.util.internal.logging.InternalLoggerFactory - Using SLF4J as the default logging framework
10:01:18.589 [main] DEBUG io.netty.util.ResourceLeakDetector - -Dio.netty.leakDetection.level: simple
10:01:18.589 [main] DEBUG io.netty.util.ResourceLeakDetector - -Dio.netty.leakDetection.targetRecords: 4
10:01:18.596 [main] DEBUG io.netty.util.ResourceLeakDetectorFactory - Loaded default ResourceLeakDetector: io.netty.util.ResourceLeakDetector@6963b88c
10:01:18.627 [main] DEBUG io.netty.util.internal.PlatformDependent0 - -Dio.netty.noUnsafe: false
10:01:18.627 [main] DEBUG io.netty.util.internal.PlatformDependent0 - Java version: 19
10:01:18.628 [main] DEBUG io.netty.util.internal.PlatformDependent0 - sun.misc.Unsafe.theUnsafe: available
10:01:18.629 [main] DEBUG io.netty.util.internal.PlatformDependent0 - sun.misc.Unsafe.copyMemory: available
10:01:18.630 [main] DEBUG io.netty.util.internal.PlatformDependent0 - sun.misc.Unsafe.storeFence: available
10:01:18.632 [main] DEBUG io.netty.util.internal.PlatformDependent0 - java.nio.Buffer.address: available
10:01:18.632 [main] DEBUG io.netty.util.internal.PlatformDependent0 - direct buffer constructor: unavailable: Reflective setAccessible(true) disabled
10:01:18.634 [main] DEBUG io.netty.util.internal.PlatformDependent0 - java.nio.Bits.unaligned: available, true
10:01:18.637 [main] DEBUG io.netty.util.internal.PlatformDependent0 - jdk.internal.misc.Unsafe.allocateUninitializedArray(int): unavailable: class io.netty.util.internal.PlatformDependent0$7 cannot access class jdk.internal.misc.Unsafe (in module java.base) because module java.base does not export jdk.internal.misc to unnamed module @27ff5d15
10:01:18.640 [main] DEBUG io.netty.util.internal.PlatformDependent0 - java.nio.DirectByteBuffer.<init>(long, int): unavailable
10:01:18.640 [main] DEBUG io.netty.util.internal.PlatformDependent - sun.misc.Unsafe: available
10:01:18.643 [main] DEBUG io.netty.util.internal.PlatformDependent - maxDirectMemory: 1589641216 bytes (maybe)
10:01:18.644 [main] DEBUG io.netty.util.internal.PlatformDependent - -Dio.netty.tmpdir: C:\Users\HP\AppData\Local\Temp (java.io.tmpdir)
10:01:18.644 [main] DEBUG io.netty.util.internal.PlatformDependent - -Dio.netty.bitMode: 64 (sun.arch.data.model)
10:01:18.644 [main] DEBUG io.netty.util.internal.PlatformDependent - Platform: Windows
10:01:18.646 [main] DEBUG io.netty.util.internal.PlatformDependent - -Dio.netty.maxDirectMemory: -1 bytes
10:01:18.646 [main] DEBUG io.netty.util.internal.PlatformDependent - -Dio.netty.uninitializedArrayAllocationThreshold: -1
10:01:18.648 [main] DEBUG io.netty.util.internal.CleanerJava9 - java.nio.ByteBuffer.cleaner(): available
10:01:18.649 [main] DEBUG io.netty.util.internal.PlatformDependent - -Dio.netty.noPreferDirect: false
10:01:18.660 [main] DEBUG io.netty.util.internal.PlatformDependent - org.jctools-core.MpscChunkedArrayQueue: available
10:01:18.705 [main] DEBUG io.netty.util.internal.InternalThreadLocalMap - -Dio.netty.threadLocalMap.stringBuilder.initialSize: 1024
10:01:18.706 [main] DEBUG io.netty.util.internal.InternalThreadLocalMap - -Dio.netty.threadLocalMap.stringBuilder.maxSize: 4096
10:01:18.972 [main] DEBUG io.netty.handler.ssl.JdkSslContext - Default protocols (JDK): [TLSv1.3, TLSv1.2] 
10:01:18.972 [main] DEBUG io.netty.handler.ssl.JdkSslContext - Default cipher suites (JDK): [TLS_ECDHE_ECDSA_WITH_AES_256_GCM_SHA384, TLS_ECDHE_ECDSA_WITH_AES_128_GCM_SHA256, TLS_ECDHE_RSA_WITH_AES_128_GCM_SHA256, TLS_ECDHE_RSA_WITH_AES_256_GCM_SHA384, TLS_ECDHE_RSA_WITH_AES_128_CBC_SHA, TLS_ECDHE_RSA_WITH_AES_256_CBC_SHA, TLS_RSA_WITH_AES_128_GCM_SHA256, TLS_RSA_WITH_AES_128_CBC_SHA, TLS_RSA_WITH_AES_256_CBC_SHA, TLS_AES_128_GCM_SHA256, TLS_AES_256_GCM_SHA384]
10:01:18.991 [main] DEBUG io.netty.util.concurrent.GlobalEventExecutor - -Dio.netty.globalEventExecutor.quietPeriodSeconds: 1
10:01:19.010 [main] DEBUG io.netty.channel.MultithreadEventLoopGroup - -Dio.netty.eventLoopThreads: 16
10:01:19.024 [main] DEBUG io.netty.channel.nio.NioEventLoop - -Dio.netty.noKeySetOptimization: false
10:01:19.025 [main] DEBUG io.netty.channel.nio.NioEventLoop - -Dio.netty.selectorAutoRebuildThreshold: 512
10:01:19.097 [main] DEBUG io.netty.buffer.PooledByteBufAllocator - -Dio.netty.allocator.numHeapArenas: 16
10:01:19.098 [main] DEBUG io.netty.buffer.PooledByteBufAllocator - -Dio.netty.allocator.numDirectArenas: 16
10:01:19.098 [main] DEBUG io.netty.buffer.PooledByteBufAllocator - -Dio.netty.allocator.pageSize: 8192
10:01:19.098 [main] DEBUG io.netty.buffer.PooledByteBufAllocator - -Dio.netty.allocator.maxOrder: 9
10:01:19.098 [main] DEBUG io.netty.buffer.PooledByteBufAllocator - -Dio.netty.allocator.chunkSize: 4194304
10:01:19.098 [main] DEBUG io.netty.buffer.PooledByteBufAllocator - -Dio.netty.allocator.smallCacheSize: 256
10:01:19.098 [main] DEBUG io.netty.buffer.PooledByteBufAllocator - -Dio.netty.allocator.normalCacheSize: 64
10:01:19.098 [main] DEBUG io.netty.buffer.PooledByteBufAllocator - -Dio.netty.allocator.maxCachedBufferCapacity: 32768
10:01:19.098 [main] DEBUG io.netty.buffer.PooledByteBufAllocator - -Dio.netty.allocator.cacheTrimInterval: 8192
10:01:19.098 [main] DEBUG io.netty.buffer.PooledByteBufAllocator - -Dio.netty.allocator.cacheTrimIntervalMillis: 0
10:01:19.098 [main] DEBUG io.netty.buffer.PooledByteBufAllocator - -Dio.netty.allocator.useCacheForAllThreads: false
10:01:19.098 [main] DEBUG io.netty.buffer.PooledByteBufAllocator - -Dio.netty.allocator.maxCachedByteBuffersPerChunk: 1023
10:01:19.111 [main] DEBUG io.netty.buffer.ByteBufUtil - -Dio.netty.allocator.type: pooled
10:01:19.111 [main] DEBUG io.netty.buffer.ByteBufUtil - -Dio.netty.threadLocalDirectBufferSize: 0
10:01:19.111 [main] DEBUG io.netty.buffer.ByteBufUtil - -Dio.netty.maxThreadLocalCharBufferSize: 16384
10:01:19.305 [Forwarding newSession on session null to remote] DEBUG io.netty.channel.DefaultChannelId - -Dio.netty.processId: 6896 (auto-detected)
10:01:19.307 [Forwarding newSession on session null to remote] DEBUG io.netty.util.NetUtil - -Djava.net.preferIPv4Stack: false
10:01:19.307 [Forwarding newSession on session null to remote] DEBUG io.netty.util.NetUtil - -Djava.net.preferIPv6Addresses: false
10:01:19.325 [Forwarding newSession on session null to remote] DEBUG io.netty.util.NetUtilInitializations - Loopback interface: lo (Software Loopback Interface 1, 127.0.0.1)
10:01:19.327 [Forwarding newSession on session null to remote] DEBUG io.netty.util.NetUtil - Failed to get SOMAXCONN from sysctl and file \proc\sys\net\core\somaxconn. Default: 200
10:01:19.369 [Forwarding newSession on session null to remote] DEBUG io.netty.channel.DefaultChannelId - -Dio.netty.machineId: cc:6b:1e:ff:fe:34:9f:97 (auto-detected)
10:01:19.442 [AsyncHttpClient-1-2] DEBUG io.netty.buffer.AbstractByteBuf - -Dio.netty.buffer.checkAccessible: true
10:01:19.444 [AsyncHttpClient-1-2] DEBUG io.netty.buffer.AbstractByteBuf - -Dio.netty.buffer.checkBounds: true
10:01:19.444 [AsyncHttpClient-1-2] DEBUG io.netty.util.ResourceLeakDetectorFactory - Loaded default ResourceLeakDetector: io.netty.util.ResourceLeakDetector@ed9a280
10:01:19.473 [AsyncHttpClient-1-2] DEBUG org.asynchttpclient.netty.channel.NettyConnectListener - Using new Channel '[id: 0xac19b5dd, L:/127.0.0.1:62239 - R:/127.0.0.1:4723]' for 'POST' to '/wd/hub/session'
10:01:19.493 [AsyncHttpClient-1-2] DEBUG io.netty.util.Recycler - -Dio.netty.recycler.maxCapacityPerThread: 4096
10:01:19.493 [AsyncHttpClient-1-2] DEBUG io.netty.util.Recycler - -Dio.netty.recycler.ratio: 8
10:01:19.493 [AsyncHttpClient-1-2] DEBUG io.netty.util.Recycler - -Dio.netty.recycler.chunkSize: 32
10:01:19.493 [AsyncHttpClient-1-2] DEBUG io.netty.util.Recycler - -Dio.netty.recycler.blocking: false
10:01:19.493 [AsyncHttpClient-1-2] DEBUG io.netty.util.Recycler - -Dio.netty.recycler.batchFastThreadLocalOnly: true
10:01:29.893 [AsyncHttpClient-1-2] DEBUG io.netty.handler.codec.compression.Brotli - brotli4j not in the classpath; Brotli support will be unavailable.
10:01:29.893 [AsyncHttpClient-1-2] DEBUG org.asynchttpclient.netty.handler.HttpHandler - 

Request DefaultHttpRequest(decodeResult: success, version: HTTP/1.1)
POST /wd/hub/session HTTP/1.1
X-Idempotency-Key: fa54286a-7aff-4151-9876-b4901145349e
User-Agent: appium/8.3.0 (selenium/4.8.1 (java windows))
Content-Length: 301
Content-Type: application/json; charset=utf-8
host: 0.0.0.0:4723
accept: */*

Response DefaultHttpResponse(decodeResult: success, version: HTTP/1.1)
HTTP/1.1 200 OK
X-Powered-By: Express
Vary: X-HTTP-Method-Override
Content-Type: application/json; charset=utf-8
Content-Length: 920
ETag: W/"398-Q+VwY7GxlzDGcdPz0QxzE+Cy16M"
Date: Sat, 06 May 2023 03:01:29 GMT
Connection: keep-alive
Keep-Alive: timeout=600

10:01:29.912 [AsyncHttpClient-1-2] DEBUG org.asynchttpclient.netty.channel.ChannelManager - Adding key: http://0.0.0.0:4723 for channel [id: 0xac19b5dd, L:/127.0.0.1:62239 - R:/127.0.0.1:4723]
10:01:29.977 [AsyncHttpClient-1-1] DEBUG org.asynchttpclient.netty.channel.DefaultChannelPool - Entry count for : http://0.0.0.0:4723 : 1
10:01:30.081 [Forwarding setTimeout on session d4d46599-2f4f-4592-b2dd-34fedc871b23 to remote] DEBUG org.asynchttpclient.netty.request.NettyRequestSender - Using pooled Channel '[id: 0xac19b5dd, L:/127.0.0.1:62239 - R:/127.0.0.1:4723]' for 'POST' to 'http://0.0.0.0:4723/wd/hub/session/d4d46599-2f4f-4592-b2dd-34fedc871b23/timeouts'
10:01:30.081 [Forwarding setTimeout on session d4d46599-2f4f-4592-b2dd-34fedc871b23 to remote] DEBUG org.asynchttpclient.netty.request.NettyRequestSender - Using open Channel [id: 0xac19b5dd, L:/127.0.0.1:62239 - R:/127.0.0.1:4723] for POST '/wd/hub/session/d4d46599-2f4f-4592-b2dd-34fedc871b23/timeouts'
10:01:30.093 [AsyncHttpClient-1-2] DEBUG org.asynchttpclient.netty.handler.HttpHandler - 

Request DefaultHttpRequest(decodeResult: success, version: HTTP/1.1)
POST /wd/hub/session/d4d46599-2f4f-4592-b2dd-34fedc871b23/timeouts HTTP/1.1
User-Agent: appium/8.3.0 (selenium/4.8.1 (java windows))
Content-Length: 23
Content-Type: application/json; charset=utf-8
host: 0.0.0.0:4723
accept: */*

Response DefaultHttpResponse(decodeResult: success, version: HTTP/1.1)
HTTP/1.1 200 OK
X-Powered-By: Express
Vary: X-HTTP-Method-Override
Content-Type: application/json; charset=utf-8
Content-Length: 14
ETag: W/"e-9/1BuKMgFObM1mWJm+YjxtXJnUM"
Date: Sat, 06 May 2023 03:01:30 GMT
Connection: keep-alive
Keep-Alive: timeout=600

10:01:30.094 [AsyncHttpClient-1-2] DEBUG org.asynchttpclient.netty.channel.ChannelManager - Adding key: http://0.0.0.0:4723 for channel [id: 0xac19b5dd, L:/127.0.0.1:62239 - R:/127.0.0.1:4723]
10:01:30.107 [Forwarding findElement on session d4d46599-2f4f-4592-b2dd-34fedc871b23 to remote] DEBUG org.asynchttpclient.netty.request.NettyRequestSender - Using pooled Channel '[id: 0xac19b5dd, L:/127.0.0.1:62239 - R:/127.0.0.1:4723]' for 'POST' to 'http://0.0.0.0:4723/wd/hub/session/d4d46599-2f4f-4592-b2dd-34fedc871b23/element'
10:01:30.107 [Forwarding findElement on session d4d46599-2f4f-4592-b2dd-34fedc871b23 to remote] DEBUG org.asynchttpclient.netty.request.NettyRequestSender - Using open Channel [id: 0xac19b5dd, L:/127.0.0.1:62239 - R:/127.0.0.1:4723] for POST '/wd/hub/session/d4d46599-2f4f-4592-b2dd-34fedc871b23/element'
10:01:31.208 [AsyncHttpClient-1-2] DEBUG org.asynchttpclient.netty.handler.HttpHandler - 

Request DefaultHttpRequest(decodeResult: success, version: HTTP/1.1)
POST /wd/hub/session/d4d46599-2f4f-4592-b2dd-34fedc871b23/element HTTP/1.1
User-Agent: appium/8.3.0 (selenium/4.8.1 (java windows))
Content-Length: 326
Content-Type: application/json; charset=utf-8
host: 0.0.0.0:4723
accept: */*

Response DefaultHttpResponse(decodeResult: success, version: HTTP/1.1)
HTTP/1.1 200 OK
X-Powered-By: Express
Vary: X-HTTP-Method-Override
Content-Type: application/json; charset=utf-8
Content-Length: 137
ETag: W/"89-BUXbIB/3i8J5OC3GvNXv0a9dUcI"
Date: Sat, 06 May 2023 03:01:31 GMT
Connection: keep-alive
Keep-Alive: timeout=600

10:01:31.208 [AsyncHttpClient-1-2] DEBUG org.asynchttpclient.netty.channel.ChannelManager - Adding key: http://0.0.0.0:4723 for channel [id: 0xac19b5dd, L:/127.0.0.1:62239 - R:/127.0.0.1:4723]
10:01:31.216 [Forwarding isElementDisplayed on session d4d46599-2f4f-4592-b2dd-34fedc871b23 to remote] DEBUG org.asynchttpclient.netty.request.NettyRequestSender - Using pooled Channel '[id: 0xac19b5dd, L:/127.0.0.1:62239 - R:/127.0.0.1:4723]' for 'GET' to 'http://0.0.0.0:4723/wd/hub/session/d4d46599-2f4f-4592-b2dd-34fedc871b23/element/00000000-0000-0535-0000-000700000003/displayed'
10:01:31.216 [Forwarding isElementDisplayed on session d4d46599-2f4f-4592-b2dd-34fedc871b23 to remote] DEBUG org.asynchttpclient.netty.request.NettyRequestSender - Using open Channel [id: 0xac19b5dd, L:/127.0.0.1:62239 - R:/127.0.0.1:4723] for GET '/wd/hub/session/d4d46599-2f4f-4592-b2dd-34fedc871b23/element/00000000-0000-0535-0000-000700000003/displayed'
10:01:31.242 [AsyncHttpClient-1-2] DEBUG org.asynchttpclient.netty.handler.HttpHandler - 

Request DefaultFullHttpRequest(decodeResult: success, version: HTTP/1.1, content: EmptyByteBufBE)
GET /wd/hub/session/d4d46599-2f4f-4592-b2dd-34fedc871b23/element/00000000-0000-0535-0000-000700000003/displayed HTTP/1.1
User-Agent: appium/8.3.0 (selenium/4.8.1 (java windows))
Cache-Control: no-cache
Content-Type: application/json; charset=utf-8
host: 0.0.0.0:4723
accept: */*

Response DefaultHttpResponse(decodeResult: success, version: HTTP/1.1)
HTTP/1.1 200 OK
X-Powered-By: Express
Content-Type: application/json; charset=utf-8
Content-Length: 14
ETag: W/"e-2ZHvAWebNQpyjGZTg6uyV8/spTo"
Date: Sat, 06 May 2023 03:01:31 GMT
Connection: keep-alive
Keep-Alive: timeout=600

10:01:31.243 [AsyncHttpClient-1-2] DEBUG org.asynchttpclient.netty.channel.ChannelManager - Adding key: http://0.0.0.0:4723 for channel [id: 0xac19b5dd, L:/127.0.0.1:62239 - R:/127.0.0.1:4723]
10:01:31.246 [Forwarding isElementDisplayed on session d4d46599-2f4f-4592-b2dd-34fedc871b23 to remote] DEBUG org.asynchttpclient.netty.request.NettyRequestSender - Using pooled Channel '[id: 0xac19b5dd, L:/127.0.0.1:62239 - R:/127.0.0.1:4723]' for 'GET' to 'http://0.0.0.0:4723/wd/hub/session/d4d46599-2f4f-4592-b2dd-34fedc871b23/element/00000000-0000-0535-0000-000700000003/displayed'
10:01:31.246 [Forwarding isElementDisplayed on session d4d46599-2f4f-4592-b2dd-34fedc871b23 to remote] DEBUG org.asynchttpclient.netty.request.NettyRequestSender - Using open Channel [id: 0xac19b5dd, L:/127.0.0.1:62239 - R:/127.0.0.1:4723] for GET '/wd/hub/session/d4d46599-2f4f-4592-b2dd-34fedc871b23/element/00000000-0000-0535-0000-000700000003/displayed'
10:01:31.269 [AsyncHttpClient-1-2] DEBUG org.asynchttpclient.netty.handler.HttpHandler - 

Request DefaultFullHttpRequest(decodeResult: success, version: HTTP/1.1, content: EmptyByteBufBE)
GET /wd/hub/session/d4d46599-2f4f-4592-b2dd-34fedc871b23/element/00000000-0000-0535-0000-000700000003/displayed HTTP/1.1
User-Agent: appium/8.3.0 (selenium/4.8.1 (java windows))
Cache-Control: no-cache
Content-Type: application/json; charset=utf-8
host: 0.0.0.0:4723
accept: */*

Response DefaultHttpResponse(decodeResult: success, version: HTTP/1.1)
HTTP/1.1 200 OK
X-Powered-By: Express
Content-Type: application/json; charset=utf-8
Content-Length: 14
ETag: W/"e-2ZHvAWebNQpyjGZTg6uyV8/spTo"
Date: Sat, 06 May 2023 03:01:31 GMT
Connection: keep-alive
Keep-Alive: timeout=600

10:01:31.270 [AsyncHttpClient-1-2] DEBUG org.asynchttpclient.netty.channel.ChannelManager - Adding key: http://0.0.0.0:4723 for channel [id: 0xac19b5dd, L:/127.0.0.1:62239 - R:/127.0.0.1:4723]
10:01:31.277 [main] DEBUG net.thucydides.core.steps.StepInterceptor - STEP DONE: onHomepageAltaShop
]]></system-out>
    <system-err><![CDATA[SLF4J: Class path contains multiple SLF4J bindings.
SLF4J: Found binding in [jar:file:/C:/Users/HP/.m2/repository/ch/qos/logback/logback-classic/1.2.10/logback-classic-1.2.10.jar!/org/slf4j/impl/StaticLoggerBinder.class]
SLF4J: Found binding in [jar:file:/C:/Users/HP/.m2/repository/org/slf4j/slf4j-simple/1.7.7/slf4j-simple-1.7.7.jar!/org/slf4j/impl/StaticLoggerBinder.class]
SLF4J: See http://www.slf4j.org/codes.html#multiple_bindings for an explanation.
SLF4J: Actual binding is of type [ch.qos.logback.classic.util.ContextSelectorStaticBinder]
]]></system-err>
  </testcase>
  <testcase name="user click login button for login feature" classname="user tidak dapat login menggunakan akun yang belum terdaftar" time="0.304">
    <system-out><![CDATA[10:01:31.307 [main] DEBUG net.thucydides.core.steps.StepInterceptor - STARTING STEP: LoginSteps.userClickLoginButtonForLoginFeature - clickButtonLogin
10:01:31.314 [Forwarding findElement on session d4d46599-2f4f-4592-b2dd-34fedc871b23 to remote] DEBUG org.asynchttpclient.netty.request.NettyRequestSender - Using pooled Channel '[id: 0xac19b5dd, L:/127.0.0.1:62239 - R:/127.0.0.1:4723]' for 'POST' to 'http://0.0.0.0:4723/wd/hub/session/d4d46599-2f4f-4592-b2dd-34fedc871b23/element'
10:01:31.314 [Forwarding findElement on session d4d46599-2f4f-4592-b2dd-34fedc871b23 to remote] DEBUG org.asynchttpclient.netty.request.NettyRequestSender - Using open Channel [id: 0xac19b5dd, L:/127.0.0.1:62239 - R:/127.0.0.1:4723] for POST '/wd/hub/session/d4d46599-2f4f-4592-b2dd-34fedc871b23/element'
10:01:31.414 [AsyncHttpClient-1-2] DEBUG org.asynchttpclient.netty.handler.HttpHandler - 

Request DefaultHttpRequest(decodeResult: success, version: HTTP/1.1)
POST /wd/hub/session/d4d46599-2f4f-4592-b2dd-34fedc871b23/element HTTP/1.1
User-Agent: appium/8.3.0 (selenium/4.8.1 (java windows))
Content-Length: 326
Content-Type: application/json; charset=utf-8
host: 0.0.0.0:4723
accept: */*

Response DefaultHttpResponse(decodeResult: success, version: HTTP/1.1)
HTTP/1.1 200 OK
X-Powered-By: Express
Vary: X-HTTP-Method-Override
Content-Type: application/json; charset=utf-8
Content-Length: 137
ETag: W/"89-BUXbIB/3i8J5OC3GvNXv0a9dUcI"
Date: Sat, 06 May 2023 03:01:31 GMT
Connection: keep-alive
Keep-Alive: timeout=600

10:01:31.415 [AsyncHttpClient-1-2] DEBUG org.asynchttpclient.netty.channel.ChannelManager - Adding key: http://0.0.0.0:4723 for channel [id: 0xac19b5dd, L:/127.0.0.1:62239 - R:/127.0.0.1:4723]
10:01:31.419 [Forwarding isElementDisplayed on session d4d46599-2f4f-4592-b2dd-34fedc871b23 to remote] DEBUG org.asynchttpclient.netty.request.NettyRequestSender - Using pooled Channel '[id: 0xac19b5dd, L:/127.0.0.1:62239 - R:/127.0.0.1:4723]' for 'GET' to 'http://0.0.0.0:4723/wd/hub/session/d4d46599-2f4f-4592-b2dd-34fedc871b23/element/00000000-0000-0535-0000-000700000003/displayed'
10:01:31.419 [Forwarding isElementDisplayed on session d4d46599-2f4f-4592-b2dd-34fedc871b23 to remote] DEBUG org.asynchttpclient.netty.request.NettyRequestSender - Using open Channel [id: 0xac19b5dd, L:/127.0.0.1:62239 - R:/127.0.0.1:4723] for GET '/wd/hub/session/d4d46599-2f4f-4592-b2dd-34fedc871b23/element/00000000-0000-0535-0000-000700000003/displayed'
10:01:31.456 [AsyncHttpClient-1-2] DEBUG org.asynchttpclient.netty.handler.HttpHandler - 

Request DefaultFullHttpRequest(decodeResult: success, version: HTTP/1.1, content: EmptyByteBufBE)
GET /wd/hub/session/d4d46599-2f4f-4592-b2dd-34fedc871b23/element/00000000-0000-0535-0000-000700000003/displayed HTTP/1.1
User-Agent: appium/8.3.0 (selenium/4.8.1 (java windows))
Cache-Control: no-cache
Content-Type: application/json; charset=utf-8
host: 0.0.0.0:4723
accept: */*

Response DefaultHttpResponse(decodeResult: success, version: HTTP/1.1)
HTTP/1.1 200 OK
X-Powered-By: Express
Content-Type: application/json; charset=utf-8
Content-Length: 14
ETag: W/"e-2ZHvAWebNQpyjGZTg6uyV8/spTo"
Date: Sat, 06 May 2023 03:01:31 GMT
Connection: keep-alive
Keep-Alive: timeout=600

10:01:31.456 [AsyncHttpClient-1-2] DEBUG org.asynchttpclient.netty.channel.ChannelManager - Adding key: http://0.0.0.0:4723 for channel [id: 0xac19b5dd, L:/127.0.0.1:62239 - R:/127.0.0.1:4723]
10:01:31.460 [Forwarding isElementEnabled on session d4d46599-2f4f-4592-b2dd-34fedc871b23 to remote] DEBUG org.asynchttpclient.netty.request.NettyRequestSender - Using pooled Channel '[id: 0xac19b5dd, L:/127.0.0.1:62239 - R:/127.0.0.1:4723]' for 'GET' to 'http://0.0.0.0:4723/wd/hub/session/d4d46599-2f4f-4592-b2dd-34fedc871b23/element/00000000-0000-0535-0000-000700000003/enabled'
10:01:31.460 [Forwarding isElementEnabled on session d4d46599-2f4f-4592-b2dd-34fedc871b23 to remote] DEBUG org.asynchttpclient.netty.request.NettyRequestSender - Using open Channel [id: 0xac19b5dd, L:/127.0.0.1:62239 - R:/127.0.0.1:4723] for GET '/wd/hub/session/d4d46599-2f4f-4592-b2dd-34fedc871b23/element/00000000-0000-0535-0000-000700000003/enabled'
10:01:31.493 [AsyncHttpClient-1-2] DEBUG org.asynchttpclient.netty.handler.HttpHandler - 

Request DefaultFullHttpRequest(decodeResult: success, version: HTTP/1.1, content: EmptyByteBufBE)
GET /wd/hub/session/d4d46599-2f4f-4592-b2dd-34fedc871b23/element/00000000-0000-0535-0000-000700000003/enabled HTTP/1.1
User-Agent: appium/8.3.0 (selenium/4.8.1 (java windows))
Cache-Control: no-cache
Content-Type: application/json; charset=utf-8
host: 0.0.0.0:4723
accept: */*

Response DefaultHttpResponse(decodeResult: success, version: HTTP/1.1)
HTTP/1.1 200 OK
X-Powered-By: Express
Content-Type: application/json; charset=utf-8
Content-Length: 14
ETag: W/"e-2ZHvAWebNQpyjGZTg6uyV8/spTo"
Date: Sat, 06 May 2023 03:01:31 GMT
Connection: keep-alive
Keep-Alive: timeout=600

10:01:31.494 [AsyncHttpClient-1-2] DEBUG org.asynchttpclient.netty.channel.ChannelManager - Adding key: http://0.0.0.0:4723 for channel [id: 0xac19b5dd, L:/127.0.0.1:62239 - R:/127.0.0.1:4723]
10:01:31.500 [Forwarding clickElement on session d4d46599-2f4f-4592-b2dd-34fedc871b23 to remote] DEBUG org.asynchttpclient.netty.request.NettyRequestSender - Using pooled Channel '[id: 0xac19b5dd, L:/127.0.0.1:62239 - R:/127.0.0.1:4723]' for 'POST' to 'http://0.0.0.0:4723/wd/hub/session/d4d46599-2f4f-4592-b2dd-34fedc871b23/element/00000000-0000-0535-0000-000700000003/click'
10:01:31.500 [Forwarding clickElement on session d4d46599-2f4f-4592-b2dd-34fedc871b23 to remote] DEBUG org.asynchttpclient.netty.request.NettyRequestSender - Using open Channel [id: 0xac19b5dd, L:/127.0.0.1:62239 - R:/127.0.0.1:4723] for POST '/wd/hub/session/d4d46599-2f4f-4592-b2dd-34fedc871b23/element/00000000-0000-0535-0000-000700000003/click'
10:01:31.599 [AsyncHttpClient-1-2] DEBUG org.asynchttpclient.netty.handler.HttpHandler - 

Request DefaultHttpRequest(decodeResult: success, version: HTTP/1.1)
POST /wd/hub/session/d4d46599-2f4f-4592-b2dd-34fedc871b23/element/00000000-0000-0535-0000-000700000003/click HTTP/1.1
User-Agent: appium/8.3.0 (selenium/4.8.1 (java windows))
Content-Length: 50
Content-Type: application/json; charset=utf-8
host: 0.0.0.0:4723
accept: */*

Response DefaultHttpResponse(decodeResult: success, version: HTTP/1.1)
HTTP/1.1 200 OK
X-Powered-By: Express
Vary: X-HTTP-Method-Override
Content-Type: application/json; charset=utf-8
Content-Length: 14
ETag: W/"e-9/1BuKMgFObM1mWJm+YjxtXJnUM"
Date: Sat, 06 May 2023 03:01:31 GMT
Connection: keep-alive
Keep-Alive: timeout=600

10:01:31.600 [AsyncHttpClient-1-2] DEBUG org.asynchttpclient.netty.channel.ChannelManager - Adding key: http://0.0.0.0:4723 for channel [id: 0xac19b5dd, L:/127.0.0.1:62239 - R:/127.0.0.1:4723]
10:01:31.602 [main] DEBUG net.thucydides.core.steps.StepInterceptor - STEP DONE: clickButtonLogin
]]></system-out>
  </testcase>
  <testcase name="user input email for login feature" classname="user tidak dapat login menggunakan akun yang belum terdaftar" time="2.444">
    <system-out><![CDATA[10:01:31.621 [main] DEBUG net.thucydides.core.steps.StepInterceptor - STARTING STEP: LoginSteps.userInputEmailForLoginFeature - inputEmail
10:01:31.632 [Forwarding findElement on session d4d46599-2f4f-4592-b2dd-34fedc871b23 to remote] DEBUG org.asynchttpclient.netty.request.NettyRequestSender - Using pooled Channel '[id: 0xac19b5dd, L:/127.0.0.1:62239 - R:/127.0.0.1:4723]' for 'POST' to 'http://0.0.0.0:4723/wd/hub/session/d4d46599-2f4f-4592-b2dd-34fedc871b23/element'
10:01:31.633 [Forwarding findElement on session d4d46599-2f4f-4592-b2dd-34fedc871b23 to remote] DEBUG org.asynchttpclient.netty.request.NettyRequestSender - Using open Channel [id: 0xac19b5dd, L:/127.0.0.1:62239 - R:/127.0.0.1:4723] for POST '/wd/hub/session/d4d46599-2f4f-4592-b2dd-34fedc871b23/element'
10:01:32.423 [AsyncHttpClient-1-2] DEBUG org.asynchttpclient.netty.handler.HttpHandler - 

Request DefaultHttpRequest(decodeResult: success, version: HTTP/1.1)
POST /wd/hub/session/d4d46599-2f4f-4592-b2dd-34fedc871b23/element HTTP/1.1
User-Agent: appium/8.3.0 (selenium/4.8.1 (java windows))
Content-Length: 305
Content-Type: application/json; charset=utf-8
host: 0.0.0.0:4723
accept: */*

Response DefaultHttpResponse(decodeResult: success, version: HTTP/1.1)
HTTP/1.1 200 OK
X-Powered-By: Express
Vary: X-HTTP-Method-Override
Content-Type: application/json; charset=utf-8
Content-Length: 137
ETag: W/"89-BMfOmDT44OLSVrOAHUs1AdjMK5M"
Date: Sat, 06 May 2023 03:01:32 GMT
Connection: keep-alive
Keep-Alive: timeout=600

10:01:32.423 [AsyncHttpClient-1-2] DEBUG org.asynchttpclient.netty.channel.ChannelManager - Adding key: http://0.0.0.0:4723 for channel [id: 0xac19b5dd, L:/127.0.0.1:62239 - R:/127.0.0.1:4723]
10:01:32.425 [Forwarding isElementDisplayed on session d4d46599-2f4f-4592-b2dd-34fedc871b23 to remote] DEBUG org.asynchttpclient.netty.request.NettyRequestSender - Using pooled Channel '[id: 0xac19b5dd, L:/127.0.0.1:62239 - R:/127.0.0.1:4723]' for 'GET' to 'http://0.0.0.0:4723/wd/hub/session/d4d46599-2f4f-4592-b2dd-34fedc871b23/element/00000000-0000-0535-0000-002300000003/displayed'
10:01:32.425 [Forwarding isElementDisplayed on session d4d46599-2f4f-4592-b2dd-34fedc871b23 to remote] DEBUG org.asynchttpclient.netty.request.NettyRequestSender - Using open Channel [id: 0xac19b5dd, L:/127.0.0.1:62239 - R:/127.0.0.1:4723] for GET '/wd/hub/session/d4d46599-2f4f-4592-b2dd-34fedc871b23/element/00000000-0000-0535-0000-002300000003/displayed'
10:01:32.454 [AsyncHttpClient-1-2] DEBUG org.asynchttpclient.netty.handler.HttpHandler - 

Request DefaultFullHttpRequest(decodeResult: success, version: HTTP/1.1, content: EmptyByteBufBE)
GET /wd/hub/session/d4d46599-2f4f-4592-b2dd-34fedc871b23/element/00000000-0000-0535-0000-002300000003/displayed HTTP/1.1
User-Agent: appium/8.3.0 (selenium/4.8.1 (java windows))
Cache-Control: no-cache
Content-Type: application/json; charset=utf-8
host: 0.0.0.0:4723
accept: */*

Response DefaultHttpResponse(decodeResult: success, version: HTTP/1.1)
HTTP/1.1 200 OK
X-Powered-By: Express
Content-Type: application/json; charset=utf-8
Content-Length: 14
ETag: W/"e-2ZHvAWebNQpyjGZTg6uyV8/spTo"
Date: Sat, 06 May 2023 03:01:32 GMT
Connection: keep-alive
Keep-Alive: timeout=600

10:01:32.455 [AsyncHttpClient-1-2] DEBUG org.asynchttpclient.netty.channel.ChannelManager - Adding key: http://0.0.0.0:4723 for channel [id: 0xac19b5dd, L:/127.0.0.1:62239 - R:/127.0.0.1:4723]
10:01:32.457 [Forwarding isElementEnabled on session d4d46599-2f4f-4592-b2dd-34fedc871b23 to remote] DEBUG org.asynchttpclient.netty.request.NettyRequestSender - Using pooled Channel '[id: 0xac19b5dd, L:/127.0.0.1:62239 - R:/127.0.0.1:4723]' for 'GET' to 'http://0.0.0.0:4723/wd/hub/session/d4d46599-2f4f-4592-b2dd-34fedc871b23/element/00000000-0000-0535-0000-002300000003/enabled'
10:01:32.457 [Forwarding isElementEnabled on session d4d46599-2f4f-4592-b2dd-34fedc871b23 to remote] DEBUG org.asynchttpclient.netty.request.NettyRequestSender - Using open Channel [id: 0xac19b5dd, L:/127.0.0.1:62239 - R:/127.0.0.1:4723] for GET '/wd/hub/session/d4d46599-2f4f-4592-b2dd-34fedc871b23/element/00000000-0000-0535-0000-002300000003/enabled'
10:01:32.484 [AsyncHttpClient-1-2] DEBUG org.asynchttpclient.netty.handler.HttpHandler - 

Request DefaultFullHttpRequest(decodeResult: success, version: HTTP/1.1, content: EmptyByteBufBE)
GET /wd/hub/session/d4d46599-2f4f-4592-b2dd-34fedc871b23/element/00000000-0000-0535-0000-002300000003/enabled HTTP/1.1
User-Agent: appium/8.3.0 (selenium/4.8.1 (java windows))
Cache-Control: no-cache
Content-Type: application/json; charset=utf-8
host: 0.0.0.0:4723
accept: */*

Response DefaultHttpResponse(decodeResult: success, version: HTTP/1.1)
HTTP/1.1 200 OK
X-Powered-By: Express
Content-Type: application/json; charset=utf-8
Content-Length: 14
ETag: W/"e-2ZHvAWebNQpyjGZTg6uyV8/spTo"
Date: Sat, 06 May 2023 03:01:32 GMT
Connection: keep-alive
Keep-Alive: timeout=600

10:01:32.486 [AsyncHttpClient-1-2] DEBUG org.asynchttpclient.netty.channel.ChannelManager - Adding key: http://0.0.0.0:4723 for channel [id: 0xac19b5dd, L:/127.0.0.1:62239 - R:/127.0.0.1:4723]
10:01:32.488 [Forwarding clickElement on session d4d46599-2f4f-4592-b2dd-34fedc871b23 to remote] DEBUG org.asynchttpclient.netty.request.NettyRequestSender - Using pooled Channel '[id: 0xac19b5dd, L:/127.0.0.1:62239 - R:/127.0.0.1:4723]' for 'POST' to 'http://0.0.0.0:4723/wd/hub/session/d4d46599-2f4f-4592-b2dd-34fedc871b23/element/00000000-0000-0535-0000-002300000003/click'
10:01:32.489 [Forwarding clickElement on session d4d46599-2f4f-4592-b2dd-34fedc871b23 to remote] DEBUG org.asynchttpclient.netty.request.NettyRequestSender - Using open Channel [id: 0xac19b5dd, L:/127.0.0.1:62239 - R:/127.0.0.1:4723] for POST '/wd/hub/session/d4d46599-2f4f-4592-b2dd-34fedc871b23/element/00000000-0000-0535-0000-002300000003/click'
10:01:32.572 [AsyncHttpClient-1-2] DEBUG org.asynchttpclient.netty.handler.HttpHandler - 

Request DefaultHttpRequest(decodeResult: success, version: HTTP/1.1)
POST /wd/hub/session/d4d46599-2f4f-4592-b2dd-34fedc871b23/element/00000000-0000-0535-0000-002300000003/click HTTP/1.1
User-Agent: appium/8.3.0 (selenium/4.8.1 (java windows))
Content-Length: 50
Content-Type: application/json; charset=utf-8
host: 0.0.0.0:4723
accept: */*

Response DefaultHttpResponse(decodeResult: success, version: HTTP/1.1)
HTTP/1.1 200 OK
X-Powered-By: Express
Vary: X-HTTP-Method-Override
Content-Type: application/json; charset=utf-8
Content-Length: 14
ETag: W/"e-9/1BuKMgFObM1mWJm+YjxtXJnUM"
Date: Sat, 06 May 2023 03:01:32 GMT
Connection: keep-alive
Keep-Alive: timeout=600

10:01:32.573 [AsyncHttpClient-1-2] DEBUG org.asynchttpclient.netty.channel.ChannelManager - Adding key: http://0.0.0.0:4723 for channel [id: 0xac19b5dd, L:/127.0.0.1:62239 - R:/127.0.0.1:4723]
10:01:32.599 [Forwarding findElement on session d4d46599-2f4f-4592-b2dd-34fedc871b23 to remote] DEBUG org.asynchttpclient.netty.request.NettyRequestSender - Using pooled Channel '[id: 0xac19b5dd, L:/127.0.0.1:62239 - R:/127.0.0.1:4723]' for 'POST' to 'http://0.0.0.0:4723/wd/hub/session/d4d46599-2f4f-4592-b2dd-34fedc871b23/element'
10:01:32.599 [Forwarding findElement on session d4d46599-2f4f-4592-b2dd-34fedc871b23 to remote] DEBUG org.asynchttpclient.netty.request.NettyRequestSender - Using open Channel [id: 0xac19b5dd, L:/127.0.0.1:62239 - R:/127.0.0.1:4723] for POST '/wd/hub/session/d4d46599-2f4f-4592-b2dd-34fedc871b23/element'
10:01:33.944 [AsyncHttpClient-1-2] DEBUG org.asynchttpclient.netty.handler.HttpHandler - 

Request DefaultHttpRequest(decodeResult: success, version: HTTP/1.1)
POST /wd/hub/session/d4d46599-2f4f-4592-b2dd-34fedc871b23/element HTTP/1.1
User-Agent: appium/8.3.0 (selenium/4.8.1 (java windows))
Content-Length: 305
Content-Type: application/json; charset=utf-8
host: 0.0.0.0:4723
accept: */*

Response DefaultHttpResponse(decodeResult: success, version: HTTP/1.1)
HTTP/1.1 200 OK
X-Powered-By: Express
Vary: X-HTTP-Method-Override
Content-Type: application/json; charset=utf-8
Content-Length: 137
ETag: W/"89-BMfOmDT44OLSVrOAHUs1AdjMK5M"
Date: Sat, 06 May 2023 03:01:33 GMT
Connection: keep-alive
Keep-Alive: timeout=600

10:01:33.945 [AsyncHttpClient-1-2] DEBUG org.asynchttpclient.netty.channel.ChannelManager - Adding key: http://0.0.0.0:4723 for channel [id: 0xac19b5dd, L:/127.0.0.1:62239 - R:/127.0.0.1:4723]
10:01:33.963 [Forwarding sendKeysToElement on session d4d46599-2f4f-4592-b2dd-34fedc871b23 to remote] DEBUG org.asynchttpclient.netty.request.NettyRequestSender - Using pooled Channel '[id: 0xac19b5dd, L:/127.0.0.1:62239 - R:/127.0.0.1:4723]' for 'POST' to 'http://0.0.0.0:4723/wd/hub/session/d4d46599-2f4f-4592-b2dd-34fedc871b23/element/00000000-0000-0535-0000-002300000003/value'
10:01:33.964 [Forwarding sendKeysToElement on session d4d46599-2f4f-4592-b2dd-34fedc871b23 to remote] DEBUG org.asynchttpclient.netty.request.NettyRequestSender - Using open Channel [id: 0xac19b5dd, L:/127.0.0.1:62239 - R:/127.0.0.1:4723] for POST '/wd/hub/session/d4d46599-2f4f-4592-b2dd-34fedc871b23/element/00000000-0000-0535-0000-002300000003/value'
10:01:34.042 [AsyncHttpClient-1-2] DEBUG org.asynchttpclient.netty.handler.HttpHandler - 

Request DefaultHttpRequest(decodeResult: success, version: HTTP/1.1)
POST /wd/hub/session/d4d46599-2f4f-4592-b2dd-34fedc871b23/element/00000000-0000-0535-0000-002300000003/value HTTP/1.1
User-Agent: appium/8.3.0 (selenium/4.8.1 (java windows))
Content-Length: 361
Content-Type: application/json; charset=utf-8
host: 0.0.0.0:4723
accept: */*

Response DefaultHttpResponse(decodeResult: success, version: HTTP/1.1)
HTTP/1.1 200 OK
X-Powered-By: Express
Vary: X-HTTP-Method-Override
Content-Type: application/json; charset=utf-8
Content-Length: 14
ETag: W/"e-9/1BuKMgFObM1mWJm+YjxtXJnUM"
Date: Sat, 06 May 2023 03:01:34 GMT
Connection: keep-alive
Keep-Alive: timeout=600

10:01:34.043 [AsyncHttpClient-1-2] DEBUG org.asynchttpclient.netty.channel.ChannelManager - Adding key: http://0.0.0.0:4723 for channel [id: 0xac19b5dd, L:/127.0.0.1:62239 - R:/127.0.0.1:4723]
10:01:34.053 [main] DEBUG net.thucydides.core.steps.StepInterceptor - STEP DONE: inputEmail
]]></system-out>
  </testcase>
  <testcase name="user input password for login feature" classname="user tidak dapat login menggunakan akun yang belum terdaftar" time="1.529">
    <system-out><![CDATA[10:01:34.108 [main] DEBUG net.thucydides.core.steps.StepInterceptor - STARTING STEP: LoginSteps.userInputPasswordForLoginFeature - inputPassword
10:01:34.115 [Forwarding findElement on session d4d46599-2f4f-4592-b2dd-34fedc871b23 to remote] DEBUG org.asynchttpclient.netty.request.NettyRequestSender - Using pooled Channel '[id: 0xac19b5dd, L:/127.0.0.1:62239 - R:/127.0.0.1:4723]' for 'POST' to 'http://0.0.0.0:4723/wd/hub/session/d4d46599-2f4f-4592-b2dd-34fedc871b23/element'
10:01:34.116 [Forwarding findElement on session d4d46599-2f4f-4592-b2dd-34fedc871b23 to remote] DEBUG org.asynchttpclient.netty.request.NettyRequestSender - Using open Channel [id: 0xac19b5dd, L:/127.0.0.1:62239 - R:/127.0.0.1:4723] for POST '/wd/hub/session/d4d46599-2f4f-4592-b2dd-34fedc871b23/element'
10:01:34.617 [AsyncHttpClient-1-2] DEBUG org.asynchttpclient.netty.handler.HttpHandler - 

Request DefaultHttpRequest(decodeResult: success, version: HTTP/1.1)
POST /wd/hub/session/d4d46599-2f4f-4592-b2dd-34fedc871b23/element HTTP/1.1
User-Agent: appium/8.3.0 (selenium/4.8.1 (java windows))
Content-Length: 305
Content-Type: application/json; charset=utf-8
host: 0.0.0.0:4723
accept: */*

Response DefaultHttpResponse(decodeResult: success, version: HTTP/1.1)
HTTP/1.1 200 OK
X-Powered-By: Express
Vary: X-HTTP-Method-Override
Content-Type: application/json; charset=utf-8
Content-Length: 137
ETag: W/"89-VjdC40tPyvLdCa6lqE6m+XB4jRs"
Date: Sat, 06 May 2023 03:01:34 GMT
Connection: keep-alive
Keep-Alive: timeout=600

10:01:34.619 [AsyncHttpClient-1-2] DEBUG org.asynchttpclient.netty.channel.ChannelManager - Adding key: http://0.0.0.0:4723 for channel [id: 0xac19b5dd, L:/127.0.0.1:62239 - R:/127.0.0.1:4723]
10:01:34.623 [Forwarding isElementDisplayed on session d4d46599-2f4f-4592-b2dd-34fedc871b23 to remote] DEBUG org.asynchttpclient.netty.request.NettyRequestSender - Using pooled Channel '[id: 0xac19b5dd, L:/127.0.0.1:62239 - R:/127.0.0.1:4723]' for 'GET' to 'http://0.0.0.0:4723/wd/hub/session/d4d46599-2f4f-4592-b2dd-34fedc871b23/element/00000000-0000-0535-0000-002400000003/displayed'
10:01:34.623 [Forwarding isElementDisplayed on session d4d46599-2f4f-4592-b2dd-34fedc871b23 to remote] DEBUG org.asynchttpclient.netty.request.NettyRequestSender - Using open Channel [id: 0xac19b5dd, L:/127.0.0.1:62239 - R:/127.0.0.1:4723] for GET '/wd/hub/session/d4d46599-2f4f-4592-b2dd-34fedc871b23/element/00000000-0000-0535-0000-002400000003/displayed'
10:01:34.650 [AsyncHttpClient-1-2] DEBUG org.asynchttpclient.netty.handler.HttpHandler - 

Request DefaultFullHttpRequest(decodeResult: success, version: HTTP/1.1, content: EmptyByteBufBE)
GET /wd/hub/session/d4d46599-2f4f-4592-b2dd-34fedc871b23/element/00000000-0000-0535-0000-002400000003/displayed HTTP/1.1
User-Agent: appium/8.3.0 (selenium/4.8.1 (java windows))
Cache-Control: no-cache
Content-Type: application/json; charset=utf-8
host: 0.0.0.0:4723
accept: */*

Response DefaultHttpResponse(decodeResult: success, version: HTTP/1.1)
HTTP/1.1 200 OK
X-Powered-By: Express
Content-Type: application/json; charset=utf-8
Content-Length: 14
ETag: W/"e-2ZHvAWebNQpyjGZTg6uyV8/spTo"
Date: Sat, 06 May 2023 03:01:34 GMT
Connection: keep-alive
Keep-Alive: timeout=600

10:01:34.651 [AsyncHttpClient-1-2] DEBUG org.asynchttpclient.netty.channel.ChannelManager - Adding key: http://0.0.0.0:4723 for channel [id: 0xac19b5dd, L:/127.0.0.1:62239 - R:/127.0.0.1:4723]
10:01:34.656 [Forwarding isElementEnabled on session d4d46599-2f4f-4592-b2dd-34fedc871b23 to remote] DEBUG org.asynchttpclient.netty.request.NettyRequestSender - Using pooled Channel '[id: 0xac19b5dd, L:/127.0.0.1:62239 - R:/127.0.0.1:4723]' for 'GET' to 'http://0.0.0.0:4723/wd/hub/session/d4d46599-2f4f-4592-b2dd-34fedc871b23/element/00000000-0000-0535-0000-002400000003/enabled'
10:01:34.656 [Forwarding isElementEnabled on session d4d46599-2f4f-4592-b2dd-34fedc871b23 to remote] DEBUG org.asynchttpclient.netty.request.NettyRequestSender - Using open Channel [id: 0xac19b5dd, L:/127.0.0.1:62239 - R:/127.0.0.1:4723] for GET '/wd/hub/session/d4d46599-2f4f-4592-b2dd-34fedc871b23/element/00000000-0000-0535-0000-002400000003/enabled'
10:01:34.694 [AsyncHttpClient-1-2] DEBUG org.asynchttpclient.netty.handler.HttpHandler - 

Request DefaultFullHttpRequest(decodeResult: success, version: HTTP/1.1, content: EmptyByteBufBE)
GET /wd/hub/session/d4d46599-2f4f-4592-b2dd-34fedc871b23/element/00000000-0000-0535-0000-002400000003/enabled HTTP/1.1
User-Agent: appium/8.3.0 (selenium/4.8.1 (java windows))
Cache-Control: no-cache
Content-Type: application/json; charset=utf-8
host: 0.0.0.0:4723
accept: */*

Response DefaultHttpResponse(decodeResult: success, version: HTTP/1.1)
HTTP/1.1 200 OK
X-Powered-By: Express
Content-Type: application/json; charset=utf-8
Content-Length: 14
ETag: W/"e-2ZHvAWebNQpyjGZTg6uyV8/spTo"
Date: Sat, 06 May 2023 03:01:34 GMT
Connection: keep-alive
Keep-Alive: timeout=600

10:01:34.694 [AsyncHttpClient-1-2] DEBUG org.asynchttpclient.netty.channel.ChannelManager - Adding key: http://0.0.0.0:4723 for channel [id: 0xac19b5dd, L:/127.0.0.1:62239 - R:/127.0.0.1:4723]
10:01:34.698 [Forwarding clickElement on session d4d46599-2f4f-4592-b2dd-34fedc871b23 to remote] DEBUG org.asynchttpclient.netty.request.NettyRequestSender - Using pooled Channel '[id: 0xac19b5dd, L:/127.0.0.1:62239 - R:/127.0.0.1:4723]' for 'POST' to 'http://0.0.0.0:4723/wd/hub/session/d4d46599-2f4f-4592-b2dd-34fedc871b23/element/00000000-0000-0535-0000-002400000003/click'
10:01:34.698 [Forwarding clickElement on session d4d46599-2f4f-4592-b2dd-34fedc871b23 to remote] DEBUG org.asynchttpclient.netty.request.NettyRequestSender - Using open Channel [id: 0xac19b5dd, L:/127.0.0.1:62239 - R:/127.0.0.1:4723] for POST '/wd/hub/session/d4d46599-2f4f-4592-b2dd-34fedc871b23/element/00000000-0000-0535-0000-002400000003/click'
10:01:35.489 [AsyncHttpClient-1-2] DEBUG org.asynchttpclient.netty.handler.HttpHandler - 

Request DefaultHttpRequest(decodeResult: success, version: HTTP/1.1)
POST /wd/hub/session/d4d46599-2f4f-4592-b2dd-34fedc871b23/element/00000000-0000-0535-0000-002400000003/click HTTP/1.1
User-Agent: appium/8.3.0 (selenium/4.8.1 (java windows))
Content-Length: 50
Content-Type: application/json; charset=utf-8
host: 0.0.0.0:4723
accept: */*

Response DefaultHttpResponse(decodeResult: success, version: HTTP/1.1)
HTTP/1.1 200 OK
X-Powered-By: Express
Vary: X-HTTP-Method-Override
Content-Type: application/json; charset=utf-8
Content-Length: 14
ETag: W/"e-9/1BuKMgFObM1mWJm+YjxtXJnUM"
Date: Sat, 06 May 2023 03:01:35 GMT
Connection: keep-alive
Keep-Alive: timeout=600

10:01:35.490 [AsyncHttpClient-1-2] DEBUG org.asynchttpclient.netty.channel.ChannelManager - Adding key: http://0.0.0.0:4723 for channel [id: 0xac19b5dd, L:/127.0.0.1:62239 - R:/127.0.0.1:4723]
10:01:35.494 [Forwarding findElement on session d4d46599-2f4f-4592-b2dd-34fedc871b23 to remote] DEBUG org.asynchttpclient.netty.request.NettyRequestSender - Using pooled Channel '[id: 0xac19b5dd, L:/127.0.0.1:62239 - R:/127.0.0.1:4723]' for 'POST' to 'http://0.0.0.0:4723/wd/hub/session/d4d46599-2f4f-4592-b2dd-34fedc871b23/element'
10:01:35.494 [Forwarding findElement on session d4d46599-2f4f-4592-b2dd-34fedc871b23 to remote] DEBUG org.asynchttpclient.netty.request.NettyRequestSender - Using open Channel [id: 0xac19b5dd, L:/127.0.0.1:62239 - R:/127.0.0.1:4723] for POST '/wd/hub/session/d4d46599-2f4f-4592-b2dd-34fedc871b23/element'
10:01:35.571 [AsyncHttpClient-1-2] DEBUG org.asynchttpclient.netty.handler.HttpHandler - 

Request DefaultHttpRequest(decodeResult: success, version: HTTP/1.1)
POST /wd/hub/session/d4d46599-2f4f-4592-b2dd-34fedc871b23/element HTTP/1.1
User-Agent: appium/8.3.0 (selenium/4.8.1 (java windows))
Content-Length: 305
Content-Type: application/json; charset=utf-8
host: 0.0.0.0:4723
accept: */*

Response DefaultHttpResponse(decodeResult: success, version: HTTP/1.1)
HTTP/1.1 200 OK
X-Powered-By: Express
Vary: X-HTTP-Method-Override
Content-Type: application/json; charset=utf-8
Content-Length: 137
ETag: W/"89-VjdC40tPyvLdCa6lqE6m+XB4jRs"
Date: Sat, 06 May 2023 03:01:35 GMT
Connection: keep-alive
Keep-Alive: timeout=600

10:01:35.572 [AsyncHttpClient-1-2] DEBUG org.asynchttpclient.netty.channel.ChannelManager - Adding key: http://0.0.0.0:4723 for channel [id: 0xac19b5dd, L:/127.0.0.1:62239 - R:/127.0.0.1:4723]
10:01:35.574 [Forwarding sendKeysToElement on session d4d46599-2f4f-4592-b2dd-34fedc871b23 to remote] DEBUG org.asynchttpclient.netty.request.NettyRequestSender - Using pooled Channel '[id: 0xac19b5dd, L:/127.0.0.1:62239 - R:/127.0.0.1:4723]' for 'POST' to 'http://0.0.0.0:4723/wd/hub/session/d4d46599-2f4f-4592-b2dd-34fedc871b23/element/00000000-0000-0535-0000-002400000003/value'
10:01:35.574 [Forwarding sendKeysToElement on session d4d46599-2f4f-4592-b2dd-34fedc871b23 to remote] DEBUG org.asynchttpclient.netty.request.NettyRequestSender - Using open Channel [id: 0xac19b5dd, L:/127.0.0.1:62239 - R:/127.0.0.1:4723] for POST '/wd/hub/session/d4d46599-2f4f-4592-b2dd-34fedc871b23/element/00000000-0000-0535-0000-002400000003/value'
10:01:35.609 [AsyncHttpClient-1-2] DEBUG org.asynchttpclient.netty.handler.HttpHandler - 

Request DefaultHttpRequest(decodeResult: success, version: HTTP/1.1)
POST /wd/hub/session/d4d46599-2f4f-4592-b2dd-34fedc871b23/element/00000000-0000-0535-0000-002400000003/value HTTP/1.1
User-Agent: appium/8.3.0 (selenium/4.8.1 (java windows))
Content-Length: 111
Content-Type: application/json; charset=utf-8
host: 0.0.0.0:4723
accept: */*

Response DefaultHttpResponse(decodeResult: success, version: HTTP/1.1)
HTTP/1.1 200 OK
X-Powered-By: Express
Vary: X-HTTP-Method-Override
Content-Type: application/json; charset=utf-8
Content-Length: 14
ETag: W/"e-9/1BuKMgFObM1mWJm+YjxtXJnUM"
Date: Sat, 06 May 2023 03:01:35 GMT
Connection: keep-alive
Keep-Alive: timeout=600

10:01:35.610 [AsyncHttpClient-1-2] DEBUG org.asynchttpclient.netty.channel.ChannelManager - Adding key: http://0.0.0.0:4723 for channel [id: 0xac19b5dd, L:/127.0.0.1:62239 - R:/127.0.0.1:4723]
10:01:35.615 [main] DEBUG net.thucydides.core.steps.StepInterceptor - STEP DONE: inputPassword
]]></system-out>
  </testcase>
  <testcase name="user click login button again for login feature" classname="user tidak dapat login menggunakan akun yang belum terdaftar" time="1.771">
    <system-out><![CDATA[10:01:35.640 [main] DEBUG net.thucydides.core.steps.StepInterceptor - STARTING STEP: LoginSteps.userClickLoginButtonAgainForLoginFeature - clickButtonLoginSecond
10:01:35.643 [Forwarding findElement on session d4d46599-2f4f-4592-b2dd-34fedc871b23 to remote] DEBUG org.asynchttpclient.netty.request.NettyRequestSender - Using pooled Channel '[id: 0xac19b5dd, L:/127.0.0.1:62239 - R:/127.0.0.1:4723]' for 'POST' to 'http://0.0.0.0:4723/wd/hub/session/d4d46599-2f4f-4592-b2dd-34fedc871b23/element'
10:01:35.644 [Forwarding findElement on session d4d46599-2f4f-4592-b2dd-34fedc871b23 to remote] DEBUG org.asynchttpclient.netty.request.NettyRequestSender - Using open Channel [id: 0xac19b5dd, L:/127.0.0.1:62239 - R:/127.0.0.1:4723] for POST '/wd/hub/session/d4d46599-2f4f-4592-b2dd-34fedc871b23/element'
10:01:36.352 [AsyncHttpClient-1-2] DEBUG org.asynchttpclient.netty.handler.HttpHandler - 

Request DefaultHttpRequest(decodeResult: success, version: HTTP/1.1)
POST /wd/hub/session/d4d46599-2f4f-4592-b2dd-34fedc871b23/element HTTP/1.1
User-Agent: appium/8.3.0 (selenium/4.8.1 (java windows))
Content-Length: 95
Content-Type: application/json; charset=utf-8
host: 0.0.0.0:4723
accept: */*

Response DefaultHttpResponse(decodeResult: success, version: HTTP/1.1)
HTTP/1.1 200 OK
X-Powered-By: Express
Vary: X-HTTP-Method-Override
Content-Type: application/json; charset=utf-8
Content-Length: 137
ETag: W/"89-6cyHw8c9EJEDYZcXYKe+J2zls7c"
Date: Sat, 06 May 2023 03:01:36 GMT
Connection: keep-alive
Keep-Alive: timeout=600

10:01:36.353 [AsyncHttpClient-1-2] DEBUG org.asynchttpclient.netty.channel.ChannelManager - Adding key: http://0.0.0.0:4723 for channel [id: 0xac19b5dd, L:/127.0.0.1:62239 - R:/127.0.0.1:4723]
10:01:36.355 [Forwarding isElementDisplayed on session d4d46599-2f4f-4592-b2dd-34fedc871b23 to remote] DEBUG org.asynchttpclient.netty.request.NettyRequestSender - Using pooled Channel '[id: 0xac19b5dd, L:/127.0.0.1:62239 - R:/127.0.0.1:4723]' for 'GET' to 'http://0.0.0.0:4723/wd/hub/session/d4d46599-2f4f-4592-b2dd-34fedc871b23/element/00000000-0000-0535-0000-002500000003/displayed'
10:01:36.355 [Forwarding isElementDisplayed on session d4d46599-2f4f-4592-b2dd-34fedc871b23 to remote] DEBUG org.asynchttpclient.netty.request.NettyRequestSender - Using open Channel [id: 0xac19b5dd, L:/127.0.0.1:62239 - R:/127.0.0.1:4723] for GET '/wd/hub/session/d4d46599-2f4f-4592-b2dd-34fedc871b23/element/00000000-0000-0535-0000-002500000003/displayed'
10:01:36.381 [AsyncHttpClient-1-2] DEBUG org.asynchttpclient.netty.handler.HttpHandler - 

Request DefaultFullHttpRequest(decodeResult: success, version: HTTP/1.1, content: EmptyByteBufBE)
GET /wd/hub/session/d4d46599-2f4f-4592-b2dd-34fedc871b23/element/00000000-0000-0535-0000-002500000003/displayed HTTP/1.1
User-Agent: appium/8.3.0 (selenium/4.8.1 (java windows))
Cache-Control: no-cache
Content-Type: application/json; charset=utf-8
host: 0.0.0.0:4723
accept: */*

Response DefaultHttpResponse(decodeResult: success, version: HTTP/1.1)
HTTP/1.1 200 OK
X-Powered-By: Express
Content-Type: application/json; charset=utf-8
Content-Length: 14
ETag: W/"e-2ZHvAWebNQpyjGZTg6uyV8/spTo"
Date: Sat, 06 May 2023 03:01:36 GMT
Connection: keep-alive
Keep-Alive: timeout=600

10:01:36.382 [AsyncHttpClient-1-2] DEBUG org.asynchttpclient.netty.channel.ChannelManager - Adding key: http://0.0.0.0:4723 for channel [id: 0xac19b5dd, L:/127.0.0.1:62239 - R:/127.0.0.1:4723]
10:01:36.384 [Forwarding isElementEnabled on session d4d46599-2f4f-4592-b2dd-34fedc871b23 to remote] DEBUG org.asynchttpclient.netty.request.NettyRequestSender - Using pooled Channel '[id: 0xac19b5dd, L:/127.0.0.1:62239 - R:/127.0.0.1:4723]' for 'GET' to 'http://0.0.0.0:4723/wd/hub/session/d4d46599-2f4f-4592-b2dd-34fedc871b23/element/00000000-0000-0535-0000-002500000003/enabled'
10:01:36.384 [Forwarding isElementEnabled on session d4d46599-2f4f-4592-b2dd-34fedc871b23 to remote] DEBUG org.asynchttpclient.netty.request.NettyRequestSender - Using open Channel [id: 0xac19b5dd, L:/127.0.0.1:62239 - R:/127.0.0.1:4723] for GET '/wd/hub/session/d4d46599-2f4f-4592-b2dd-34fedc871b23/element/00000000-0000-0535-0000-002500000003/enabled'
10:01:36.412 [AsyncHttpClient-1-2] DEBUG org.asynchttpclient.netty.handler.HttpHandler - 

Request DefaultFullHttpRequest(decodeResult: success, version: HTTP/1.1, content: EmptyByteBufBE)
GET /wd/hub/session/d4d46599-2f4f-4592-b2dd-34fedc871b23/element/00000000-0000-0535-0000-002500000003/enabled HTTP/1.1
User-Agent: appium/8.3.0 (selenium/4.8.1 (java windows))
Cache-Control: no-cache
Content-Type: application/json; charset=utf-8
host: 0.0.0.0:4723
accept: */*

Response DefaultHttpResponse(decodeResult: success, version: HTTP/1.1)
HTTP/1.1 200 OK
X-Powered-By: Express
Content-Type: application/json; charset=utf-8
Content-Length: 14
ETag: W/"e-2ZHvAWebNQpyjGZTg6uyV8/spTo"
Date: Sat, 06 May 2023 03:01:36 GMT
Connection: keep-alive
Keep-Alive: timeout=600

10:01:36.412 [AsyncHttpClient-1-2] DEBUG org.asynchttpclient.netty.channel.ChannelManager - Adding key: http://0.0.0.0:4723 for channel [id: 0xac19b5dd, L:/127.0.0.1:62239 - R:/127.0.0.1:4723]
10:01:36.414 [Forwarding clickElement on session d4d46599-2f4f-4592-b2dd-34fedc871b23 to remote] DEBUG org.asynchttpclient.netty.request.NettyRequestSender - Using pooled Channel '[id: 0xac19b5dd, L:/127.0.0.1:62239 - R:/127.0.0.1:4723]' for 'POST' to 'http://0.0.0.0:4723/wd/hub/session/d4d46599-2f4f-4592-b2dd-34fedc871b23/element/00000000-0000-0535-0000-002500000003/click'
10:01:36.414 [Forwarding clickElement on session d4d46599-2f4f-4592-b2dd-34fedc871b23 to remote] DEBUG org.asynchttpclient.netty.request.NettyRequestSender - Using open Channel [id: 0xac19b5dd, L:/127.0.0.1:62239 - R:/127.0.0.1:4723] for POST '/wd/hub/session/d4d46599-2f4f-4592-b2dd-34fedc871b23/element/00000000-0000-0535-0000-002500000003/click'
10:01:37.390 [AsyncHttpClient-1-2] DEBUG org.asynchttpclient.netty.handler.HttpHandler - 

Request DefaultHttpRequest(decodeResult: success, version: HTTP/1.1)
POST /wd/hub/session/d4d46599-2f4f-4592-b2dd-34fedc871b23/element/00000000-0000-0535-0000-002500000003/click HTTP/1.1
User-Agent: appium/8.3.0 (selenium/4.8.1 (java windows))
Content-Length: 50
Content-Type: application/json; charset=utf-8
host: 0.0.0.0:4723
accept: */*

Response DefaultHttpResponse(decodeResult: success, version: HTTP/1.1)
HTTP/1.1 200 OK
X-Powered-By: Express
Vary: X-HTTP-Method-Override
Content-Type: application/json; charset=utf-8
Content-Length: 14
ETag: W/"e-9/1BuKMgFObM1mWJm+YjxtXJnUM"
Date: Sat, 06 May 2023 03:01:37 GMT
Connection: keep-alive
Keep-Alive: timeout=600

10:01:37.391 [AsyncHttpClient-1-2] DEBUG org.asynchttpclient.netty.channel.ChannelManager - Adding key: http://0.0.0.0:4723 for channel [id: 0xac19b5dd, L:/127.0.0.1:62239 - R:/127.0.0.1:4723]
10:01:37.392 [main] DEBUG net.thucydides.core.steps.StepInterceptor - STEP DONE: clickButtonLoginSecond
]]></system-out>
  </testcase>
  <testcase name="user see error message &quot;Record not found&quot;" classname="user tidak dapat login menggunakan akun yang belum terdaftar" time="15.104">
    <error type="org.openqa.selenium.TimeoutException"><![CDATA[org.openqa.selenium.TimeoutException: 
Expected condition failed: waiting for visibility of element located by By.xpath: //android.view.View[@content-desc="Record not found."] (tried for 15 second(s) with 500 milliseconds interval)
Build info: version: '4.8.1', revision: '8ebccac989'
System info: os.name: 'Windows 11', os.arch: 'amd64', os.version: '10.0', java.version: '19.0.2'
Driver info: io.appium.java_client.android.AndroidDriver
Capabilities {appium:app: C:\Dev\ALTASHOP MOBILE AUTO..., appium:appPackage: com.example.frontend_mobile, appium:automationName: UiAutomator2, appium:databaseEnabled: false, appium:desired: {app: C:\Dev\ALTASHOP MOBILE AUTO..., automationName: UiAutomator2, platformName: ANDROID, platformVersion: 13.0}, appium:deviceApiLevel: 33, appium:deviceManufacturer: Google, appium:deviceModel: sdk_gphone_x86_64, appium:deviceName: emulator-5554, appium:deviceScreenDensity: 440, appium:deviceScreenSize: 1080x2340, appium:deviceUDID: emulator-5554, appium:javascriptEnabled: true, appium:locationContextEnabled: false, appium:networkConnectionEnabled: true, appium:pixelRatio: 2.75, appium:platformVersion: 13, appium:statBarHeight: 136, appium:takesScreenshot: true, appium:viewportRect: {height: 2002, left: 0, top: 136, width: 1080}, appium:warnings: {}, appium:webStorageEnabled: false, platformName: ANDROID}
Session ID: d4d46599-2f4f-4592-b2dd-34fedc871b23
]]></error>
    <system-out><![CDATA[10:01:37.407 [main] DEBUG net.thucydides.core.steps.StepInterceptor - STARTING STEP: LoginSteps.userSeeErrorMessage - getRecordNotFound
10:01:37.410 [Forwarding findElement on session d4d46599-2f4f-4592-b2dd-34fedc871b23 to remote] DEBUG org.asynchttpclient.netty.request.NettyRequestSender - Using pooled Channel '[id: 0xac19b5dd, L:/127.0.0.1:62239 - R:/127.0.0.1:4723]' for 'POST' to 'http://0.0.0.0:4723/wd/hub/session/d4d46599-2f4f-4592-b2dd-34fedc871b23/element'
10:01:37.410 [Forwarding findElement on session d4d46599-2f4f-4592-b2dd-34fedc871b23 to remote] DEBUG org.asynchttpclient.netty.request.NettyRequestSender - Using open Channel [id: 0xac19b5dd, L:/127.0.0.1:62239 - R:/127.0.0.1:4723] for POST '/wd/hub/session/d4d46599-2f4f-4592-b2dd-34fedc871b23/element'
10:01:52.465 [AsyncHttpClient-1-2] DEBUG org.asynchttpclient.netty.handler.HttpHandler - 

Request DefaultHttpRequest(decodeResult: success, version: HTTP/1.1)
POST /wd/hub/session/d4d46599-2f4f-4592-b2dd-34fedc871b23/element HTTP/1.1
User-Agent: appium/8.3.0 (selenium/4.8.1 (java windows))
Content-Length: 103
Content-Type: application/json; charset=utf-8
host: 0.0.0.0:4723
accept: */*

Response DefaultHttpResponse(decodeResult: success, version: HTTP/1.1)
HTTP/1.1 404 Not Found
X-Powered-By: Express
Vary: X-HTTP-Method-Override
Content-Type: application/json; charset=utf-8
Content-Length: 871
ETag: W/"367-IXaP8XpLxHpgELByyHUk78GqGvI"
Date: Sat, 06 May 2023 03:01:52 GMT
Connection: keep-alive
Keep-Alive: timeout=600

10:01:52.466 [AsyncHttpClient-1-2] DEBUG org.asynchttpclient.netty.channel.ChannelManager - Adding key: http://0.0.0.0:4723 for channel [id: 0xac19b5dd, L:/127.0.0.1:62239 - R:/127.0.0.1:4723]
]]></system-out>
  </testcase>
  <testcase name="user tidak dapat login menggunakan akun yang belum terdaftar" classname="login" time="15.131">
    <error type="org.openqa.selenium.TimeoutException"><![CDATA[org.openqa.selenium.TimeoutException: 
Expected condition failed: waiting for visibility of element located by By.xpath: //android.view.View[@content-desc="Record not found."] (tried for 15 second(s) with 500 milliseconds interval)
Build info: version: '4.8.1', revision: '8ebccac989'
System info: os.name: 'Windows 11', os.arch: 'amd64', os.version: '10.0', java.version: '19.0.2'
Driver info: io.appium.java_client.android.AndroidDriver
Capabilities {appium:app: C:\Dev\ALTASHOP MOBILE AUTO..., appium:appPackage: com.example.frontend_mobile, appium:automationName: UiAutomator2, appium:databaseEnabled: false, appium:desired: {app: C:\Dev\ALTASHOP MOBILE AUTO..., automationName: UiAutomator2, platformName: ANDROID, platformVersion: 13.0}, appium:deviceApiLevel: 33, appium:deviceManufacturer: Google, appium:deviceModel: sdk_gphone_x86_64, appium:deviceName: emulator-5554, appium:deviceScreenDensity: 440, appium:deviceScreenSize: 1080x2340, appium:deviceUDID: emulator-5554, appium:javascriptEnabled: true, appium:locationContextEnabled: false, appium:networkConnectionEnabled: true, appium:pixelRatio: 2.75, appium:platformVersion: 13, appium:statBarHeight: 136, appium:takesScreenshot: true, appium:viewportRect: {height: 2002, left: 0, top: 136, width: 1080}, appium:warnings: {}, appium:webStorageEnabled: false, platformName: ANDROID}
Session ID: d4d46599-2f4f-4592-b2dd-34fedc871b23
]]></error>
  </testcase>
  <testcase name="user tidak dapat login menggunakan akun yang belum terdaftar" classname="login" time="15.253">
    <error type="org.openqa.selenium.TimeoutException"><![CDATA[org.openqa.selenium.TimeoutException: 
Expected condition failed: waiting for visibility of element located by By.xpath: //android.view.View[@content-desc="Record not found."] (tried for 15 second(s) with 500 milliseconds interval)
Build info: version: '4.8.1', revision: '8ebccac989'
System info: os.name: 'Windows 11', os.arch: 'amd64', os.version: '10.0', java.version: '19.0.2'
Driver info: io.appium.java_client.android.AndroidDriver
Capabilities {appium:app: C:\Dev\ALTASHOP MOBILE AUTO..., appium:appPackage: com.example.frontend_mobile, appium:automationName: UiAutomator2, appium:databaseEnabled: false, appium:desired: {app: C:\Dev\ALTASHOP MOBILE AUTO..., automationName: UiAutomator2, platformName: ANDROID, platformVersion: 13.0}, appium:deviceApiLevel: 33, appium:deviceManufacturer: Google, appium:deviceModel: sdk_gphone_x86_64, appium:deviceName: emulator-5554, appium:deviceScreenDensity: 440, appium:deviceScreenSize: 1080x2340, appium:deviceUDID: emulator-5554, appium:javascriptEnabled: true, appium:locationContextEnabled: false, appium:networkConnectionEnabled: true, appium:pixelRatio: 2.75, appium:platformVersion: 13, appium:statBarHeight: 136, appium:takesScreenshot: true, appium:viewportRect: {height: 2002, left: 0, top: 136, width: 1080}, appium:warnings: {}, appium:webStorageEnabled: false, platformName: ANDROID}
Session ID: d4d46599-2f4f-4592-b2dd-34fedc871b23
]]></error>
    <system-out><![CDATA[10:01:52.541 [main] ERROR  - 
  _____   ___   ___   _____     ___   ___   ___    ___    ___ 
 |_   _| | __| / __| |_   _|   | __| | _ \ | _ \  / _ \  | _ \
   | |   | _|  \__ \   | |     | _|  |   / |   / | (_) | |   /
   |_|   |___| |___/   |_|     |___| |_|_\ |_|_\  \___/  |_|_\

user tidak dapat login menggunakan akun yang belum terdaftar
---------------------------------------------------------------
10:01:52.545 [main] DEBUG  - RELATED ISSUES: 
10:01:52.641 [main] ERROR  -     Test failed at step: Get record not found
10:01:52.642 [main] ERROR  -     Expected condition failed: waiting for visibility of element located by By.xpath: //android.view.View[@content-desc="Record not found."] (tried for 15 second(s) with 500 milliseconds interval)Build info: version: '4.8.1', revision: '8ebccac989'System info: os.name: 'Windows 11', os.arch: 'amd64', os.version: '10.0', java.version: '19.0.2'Driver info: io.appium.java_client.android.AndroidDriverCapabilities {appium:app: C:\Dev\ALTASHOP MOBILE AUTO..., appium:appPackage: com.example.frontend_mobile, appium:automationName: UiAutomator2, appium:databaseEnabled: false, appium:desired: {app: C:\Dev\ALTASHOP MOBILE AUTO..., automationName: UiAutomator2, platformName: ANDROID, platformVersion: 13.0}, appium:deviceApiLevel: 33, appium:deviceManufacturer: Google, appium:deviceModel: sdk_gphone_x86_64, appium:deviceName: emulator-5554, appium:deviceScreenDensity: 440, appium:deviceScreenSize: 1080x2340, appium:deviceUDID: emulator-5554, appium:javascriptEnabled: true, appium:locationContextEnabled: false, appium:networkConnectionEnabled: true, appium:pixelRatio: 2.75, appium:platformVersion: 13, appium:statBarHeight: 136, appium:takesScreenshot: true, appium:viewportRect: {height: 2002, left: 0, top: 136, width: 1080}, appium:warnings: {}, appium:webStorageEnabled: false, platformName: ANDROID}Session ID: d4d46599-2f4f-4592-b2dd-34fedc871b23
]]></system-out>
  </testcase>
  <testcase name="user on homepage AltaShop for login feature" classname="user bisa login menggunakan data valid" time="8.878">
    <system-out><![CDATA[10:01:52.684 [main] DEBUG io.cucumber.core.plugin.SerenityReporter - Running feature from file:///C:/Dev/ALTASHOP%20MOBILE%20AUTOMATION/src/test/resources/features/1.%20Login.feature
10:01:52.696 [main] INFO  - 
  _____   ___   ___   _____     ___   _____     _     ___   _____   ___   ___  
 |_   _| | __| / __| |_   _|   / __| |_   _|   /_\   | _ \ |_   _| | __| |   \ 
   | |   | _|  \__ \   | |     \__ \   | |    / _ \  |   /   | |   | _|  | |) |
   |_|   |___| |___/   |_|     |___/   |_|   /_/ \_\ |_|_\   |_|   |___| |___/ 

user bisa login menggunakan data valid(login;user-bisa-login-menggunakan-data-valid)
--------------------------------------------------------------------------------
10:01:52.717 [main] DEBUG net.thucydides.core.steps.StepInterceptor - STARTING STEP: LoginSteps.userOnHomepageAltaShopForLoginFeature - onHomepageAltaShop
10:01:52.729 [Forwarding newSession on session null to remote] DEBUG org.asynchttpclient.netty.request.NettyRequestSender - Using pooled Channel '[id: 0xac19b5dd, L:/127.0.0.1:62239 - R:/127.0.0.1:4723]' for 'POST' to 'http://0.0.0.0:4723/wd/hub/session'
10:01:52.729 [Forwarding newSession on session null to remote] DEBUG org.asynchttpclient.netty.request.NettyRequestSender - Using open Channel [id: 0xac19b5dd, L:/127.0.0.1:62239 - R:/127.0.0.1:4723] for POST '/wd/hub/session'
10:02:00.138 [AsyncHttpClient-1-2] DEBUG org.asynchttpclient.netty.handler.HttpHandler - 

Request DefaultHttpRequest(decodeResult: success, version: HTTP/1.1)
POST /wd/hub/session HTTP/1.1
X-Idempotency-Key: 218d3262-a54c-42e1-b84f-b4541eea932d
User-Agent: appium/8.3.0 (selenium/4.8.1 (java windows))
Content-Length: 301
Content-Type: application/json; charset=utf-8
host: 0.0.0.0:4723
accept: */*

Response DefaultHttpResponse(decodeResult: success, version: HTTP/1.1)
HTTP/1.1 200 OK
X-Powered-By: Express
Vary: X-HTTP-Method-Override
Content-Type: application/json; charset=utf-8
Content-Length: 920
ETag: W/"398-8QqiekTnvsM6N+Zv56rwD1HscXs"
Date: Sat, 06 May 2023 03:02:00 GMT
Connection: keep-alive
Keep-Alive: timeout=600

10:02:00.140 [AsyncHttpClient-1-2] DEBUG org.asynchttpclient.netty.channel.ChannelManager - Adding key: http://0.0.0.0:4723 for channel [id: 0xac19b5dd, L:/127.0.0.1:62239 - R:/127.0.0.1:4723]
10:02:00.158 [Forwarding setTimeout on session 3ef95930-d365-41b3-a625-d6e1f7f3ca76 to remote] DEBUG org.asynchttpclient.netty.request.NettyRequestSender - Using pooled Channel '[id: 0xac19b5dd, L:/127.0.0.1:62239 - R:/127.0.0.1:4723]' for 'POST' to 'http://0.0.0.0:4723/wd/hub/session/3ef95930-d365-41b3-a625-d6e1f7f3ca76/timeouts'
10:02:00.159 [Forwarding setTimeout on session 3ef95930-d365-41b3-a625-d6e1f7f3ca76 to remote] DEBUG org.asynchttpclient.netty.request.NettyRequestSender - Using open Channel [id: 0xac19b5dd, L:/127.0.0.1:62239 - R:/127.0.0.1:4723] for POST '/wd/hub/session/3ef95930-d365-41b3-a625-d6e1f7f3ca76/timeouts'
10:02:00.169 [AsyncHttpClient-1-2] DEBUG org.asynchttpclient.netty.handler.HttpHandler - 

Request DefaultHttpRequest(decodeResult: success, version: HTTP/1.1)
POST /wd/hub/session/3ef95930-d365-41b3-a625-d6e1f7f3ca76/timeouts HTTP/1.1
User-Agent: appium/8.3.0 (selenium/4.8.1 (java windows))
Content-Length: 23
Content-Type: application/json; charset=utf-8
host: 0.0.0.0:4723
accept: */*

Response DefaultHttpResponse(decodeResult: success, version: HTTP/1.1)
HTTP/1.1 200 OK
X-Powered-By: Express
Vary: X-HTTP-Method-Override
Content-Type: application/json; charset=utf-8
Content-Length: 14
ETag: W/"e-9/1BuKMgFObM1mWJm+YjxtXJnUM"
Date: Sat, 06 May 2023 03:02:00 GMT
Connection: keep-alive
Keep-Alive: timeout=600

10:02:00.172 [AsyncHttpClient-1-2] DEBUG org.asynchttpclient.netty.channel.ChannelManager - Adding key: http://0.0.0.0:4723 for channel [id: 0xac19b5dd, L:/127.0.0.1:62239 - R:/127.0.0.1:4723]
10:02:00.179 [Forwarding findElement on session 3ef95930-d365-41b3-a625-d6e1f7f3ca76 to remote] DEBUG org.asynchttpclient.netty.request.NettyRequestSender - Using pooled Channel '[id: 0xac19b5dd, L:/127.0.0.1:62239 - R:/127.0.0.1:4723]' for 'POST' to 'http://0.0.0.0:4723/wd/hub/session/3ef95930-d365-41b3-a625-d6e1f7f3ca76/element'
10:02:00.179 [Forwarding findElement on session 3ef95930-d365-41b3-a625-d6e1f7f3ca76 to remote] DEBUG org.asynchttpclient.netty.request.NettyRequestSender - Using open Channel [id: 0xac19b5dd, L:/127.0.0.1:62239 - R:/127.0.0.1:4723] for POST '/wd/hub/session/3ef95930-d365-41b3-a625-d6e1f7f3ca76/element'
10:02:01.522 [AsyncHttpClient-1-2] DEBUG org.asynchttpclient.netty.handler.HttpHandler - 

Request DefaultHttpRequest(decodeResult: success, version: HTTP/1.1)
POST /wd/hub/session/3ef95930-d365-41b3-a625-d6e1f7f3ca76/element HTTP/1.1
User-Agent: appium/8.3.0 (selenium/4.8.1 (java windows))
Content-Length: 326
Content-Type: application/json; charset=utf-8
host: 0.0.0.0:4723
accept: */*

Response DefaultHttpResponse(decodeResult: success, version: HTTP/1.1)
HTTP/1.1 200 OK
X-Powered-By: Express
Vary: X-HTTP-Method-Override
Content-Type: application/json; charset=utf-8
Content-Length: 137
ETag: W/"89-qrjn3PdM9hvv++jWdsDJuHTWfUM"
Date: Sat, 06 May 2023 03:02:01 GMT
Connection: keep-alive
Keep-Alive: timeout=600

10:02:01.523 [AsyncHttpClient-1-2] DEBUG org.asynchttpclient.netty.channel.ChannelManager - Adding key: http://0.0.0.0:4723 for channel [id: 0xac19b5dd, L:/127.0.0.1:62239 - R:/127.0.0.1:4723]
10:02:01.524 [Forwarding isElementDisplayed on session 3ef95930-d365-41b3-a625-d6e1f7f3ca76 to remote] DEBUG org.asynchttpclient.netty.request.NettyRequestSender - Using pooled Channel '[id: 0xac19b5dd, L:/127.0.0.1:62239 - R:/127.0.0.1:4723]' for 'GET' to 'http://0.0.0.0:4723/wd/hub/session/3ef95930-d365-41b3-a625-d6e1f7f3ca76/element/00000000-0000-0543-0000-000700000003/displayed'
10:02:01.525 [Forwarding isElementDisplayed on session 3ef95930-d365-41b3-a625-d6e1f7f3ca76 to remote] DEBUG org.asynchttpclient.netty.request.NettyRequestSender - Using open Channel [id: 0xac19b5dd, L:/127.0.0.1:62239 - R:/127.0.0.1:4723] for GET '/wd/hub/session/3ef95930-d365-41b3-a625-d6e1f7f3ca76/element/00000000-0000-0543-0000-000700000003/displayed'
10:02:01.550 [AsyncHttpClient-1-2] DEBUG org.asynchttpclient.netty.handler.HttpHandler - 

Request DefaultFullHttpRequest(decodeResult: success, version: HTTP/1.1, content: EmptyByteBufBE)
GET /wd/hub/session/3ef95930-d365-41b3-a625-d6e1f7f3ca76/element/00000000-0000-0543-0000-000700000003/displayed HTTP/1.1
User-Agent: appium/8.3.0 (selenium/4.8.1 (java windows))
Cache-Control: no-cache
Content-Type: application/json; charset=utf-8
host: 0.0.0.0:4723
accept: */*

Response DefaultHttpResponse(decodeResult: success, version: HTTP/1.1)
HTTP/1.1 200 OK
X-Powered-By: Express
Content-Type: application/json; charset=utf-8
Content-Length: 14
ETag: W/"e-2ZHvAWebNQpyjGZTg6uyV8/spTo"
Date: Sat, 06 May 2023 03:02:01 GMT
Connection: keep-alive
Keep-Alive: timeout=600

10:02:01.551 [AsyncHttpClient-1-2] DEBUG org.asynchttpclient.netty.channel.ChannelManager - Adding key: http://0.0.0.0:4723 for channel [id: 0xac19b5dd, L:/127.0.0.1:62239 - R:/127.0.0.1:4723]
10:02:01.553 [Forwarding isElementDisplayed on session 3ef95930-d365-41b3-a625-d6e1f7f3ca76 to remote] DEBUG org.asynchttpclient.netty.request.NettyRequestSender - Using pooled Channel '[id: 0xac19b5dd, L:/127.0.0.1:62239 - R:/127.0.0.1:4723]' for 'GET' to 'http://0.0.0.0:4723/wd/hub/session/3ef95930-d365-41b3-a625-d6e1f7f3ca76/element/00000000-0000-0543-0000-000700000003/displayed'
10:02:01.553 [Forwarding isElementDisplayed on session 3ef95930-d365-41b3-a625-d6e1f7f3ca76 to remote] DEBUG org.asynchttpclient.netty.request.NettyRequestSender - Using open Channel [id: 0xac19b5dd, L:/127.0.0.1:62239 - R:/127.0.0.1:4723] for GET '/wd/hub/session/3ef95930-d365-41b3-a625-d6e1f7f3ca76/element/00000000-0000-0543-0000-000700000003/displayed'
10:02:01.578 [AsyncHttpClient-1-2] DEBUG org.asynchttpclient.netty.handler.HttpHandler - 

Request DefaultFullHttpRequest(decodeResult: success, version: HTTP/1.1, content: EmptyByteBufBE)
GET /wd/hub/session/3ef95930-d365-41b3-a625-d6e1f7f3ca76/element/00000000-0000-0543-0000-000700000003/displayed HTTP/1.1
User-Agent: appium/8.3.0 (selenium/4.8.1 (java windows))
Cache-Control: no-cache
Content-Type: application/json; charset=utf-8
host: 0.0.0.0:4723
accept: */*

Response DefaultHttpResponse(decodeResult: success, version: HTTP/1.1)
HTTP/1.1 200 OK
X-Powered-By: Express
Content-Type: application/json; charset=utf-8
Content-Length: 14
ETag: W/"e-2ZHvAWebNQpyjGZTg6uyV8/spTo"
Date: Sat, 06 May 2023 03:02:01 GMT
Connection: keep-alive
Keep-Alive: timeout=600

10:02:01.579 [AsyncHttpClient-1-2] DEBUG org.asynchttpclient.netty.channel.ChannelManager - Adding key: http://0.0.0.0:4723 for channel [id: 0xac19b5dd, L:/127.0.0.1:62239 - R:/127.0.0.1:4723]
10:02:01.580 [main] DEBUG net.thucydides.core.steps.StepInterceptor - STEP DONE: onHomepageAltaShop
]]></system-out>
  </testcase>
  <testcase name="user click login button for login feature" classname="user bisa login menggunakan data valid" time="0.864">
    <system-out><![CDATA[10:02:01.601 [main] DEBUG net.thucydides.core.steps.StepInterceptor - STARTING STEP: LoginSteps.userClickLoginButtonForLoginFeature - clickButtonLogin
10:02:01.604 [Forwarding findElement on session 3ef95930-d365-41b3-a625-d6e1f7f3ca76 to remote] DEBUG org.asynchttpclient.netty.request.NettyRequestSender - Using pooled Channel '[id: 0xac19b5dd, L:/127.0.0.1:62239 - R:/127.0.0.1:4723]' for 'POST' to 'http://0.0.0.0:4723/wd/hub/session/3ef95930-d365-41b3-a625-d6e1f7f3ca76/element'
10:02:01.605 [Forwarding findElement on session 3ef95930-d365-41b3-a625-d6e1f7f3ca76 to remote] DEBUG org.asynchttpclient.netty.request.NettyRequestSender - Using open Channel [id: 0xac19b5dd, L:/127.0.0.1:62239 - R:/127.0.0.1:4723] for POST '/wd/hub/session/3ef95930-d365-41b3-a625-d6e1f7f3ca76/element'
10:02:01.724 [AsyncHttpClient-1-2] DEBUG org.asynchttpclient.netty.handler.HttpHandler - 

Request DefaultHttpRequest(decodeResult: success, version: HTTP/1.1)
POST /wd/hub/session/3ef95930-d365-41b3-a625-d6e1f7f3ca76/element HTTP/1.1
User-Agent: appium/8.3.0 (selenium/4.8.1 (java windows))
Content-Length: 326
Content-Type: application/json; charset=utf-8
host: 0.0.0.0:4723
accept: */*

Response DefaultHttpResponse(decodeResult: success, version: HTTP/1.1)
HTTP/1.1 200 OK
X-Powered-By: Express
Vary: X-HTTP-Method-Override
Content-Type: application/json; charset=utf-8
Content-Length: 137
ETag: W/"89-qrjn3PdM9hvv++jWdsDJuHTWfUM"
Date: Sat, 06 May 2023 03:02:01 GMT
Connection: keep-alive
Keep-Alive: timeout=600

10:02:01.725 [AsyncHttpClient-1-2] DEBUG org.asynchttpclient.netty.channel.ChannelManager - Adding key: http://0.0.0.0:4723 for channel [id: 0xac19b5dd, L:/127.0.0.1:62239 - R:/127.0.0.1:4723]
10:02:01.730 [Forwarding isElementDisplayed on session 3ef95930-d365-41b3-a625-d6e1f7f3ca76 to remote] DEBUG org.asynchttpclient.netty.request.NettyRequestSender - Using pooled Channel '[id: 0xac19b5dd, L:/127.0.0.1:62239 - R:/127.0.0.1:4723]' for 'GET' to 'http://0.0.0.0:4723/wd/hub/session/3ef95930-d365-41b3-a625-d6e1f7f3ca76/element/00000000-0000-0543-0000-000700000003/displayed'
10:02:01.730 [Forwarding isElementDisplayed on session 3ef95930-d365-41b3-a625-d6e1f7f3ca76 to remote] DEBUG org.asynchttpclient.netty.request.NettyRequestSender - Using open Channel [id: 0xac19b5dd, L:/127.0.0.1:62239 - R:/127.0.0.1:4723] for GET '/wd/hub/session/3ef95930-d365-41b3-a625-d6e1f7f3ca76/element/00000000-0000-0543-0000-000700000003/displayed'
10:02:01.766 [AsyncHttpClient-1-2] DEBUG org.asynchttpclient.netty.handler.HttpHandler - 

Request DefaultFullHttpRequest(decodeResult: success, version: HTTP/1.1, content: EmptyByteBufBE)
GET /wd/hub/session/3ef95930-d365-41b3-a625-d6e1f7f3ca76/element/00000000-0000-0543-0000-000700000003/displayed HTTP/1.1
User-Agent: appium/8.3.0 (selenium/4.8.1 (java windows))
Cache-Control: no-cache
Content-Type: application/json; charset=utf-8
host: 0.0.0.0:4723
accept: */*

Response DefaultHttpResponse(decodeResult: success, version: HTTP/1.1)
HTTP/1.1 200 OK
X-Powered-By: Express
Content-Type: application/json; charset=utf-8
Content-Length: 14
ETag: W/"e-2ZHvAWebNQpyjGZTg6uyV8/spTo"
Date: Sat, 06 May 2023 03:02:01 GMT
Connection: keep-alive
Keep-Alive: timeout=600

10:02:01.767 [AsyncHttpClient-1-2] DEBUG org.asynchttpclient.netty.channel.ChannelManager - Adding key: http://0.0.0.0:4723 for channel [id: 0xac19b5dd, L:/127.0.0.1:62239 - R:/127.0.0.1:4723]
10:02:01.772 [Forwarding isElementEnabled on session 3ef95930-d365-41b3-a625-d6e1f7f3ca76 to remote] DEBUG org.asynchttpclient.netty.request.NettyRequestSender - Using pooled Channel '[id: 0xac19b5dd, L:/127.0.0.1:62239 - R:/127.0.0.1:4723]' for 'GET' to 'http://0.0.0.0:4723/wd/hub/session/3ef95930-d365-41b3-a625-d6e1f7f3ca76/element/00000000-0000-0543-0000-000700000003/enabled'
10:02:01.772 [Forwarding isElementEnabled on session 3ef95930-d365-41b3-a625-d6e1f7f3ca76 to remote] DEBUG org.asynchttpclient.netty.request.NettyRequestSender - Using open Channel [id: 0xac19b5dd, L:/127.0.0.1:62239 - R:/127.0.0.1:4723] for GET '/wd/hub/session/3ef95930-d365-41b3-a625-d6e1f7f3ca76/element/00000000-0000-0543-0000-000700000003/enabled'
10:02:01.814 [AsyncHttpClient-1-2] DEBUG org.asynchttpclient.netty.handler.HttpHandler - 

Request DefaultFullHttpRequest(decodeResult: success, version: HTTP/1.1, content: EmptyByteBufBE)
GET /wd/hub/session/3ef95930-d365-41b3-a625-d6e1f7f3ca76/element/00000000-0000-0543-0000-000700000003/enabled HTTP/1.1
User-Agent: appium/8.3.0 (selenium/4.8.1 (java windows))
Cache-Control: no-cache
Content-Type: application/json; charset=utf-8
host: 0.0.0.0:4723
accept: */*

Response DefaultHttpResponse(decodeResult: success, version: HTTP/1.1)
HTTP/1.1 200 OK
X-Powered-By: Express
Content-Type: application/json; charset=utf-8
Content-Length: 14
ETag: W/"e-2ZHvAWebNQpyjGZTg6uyV8/spTo"
Date: Sat, 06 May 2023 03:02:01 GMT
Connection: keep-alive
Keep-Alive: timeout=600

10:02:01.815 [AsyncHttpClient-1-2] DEBUG org.asynchttpclient.netty.channel.ChannelManager - Adding key: http://0.0.0.0:4723 for channel [id: 0xac19b5dd, L:/127.0.0.1:62239 - R:/127.0.0.1:4723]
10:02:01.819 [Forwarding clickElement on session 3ef95930-d365-41b3-a625-d6e1f7f3ca76 to remote] DEBUG org.asynchttpclient.netty.request.NettyRequestSender - Using pooled Channel '[id: 0xac19b5dd, L:/127.0.0.1:62239 - R:/127.0.0.1:4723]' for 'POST' to 'http://0.0.0.0:4723/wd/hub/session/3ef95930-d365-41b3-a625-d6e1f7f3ca76/element/00000000-0000-0543-0000-000700000003/click'
10:02:01.819 [Forwarding clickElement on session 3ef95930-d365-41b3-a625-d6e1f7f3ca76 to remote] DEBUG org.asynchttpclient.netty.request.NettyRequestSender - Using open Channel [id: 0xac19b5dd, L:/127.0.0.1:62239 - R:/127.0.0.1:4723] for POST '/wd/hub/session/3ef95930-d365-41b3-a625-d6e1f7f3ca76/element/00000000-0000-0543-0000-000700000003/click'
10:02:02.454 [AsyncHttpClient-1-2] DEBUG org.asynchttpclient.netty.handler.HttpHandler - 

Request DefaultHttpRequest(decodeResult: success, version: HTTP/1.1)
POST /wd/hub/session/3ef95930-d365-41b3-a625-d6e1f7f3ca76/element/00000000-0000-0543-0000-000700000003/click HTTP/1.1
User-Agent: appium/8.3.0 (selenium/4.8.1 (java windows))
Content-Length: 50
Content-Type: application/json; charset=utf-8
host: 0.0.0.0:4723
accept: */*

Response DefaultHttpResponse(decodeResult: success, version: HTTP/1.1)
HTTP/1.1 200 OK
X-Powered-By: Express
Vary: X-HTTP-Method-Override
Content-Type: application/json; charset=utf-8
Content-Length: 14
ETag: W/"e-9/1BuKMgFObM1mWJm+YjxtXJnUM"
Date: Sat, 06 May 2023 03:02:02 GMT
Connection: keep-alive
Keep-Alive: timeout=600

10:02:02.455 [AsyncHttpClient-1-2] DEBUG org.asynchttpclient.netty.channel.ChannelManager - Adding key: http://0.0.0.0:4723 for channel [id: 0xac19b5dd, L:/127.0.0.1:62239 - R:/127.0.0.1:4723]
10:02:02.456 [main] DEBUG net.thucydides.core.steps.StepInterceptor - STEP DONE: clickButtonLogin
]]></system-out>
  </testcase>
  <testcase name="user input email valid for login feature" classname="user bisa login menggunakan data valid" time="0.959">
[...]
host: 0.0.0.0:4723
accept: */*

Response DefaultHttpResponse(decodeResult: success, version: HTTP/1.1)
HTTP/1.1 200 OK
X-Powered-By: Express
Content-Type: application/json; charset=utf-8
Content-Length: 14
ETag: W/"e-2ZHvAWebNQpyjGZTg6uyV8/spTo"
Date: Sat, 06 May 2023 03:03:04 GMT
Connection: keep-alive
Keep-Alive: timeout=600

10:03:04.060 [AsyncHttpClient-1-2] DEBUG org.asynchttpclient.netty.channel.ChannelManager - Adding key: http://0.0.0.0:4723 for channel [id: 0xac19b5dd, L:/127.0.0.1:62239 - R:/127.0.0.1:4723]
10:03:04.062 [Forwarding isElementEnabled on session 36bc8bff-081a-47b5-a88f-00c1840d3fb7 to remote] DEBUG org.asynchttpclient.netty.request.NettyRequestSender - Using pooled Channel '[id: 0xac19b5dd, L:/127.0.0.1:62239 - R:/127.0.0.1:4723]' for 'GET' to 'http://0.0.0.0:4723/wd/hub/session/36bc8bff-081a-47b5-a88f-00c1840d3fb7/element/00000000-0000-057b-0000-002400000003/enabled'
10:03:04.062 [Forwarding isElementEnabled on session 36bc8bff-081a-47b5-a88f-00c1840d3fb7 to remote] DEBUG org.asynchttpclient.netty.request.NettyRequestSender - Using open Channel [id: 0xac19b5dd, L:/127.0.0.1:62239 - R:/127.0.0.1:4723] for GET '/wd/hub/session/36bc8bff-081a-47b5-a88f-00c1840d3fb7/element/00000000-0000-057b-0000-002400000003/enabled'
10:03:04.089 [AsyncHttpClient-1-2] DEBUG org.asynchttpclient.netty.handler.HttpHandler - 

Request DefaultFullHttpRequest(decodeResult: success, version: HTTP/1.1, content: EmptyByteBufBE)
GET /wd/hub/session/36bc8bff-081a-47b5-a88f-00c1840d3fb7/element/00000000-0000-057b-0000-002400000003/enabled HTTP/1.1
User-Agent: appium/8.3.0 (selenium/4.8.1 (java windows))
Cache-Control: no-cache
Content-Type: application/json; charset=utf-8
host: 0.0.0.0:4723
accept: */*

Response DefaultHttpResponse(decodeResult: success, version: HTTP/1.1)
HTTP/1.1 200 OK
X-Powered-By: Express
Content-Type: application/json; charset=utf-8
Content-Length: 14
ETag: W/"e-2ZHvAWebNQpyjGZTg6uyV8/spTo"
Date: Sat, 06 May 2023 03:03:04 GMT
Connection: keep-alive
Keep-Alive: timeout=600

10:03:04.089 [AsyncHttpClient-1-2] DEBUG org.asynchttpclient.netty.channel.ChannelManager - Adding key: http://0.0.0.0:4723 for channel [id: 0xac19b5dd, L:/127.0.0.1:62239 - R:/127.0.0.1:4723]
10:03:04.092 [Forwarding clickElement on session 36bc8bff-081a-47b5-a88f-00c1840d3fb7 to remote] DEBUG org.asynchttpclient.netty.request.NettyRequestSender - Using pooled Channel '[id: 0xac19b5dd, L:/127.0.0.1:62239 - R:/127.0.0.1:4723]' for 'POST' to 'http://0.0.0.0:4723/wd/hub/session/36bc8bff-081a-47b5-a88f-00c1840d3fb7/element/00000000-0000-057b-0000-002400000003/click'
10:03:04.092 [Forwarding clickElement on session 36bc8bff-081a-47b5-a88f-00c1840d3fb7 to remote] DEBUG org.asynchttpclient.netty.request.NettyRequestSender - Using open Channel [id: 0xac19b5dd, L:/127.0.0.1:62239 - R:/127.0.0.1:4723] for POST '/wd/hub/session/36bc8bff-081a-47b5-a88f-00c1840d3fb7/element/00000000-0000-057b-0000-002400000003/click'
10:03:04.195 [AsyncHttpClient-1-2] DEBUG org.asynchttpclient.netty.handler.HttpHandler - 

Request DefaultHttpRequest(decodeResult: success, version: HTTP/1.1)
POST /wd/hub/session/36bc8bff-081a-47b5-a88f-00c1840d3fb7/element/00000000-0000-057b-0000-002400000003/click HTTP/1.1
User-Agent: appium/8.3.0 (selenium/4.8.1 (java windows))
Content-Length: 50
Content-Type: application/json; charset=utf-8
host: 0.0.0.0:4723
accept: */*

Response DefaultHttpResponse(decodeResult: success, version: HTTP/1.1)
HTTP/1.1 200 OK
X-Powered-By: Express
Vary: X-HTTP-Method-Override
Content-Type: application/json; charset=utf-8
Content-Length: 14
ETag: W/"e-9/1BuKMgFObM1mWJm+YjxtXJnUM"
Date: Sat, 06 May 2023 03:03:04 GMT
Connection: keep-alive
Keep-Alive: timeout=600

10:03:04.195 [AsyncHttpClient-1-2] DEBUG org.asynchttpclient.netty.channel.ChannelManager - Adding key: http://0.0.0.0:4723 for channel [id: 0xac19b5dd, L:/127.0.0.1:62239 - R:/127.0.0.1:4723]
10:03:04.200 [Forwarding findElement on session 36bc8bff-081a-47b5-a88f-00c1840d3fb7 to remote] DEBUG org.asynchttpclient.netty.request.NettyRequestSender - Using pooled Channel '[id: 0xac19b5dd, L:/127.0.0.1:62239 - R:/127.0.0.1:4723]' for 'POST' to 'http://0.0.0.0:4723/wd/hub/session/36bc8bff-081a-47b5-a88f-00c1840d3fb7/element'
10:03:04.200 [Forwarding findElement on session 36bc8bff-081a-47b5-a88f-00c1840d3fb7 to remote] DEBUG org.asynchttpclient.netty.request.NettyRequestSender - Using open Channel [id: 0xac19b5dd, L:/127.0.0.1:62239 - R:/127.0.0.1:4723] for POST '/wd/hub/session/36bc8bff-081a-47b5-a88f-00c1840d3fb7/element'
10:03:04.889 [AsyncHttpClient-1-2] DEBUG org.asynchttpclient.netty.handler.HttpHandler - 

Request DefaultHttpRequest(decodeResult: success, version: HTTP/1.1)
POST /wd/hub/session/36bc8bff-081a-47b5-a88f-00c1840d3fb7/element HTTP/1.1
User-Agent: appium/8.3.0 (selenium/4.8.1 (java windows))
Content-Length: 305
Content-Type: application/json; charset=utf-8
host: 0.0.0.0:4723
accept: */*

Response DefaultHttpResponse(decodeResult: success, version: HTTP/1.1)
HTTP/1.1 200 OK
X-Powered-By: Express
Vary: X-HTTP-Method-Override
Content-Type: application/json; charset=utf-8
Content-Length: 137
ETag: W/"89-Dlsd+eiy0KjWwJh+nL7cddeAvuU"
Date: Sat, 06 May 2023 03:03:04 GMT
Connection: keep-alive
Keep-Alive: timeout=600

10:03:04.889 [AsyncHttpClient-1-2] DEBUG org.asynchttpclient.netty.channel.ChannelManager - Adding key: http://0.0.0.0:4723 for channel [id: 0xac19b5dd, L:/127.0.0.1:62239 - R:/127.0.0.1:4723]
10:03:04.891 [Forwarding sendKeysToElement on session 36bc8bff-081a-47b5-a88f-00c1840d3fb7 to remote] DEBUG org.asynchttpclient.netty.request.NettyRequestSender - Using pooled Channel '[id: 0xac19b5dd, L:/127.0.0.1:62239 - R:/127.0.0.1:4723]' for 'POST' to 'http://0.0.0.0:4723/wd/hub/session/36bc8bff-081a-47b5-a88f-00c1840d3fb7/element/00000000-0000-057b-0000-002400000003/value'
10:03:04.891 [Forwarding sendKeysToElement on session 36bc8bff-081a-47b5-a88f-00c1840d3fb7 to remote] DEBUG org.asynchttpclient.netty.request.NettyRequestSender - Using open Channel [id: 0xac19b5dd, L:/127.0.0.1:62239 - R:/127.0.0.1:4723] for POST '/wd/hub/session/36bc8bff-081a-47b5-a88f-00c1840d3fb7/element/00000000-0000-057b-0000-002400000003/value'
10:03:04.931 [AsyncHttpClient-1-2] DEBUG org.asynchttpclient.netty.handler.HttpHandler - 

Request DefaultHttpRequest(decodeResult: success, version: HTTP/1.1)
POST /wd/hub/session/36bc8bff-081a-47b5-a88f-00c1840d3fb7/element/00000000-0000-057b-0000-002400000003/value HTTP/1.1
User-Agent: appium/8.3.0 (selenium/4.8.1 (java windows))
Content-Length: 82
Content-Type: application/json; charset=utf-8
host: 0.0.0.0:4723
accept: */*

Response DefaultHttpResponse(decodeResult: success, version: HTTP/1.1)
HTTP/1.1 200 OK
X-Powered-By: Express
Vary: X-HTTP-Method-Override
Content-Type: application/json; charset=utf-8
Content-Length: 14
ETag: W/"e-9/1BuKMgFObM1mWJm+YjxtXJnUM"
Date: Sat, 06 May 2023 03:03:04 GMT
Connection: keep-alive
Keep-Alive: timeout=600

10:03:04.931 [AsyncHttpClient-1-2] DEBUG org.asynchttpclient.netty.channel.ChannelManager - Adding key: http://0.0.0.0:4723 for channel [id: 0xac19b5dd, L:/127.0.0.1:62239 - R:/127.0.0.1:4723]
10:03:04.932 [main] DEBUG net.thucydides.core.steps.StepInterceptor - STEP DONE: inputPassword
]]></system-out>
  </testcase>
  <testcase name="user click login button again for login feature" classname="user tidak bisa login karena tidak menginput password di field password" time="0.731">
    <system-out><![CDATA[10:03:04.940 [main] DEBUG net.thucydides.core.steps.StepInterceptor - STARTING STEP: LoginSteps.userClickLoginButtonAgainForLoginFeature - clickButtonLoginSecond
10:03:04.942 [Forwarding findElement on session 36bc8bff-081a-47b5-a88f-00c1840d3fb7 to remote] DEBUG org.asynchttpclient.netty.request.NettyRequestSender - Using pooled Channel '[id: 0xac19b5dd, L:/127.0.0.1:62239 - R:/127.0.0.1:4723]' for 'POST' to 'http://0.0.0.0:4723/wd/hub/session/36bc8bff-081a-47b5-a88f-00c1840d3fb7/element'
10:03:04.942 [Forwarding findElement on session 36bc8bff-081a-47b5-a88f-00c1840d3fb7 to remote] DEBUG org.asynchttpclient.netty.request.NettyRequestSender - Using open Channel [id: 0xac19b5dd, L:/127.0.0.1:62239 - R:/127.0.0.1:4723] for POST '/wd/hub/session/36bc8bff-081a-47b5-a88f-00c1840d3fb7/element'
10:03:05.031 [AsyncHttpClient-1-2] DEBUG org.asynchttpclient.netty.handler.HttpHandler - 

Request DefaultHttpRequest(decodeResult: success, version: HTTP/1.1)
POST /wd/hub/session/36bc8bff-081a-47b5-a88f-00c1840d3fb7/element HTTP/1.1
User-Agent: appium/8.3.0 (selenium/4.8.1 (java windows))
Content-Length: 95
Content-Type: application/json; charset=utf-8
host: 0.0.0.0:4723
accept: */*

Response DefaultHttpResponse(decodeResult: success, version: HTTP/1.1)
HTTP/1.1 200 OK
X-Powered-By: Express
Vary: X-HTTP-Method-Override
Content-Type: application/json; charset=utf-8
Content-Length: 137
ETag: W/"89-jWW72my8zFH9wJ4smgjjg9DbfQE"
Date: Sat, 06 May 2023 03:03:05 GMT
Connection: keep-alive
Keep-Alive: timeout=600

10:03:05.031 [AsyncHttpClient-1-2] DEBUG org.asynchttpclient.netty.channel.ChannelManager - Adding key: http://0.0.0.0:4723 for channel [id: 0xac19b5dd, L:/127.0.0.1:62239 - R:/127.0.0.1:4723]
10:03:05.033 [Forwarding isElementDisplayed on session 36bc8bff-081a-47b5-a88f-00c1840d3fb7 to remote] DEBUG org.asynchttpclient.netty.request.NettyRequestSender - Using pooled Channel '[id: 0xac19b5dd, L:/127.0.0.1:62239 - R:/127.0.0.1:4723]' for 'GET' to 'http://0.0.0.0:4723/wd/hub/session/36bc8bff-081a-47b5-a88f-00c1840d3fb7/element/00000000-0000-057b-0000-002500000003/displayed'
10:03:05.033 [Forwarding isElementDisplayed on session 36bc8bff-081a-47b5-a88f-00c1840d3fb7 to remote] DEBUG org.asynchttpclient.netty.request.NettyRequestSender - Using open Channel [id: 0xac19b5dd, L:/127.0.0.1:62239 - R:/127.0.0.1:4723] for GET '/wd/hub/session/36bc8bff-081a-47b5-a88f-00c1840d3fb7/element/00000000-0000-057b-0000-002500000003/displayed'
10:03:05.062 [AsyncHttpClient-1-2] DEBUG org.asynchttpclient.netty.handler.HttpHandler - 

Request DefaultFullHttpRequest(decodeResult: success, version: HTTP/1.1, content: EmptyByteBufBE)
GET /wd/hub/session/36bc8bff-081a-47b5-a88f-00c1840d3fb7/element/00000000-0000-057b-0000-002500000003/displayed HTTP/1.1
User-Agent: appium/8.3.0 (selenium/4.8.1 (java windows))
Cache-Control: no-cache
Content-Type: application/json; charset=utf-8
host: 0.0.0.0:4723
accept: */*

Response DefaultHttpResponse(decodeResult: success, version: HTTP/1.1)
HTTP/1.1 200 OK
X-Powered-By: Express
Content-Type: application/json; charset=utf-8
Content-Length: 14
ETag: W/"e-2ZHvAWebNQpyjGZTg6uyV8/spTo"
Date: Sat, 06 May 2023 03:03:05 GMT
Connection: keep-alive
Keep-Alive: timeout=600

10:03:05.062 [AsyncHttpClient-1-2] DEBUG org.asynchttpclient.netty.channel.ChannelManager - Adding key: http://0.0.0.0:4723 for channel [id: 0xac19b5dd, L:/127.0.0.1:62239 - R:/127.0.0.1:4723]
10:03:05.063 [Forwarding isElementEnabled on session 36bc8bff-081a-47b5-a88f-00c1840d3fb7 to remote] DEBUG org.asynchttpclient.netty.request.NettyRequestSender - Using pooled Channel '[id: 0xac19b5dd, L:/127.0.0.1:62239 - R:/127.0.0.1:4723]' for 'GET' to 'http://0.0.0.0:4723/wd/hub/session/36bc8bff-081a-47b5-a88f-00c1840d3fb7/element/00000000-0000-057b-0000-002500000003/enabled'
10:03:05.063 [Forwarding isElementEnabled on session 36bc8bff-081a-47b5-a88f-00c1840d3fb7 to remote] DEBUG org.asynchttpclient.netty.request.NettyRequestSender - Using open Channel [id: 0xac19b5dd, L:/127.0.0.1:62239 - R:/127.0.0.1:4723] for GET '/wd/hub/session/36bc8bff-081a-47b5-a88f-00c1840d3fb7/element/00000000-0000-057b-0000-002500000003/enabled'
10:03:05.084 [AsyncHttpClient-1-2] DEBUG org.asynchttpclient.netty.handler.HttpHandler - 

Request DefaultFullHttpRequest(decodeResult: success, version: HTTP/1.1, content: EmptyByteBufBE)
GET /wd/hub/session/36bc8bff-081a-47b5-a88f-00c1840d3fb7/element/00000000-0000-057b-0000-002500000003/enabled HTTP/1.1
User-Agent: appium/8.3.0 (selenium/4.8.1 (java windows))
Cache-Control: no-cache
Content-Type: application/json; charset=utf-8
host: 0.0.0.0:4723
accept: */*

Response DefaultHttpResponse(decodeResult: success, version: HTTP/1.1)
HTTP/1.1 200 OK
X-Powered-By: Express
Content-Type: application/json; charset=utf-8
Content-Length: 14
ETag: W/"e-2ZHvAWebNQpyjGZTg6uyV8/spTo"
Date: Sat, 06 May 2023 03:03:05 GMT
Connection: keep-alive
Keep-Alive: timeout=600

10:03:05.084 [AsyncHttpClient-1-2] DEBUG org.asynchttpclient.netty.channel.ChannelManager - Adding key: http://0.0.0.0:4723 for channel [id: 0xac19b5dd, L:/127.0.0.1:62239 - R:/127.0.0.1:4723]
10:03:05.087 [Forwarding clickElement on session 36bc8bff-081a-47b5-a88f-00c1840d3fb7 to remote] DEBUG org.asynchttpclient.netty.request.NettyRequestSender - Using pooled Channel '[id: 0xac19b5dd, L:/127.0.0.1:62239 - R:/127.0.0.1:4723]' for 'POST' to 'http://0.0.0.0:4723/wd/hub/session/36bc8bff-081a-47b5-a88f-00c1840d3fb7/element/00000000-0000-057b-0000-002500000003/click'
10:03:05.088 [Forwarding clickElement on session 36bc8bff-081a-47b5-a88f-00c1840d3fb7 to remote] DEBUG org.asynchttpclient.netty.request.NettyRequestSender - Using open Channel [id: 0xac19b5dd, L:/127.0.0.1:62239 - R:/127.0.0.1:4723] for POST '/wd/hub/session/36bc8bff-081a-47b5-a88f-00c1840d3fb7/element/00000000-0000-057b-0000-002500000003/click'
10:03:05.663 [AsyncHttpClient-1-2] DEBUG org.asynchttpclient.netty.handler.HttpHandler - 

Request DefaultHttpRequest(decodeResult: success, version: HTTP/1.1)
POST /wd/hub/session/36bc8bff-081a-47b5-a88f-00c1840d3fb7/element/00000000-0000-057b-0000-002500000003/click HTTP/1.1
User-Agent: appium/8.3.0 (selenium/4.8.1 (java windows))
Content-Length: 50
Content-Type: application/json; charset=utf-8
host: 0.0.0.0:4723
accept: */*

Response DefaultHttpResponse(decodeResult: success, version: HTTP/1.1)
HTTP/1.1 200 OK
X-Powered-By: Express
Vary: X-HTTP-Method-Override
Content-Type: application/json; charset=utf-8
Content-Length: 14
ETag: W/"e-9/1BuKMgFObM1mWJm+YjxtXJnUM"
Date: Sat, 06 May 2023 03:03:05 GMT
Connection: keep-alive
Keep-Alive: timeout=600

10:03:05.663 [AsyncHttpClient-1-2] DEBUG org.asynchttpclient.netty.channel.ChannelManager - Adding key: http://0.0.0.0:4723 for channel [id: 0xac19b5dd, L:/127.0.0.1:62239 - R:/127.0.0.1:4723]
10:03:05.664 [main] DEBUG net.thucydides.core.steps.StepInterceptor - STEP DONE: clickButtonLoginSecond
]]></system-out>
  </testcase>
  <testcase name="user see error message password required &quot;Password can not empty&quot;" classname="user tidak bisa login karena tidak menginput password di field password" time="0.135">
    <system-out><![CDATA[10:03:05.670 [AsyncHttpClient-1-1] DEBUG org.asynchttpclient.netty.channel.DefaultChannelPool - Entry count for : http://0.0.0.0:4723 : 1
10:03:05.673 [main] DEBUG net.thucydides.core.steps.StepInterceptor - STARTING STEP: LoginSteps.userSeeErrorMessagePasswordRequired - getMessagePasswordEmpty
10:03:05.674 [Forwarding findElement on session 36bc8bff-081a-47b5-a88f-00c1840d3fb7 to remote] DEBUG org.asynchttpclient.netty.request.NettyRequestSender - Using pooled Channel '[id: 0xac19b5dd, L:/127.0.0.1:62239 - R:/127.0.0.1:4723]' for 'POST' to 'http://0.0.0.0:4723/wd/hub/session/36bc8bff-081a-47b5-a88f-00c1840d3fb7/element'
10:03:05.674 [Forwarding findElement on session 36bc8bff-081a-47b5-a88f-00c1840d3fb7 to remote] DEBUG org.asynchttpclient.netty.request.NettyRequestSender - Using open Channel [id: 0xac19b5dd, L:/127.0.0.1:62239 - R:/127.0.0.1:4723] for POST '/wd/hub/session/36bc8bff-081a-47b5-a88f-00c1840d3fb7/element'
10:03:05.756 [AsyncHttpClient-1-2] DEBUG org.asynchttpclient.netty.handler.HttpHandler - 

Request DefaultHttpRequest(decodeResult: success, version: HTTP/1.1)
POST /wd/hub/session/36bc8bff-081a-47b5-a88f-00c1840d3fb7/element HTTP/1.1
User-Agent: appium/8.3.0 (selenium/4.8.1 (java windows))
Content-Length: 108
Content-Type: application/json; charset=utf-8
host: 0.0.0.0:4723
accept: */*

Response DefaultHttpResponse(decodeResult: success, version: HTTP/1.1)
HTTP/1.1 200 OK
X-Powered-By: Express
Vary: X-HTTP-Method-Override
Content-Type: application/json; charset=utf-8
Content-Length: 137
ETag: W/"89-Z7x1c1d0hU9i32P3/z1/aUEOQcY"
Date: Sat, 06 May 2023 03:03:05 GMT
Connection: keep-alive
Keep-Alive: timeout=600

10:03:05.756 [AsyncHttpClient-1-2] DEBUG org.asynchttpclient.netty.channel.ChannelManager - Adding key: http://0.0.0.0:4723 for channel [id: 0xac19b5dd, L:/127.0.0.1:62239 - R:/127.0.0.1:4723]
10:03:05.757 [Forwarding isElementDisplayed on session 36bc8bff-081a-47b5-a88f-00c1840d3fb7 to remote] DEBUG org.asynchttpclient.netty.request.NettyRequestSender - Using pooled Channel '[id: 0xac19b5dd, L:/127.0.0.1:62239 - R:/127.0.0.1:4723]' for 'GET' to 'http://0.0.0.0:4723/wd/hub/session/36bc8bff-081a-47b5-a88f-00c1840d3fb7/element/00000000-0000-057b-0000-002b00000003/displayed'
10:03:05.757 [Forwarding isElementDisplayed on session 36bc8bff-081a-47b5-a88f-00c1840d3fb7 to remote] DEBUG org.asynchttpclient.netty.request.NettyRequestSender - Using open Channel [id: 0xac19b5dd, L:/127.0.0.1:62239 - R:/127.0.0.1:4723] for GET '/wd/hub/session/36bc8bff-081a-47b5-a88f-00c1840d3fb7/element/00000000-0000-057b-0000-002b00000003/displayed'
10:03:05.776 [AsyncHttpClient-1-2] DEBUG org.asynchttpclient.netty.handler.HttpHandler - 

Request DefaultFullHttpRequest(decodeResult: success, version: HTTP/1.1, content: EmptyByteBufBE)
GET /wd/hub/session/36bc8bff-081a-47b5-a88f-00c1840d3fb7/element/00000000-0000-057b-0000-002b00000003/displayed HTTP/1.1
User-Agent: appium/8.3.0 (selenium/4.8.1 (java windows))
Cache-Control: no-cache
Content-Type: application/json; charset=utf-8
host: 0.0.0.0:4723
accept: */*

Response DefaultHttpResponse(decodeResult: success, version: HTTP/1.1)
HTTP/1.1 200 OK
X-Powered-By: Express
Content-Type: application/json; charset=utf-8
Content-Length: 14
ETag: W/"e-2ZHvAWebNQpyjGZTg6uyV8/spTo"
Date: Sat, 06 May 2023 03:03:05 GMT
Connection: keep-alive
Keep-Alive: timeout=600

10:03:05.777 [AsyncHttpClient-1-2] DEBUG org.asynchttpclient.netty.channel.ChannelManager - Adding key: http://0.0.0.0:4723 for channel [id: 0xac19b5dd, L:/127.0.0.1:62239 - R:/127.0.0.1:4723]
10:03:05.778 [Forwarding getElementText on session 36bc8bff-081a-47b5-a88f-00c1840d3fb7 to remote] DEBUG org.asynchttpclient.netty.request.NettyRequestSender - Using pooled Channel '[id: 0xac19b5dd, L:/127.0.0.1:62239 - R:/127.0.0.1:4723]' for 'GET' to 'http://0.0.0.0:4723/wd/hub/session/36bc8bff-081a-47b5-a88f-00c1840d3fb7/element/00000000-0000-057b-0000-002b00000003/text'
10:03:05.778 [Forwarding getElementText on session 36bc8bff-081a-47b5-a88f-00c1840d3fb7 to remote] DEBUG org.asynchttpclient.netty.request.NettyRequestSender - Using open Channel [id: 0xac19b5dd, L:/127.0.0.1:62239 - R:/127.0.0.1:4723] for GET '/wd/hub/session/36bc8bff-081a-47b5-a88f-00c1840d3fb7/element/00000000-0000-057b-0000-002b00000003/text'
10:03:05.801 [AsyncHttpClient-1-2] DEBUG org.asynchttpclient.netty.handler.HttpHandler - 

Request DefaultFullHttpRequest(decodeResult: success, version: HTTP/1.1, content: EmptyByteBufBE)
GET /wd/hub/session/36bc8bff-081a-47b5-a88f-00c1840d3fb7/element/00000000-0000-057b-0000-002b00000003/text HTTP/1.1
User-Agent: appium/8.3.0 (selenium/4.8.1 (java windows))
Cache-Control: no-cache
Content-Type: application/json; charset=utf-8
host: 0.0.0.0:4723
accept: */*

Response DefaultHttpResponse(decodeResult: success, version: HTTP/1.1)
HTTP/1.1 200 OK
X-Powered-By: Express
Content-Type: application/json; charset=utf-8
Content-Length: 63
ETag: W/"3f-YBH8gCTZxqpOij15JFSYto9ndC8"
Date: Sat, 06 May 2023 03:03:05 GMT
Connection: keep-alive
Keep-Alive: timeout=600

10:03:05.802 [AsyncHttpClient-1-2] DEBUG org.asynchttpclient.netty.channel.ChannelManager - Adding key: http://0.0.0.0:4723 for channel [id: 0xac19b5dd, L:/127.0.0.1:62239 - R:/127.0.0.1:4723]
10:03:05.803 [main] DEBUG net.thucydides.core.steps.StepInterceptor - STEP DONE: getMessagePasswordEmpty
]]></system-out>
  </testcase>
</testsuite>